[inst #1] addi $5,$0,8
Register Write to Reg: 0x05 Val: 0x00000008
[inst #2] sll $5,$5,2
Register Write to Reg: 0x05 Val: 0x00000020
[inst #3] lui $1,4097
Register Write to Reg: 0x01 Val: 0x10010000
[inst #4] ori $4,$1,0
Register Write to Reg: 0x04 Val: 0x10010000
[inst #5] addiu $10,$0,9
Register Write to Reg: 0x0A Val: 0x00000009
[inst #6] sw $10,0($4)
Memory Write to Addr: 0x10010000 Val: 0x00000009
[inst #7] addiu $11,$0,3
Register Write to Reg: 0x0B Val: 0x00000003
[inst #8] sw $11,4($4)
Memory Write to Addr: 0x10010004 Val: 0x00000003
[inst #9] addiu $12,$0,7
Register Write to Reg: 0x0C Val: 0x00000007
[inst #10] sw $12,8($4)
Memory Write to Addr: 0x10010008 Val: 0x00000007
[inst #11] addiu $13,$0,1
Register Write to Reg: 0x0D Val: 0x00000001
[inst #12] sw $13,12($4)
Memory Write to Addr: 0x1001000C Val: 0x00000001
[inst #13] addiu $14,$0,8
Register Write to Reg: 0x0E Val: 0x00000008
[inst #14] sw $14,16($4)
Memory Write to Addr: 0x10010010 Val: 0x00000008
[inst #15] addiu $15,$0,5
Register Write to Reg: 0x0F Val: 0x00000005
[inst #16] sw $15,20($4)
Memory Write to Addr: 0x10010014 Val: 0x00000005
[inst #17] addiu $10,$0,4
Register Write to Reg: 0x0A Val: 0x00000004
[inst #18] sw $10,24($4)
Memory Write to Addr: 0x10010018 Val: 0x00000004
[inst #19] addiu $11,$0,2
Register Write to Reg: 0x0B Val: 0x00000002
[inst #20] sw $11,28($4)
Memory Write to Addr: 0x1001001C Val: 0x00000002
[inst #21] jal 4194392
Register Write to Reg: 0x1F Val: 0x00400054
[inst #22] addi $10,$0,4
Register Write to Reg: 0x0A Val: 0x00000004
[inst #23] beq $5,$10,59
[inst #24] srl $5,$5,1
Register Write to Reg: 0x05 Val: 0x00000010
[inst #25] addi $29,$29,-16
Register Write to Reg: 0x1D Val: 0x7FFFEFEC
[inst #26] sw $31,0($29)
Memory Write to Addr: 0x7FFFEFEC Val: 0x00400054
[inst #27] sw $4,8($29)
Memory Write to Addr: 0x7FFFEFF4 Val: 0x10010000
[inst #28] sw $5,4($29)
Memory Write to Addr: 0x7FFFEFF0 Val: 0x00000010
[inst #29] jal 4194392
Register Write to Reg: 0x1F Val: 0x00400078
[inst #30] addi $10,$0,4
Register Write to Reg: 0x0A Val: 0x00000004
[inst #31] beq $5,$10,59
[inst #32] srl $5,$5,1
Register Write to Reg: 0x05 Val: 0x00000008
[inst #33] addi $29,$29,-16
Register Write to Reg: 0x1D Val: 0x7FFFEFDC
[inst #34] sw $31,0($29)
Memory Write to Addr: 0x7FFFEFDC Val: 0x00400078
[inst #35] sw $4,8($29)
Memory Write to Addr: 0x7FFFEFE4 Val: 0x10010000
[inst #36] sw $5,4($29)
Memory Write to Addr: 0x7FFFEFE0 Val: 0x00000008
[inst #37] jal 4194392
Register Write to Reg: 0x1F Val: 0x00400078
[inst #38] addi $10,$0,4
Register Write to Reg: 0x0A Val: 0x00000004
[inst #39] beq $5,$10,59
[inst #40] srl $5,$5,1
Register Write to Reg: 0x05 Val: 0x00000004
[inst #41] addi $29,$29,-16
Register Write to Reg: 0x1D Val: 0x7FFFEFCC
[inst #42] sw $31,0($29)
Memory Write to Addr: 0x7FFFEFCC Val: 0x00400078
[inst #43] sw $4,8($29)
Memory Write to Addr: 0x7FFFEFD4 Val: 0x10010000
[inst #44] sw $5,4($29)
Memory Write to Addr: 0x7FFFEFD0 Val: 0x00000004
[inst #45] jal 4194392
Register Write to Reg: 0x1F Val: 0x00400078
[inst #46] addi $10,$0,4
Register Write to Reg: 0x0A Val: 0x00000004
[inst #47] beq $5,$10,59
[inst #48] jr $31
[inst #49] lw $4,8($29)
Register Write to Reg: 0x04 Val: 0x10010000
[inst #50] lw $5,4($29)
Register Write to Reg: 0x05 Val: 0x00000004
[inst #51] add $4,$4,$5
Register Write to Reg: 0x04 Val: 0x10010004
[inst #52] jal 4194392
Register Write to Reg: 0x1F Val: 0x00400088
[inst #53] addi $10,$0,4
Register Write to Reg: 0x0A Val: 0x00000004
[inst #54] beq $5,$10,59
[inst #55] jr $31
[inst #56] lw $4,8($29)
Register Write to Reg: 0x04 Val: 0x10010000
[inst #57] lw $5,4($29)
Register Write to Reg: 0x05 Val: 0x00000004
[inst #58] add $13,$4,$5
Register Write to Reg: 0x0D Val: 0x10010004
[inst #59] addi $9,$0,0
Register Write to Reg: 0x09 Val: 0x00000000
[inst #60] addi $10,$0,0
Register Write to Reg: 0x0A Val: 0x00000000
[inst #61] lui $1,4097
Register Write to Reg: 0x01 Val: 0x10010000
[inst #62] ori $1,$1,256
Register Write to Reg: 0x01 Val: 0x10010100
[inst #63] add $8,$0,$1
Register Write to Reg: 0x08 Val: 0x10010100
[inst #64] addi $15,$8,0
Register Write to Reg: 0x0F Val: 0x10010100
[inst #65] add $14,$4,$9
Register Write to Reg: 0x0E Val: 0x10010000
[inst #66] lw $11,0($14)
Register Write to Reg: 0x0B Val: 0x00000009
[inst #67] add $14,$13,$10
Register Write to Reg: 0x0E Val: 0x10010004
[inst #68] lw $12,0($14)
Register Write to Reg: 0x0C Val: 0x00000003
[inst #69] slt $1,$11,$12
Register Write to Reg: 0x01 Val: 0x00000000
[inst #70] beq $1,$0,4
[inst #71] sw $12,0($15)
Memory Write to Addr: 0x10010100 Val: 0x00000003
[inst #72] addi $10,$10,4
Register Write to Reg: 0x0A Val: 0x00000004
[inst #73] addi $15,$15,4
Register Write to Reg: 0x0F Val: 0x10010104
[inst #74] beq $5,$9,9
[inst #75] beq $5,$10,1
[inst #76] add $14,$4,$9
Register Write to Reg: 0x0E Val: 0x10010000
[inst #77] lw $11,0($14)
Register Write to Reg: 0x0B Val: 0x00000009
[inst #78] sw $11,0($15)
Memory Write to Addr: 0x10010104 Val: 0x00000009
[inst #79] addi $9,$9,4
Register Write to Reg: 0x09 Val: 0x00000004
[inst #80] addi $15,$15,4
Register Write to Reg: 0x0F Val: 0x10010108
[inst #81] bne $5,$9,-6
[inst #82] j 4194592
[inst #83] sll $5,$5,1
Register Write to Reg: 0x05 Val: 0x00000008
[inst #84] addi $10,$4,0
Register Write to Reg: 0x0A Val: 0x10010000
[inst #85] addi $11,$0,0
Register Write to Reg: 0x0B Val: 0x00000000
[inst #86] lw $9,0($8)
Register Write to Reg: 0x09 Val: 0x00000003
[inst #87] sw $9,0($10)
Memory Write to Addr: 0x10010000 Val: 0x00000003
[inst #88] addi $8,$8,4
Register Write to Reg: 0x08 Val: 0x10010104
[inst #89] addi $10,$10,4
Register Write to Reg: 0x0A Val: 0x10010004
[inst #90] addi $11,$11,4
Register Write to Reg: 0x0B Val: 0x00000004
[inst #91] bne $11,$5,-6
[inst #92] lw $9,0($8)
Register Write to Reg: 0x09 Val: 0x00000009
[inst #93] sw $9,0($10)
Memory Write to Addr: 0x10010004 Val: 0x00000009
[inst #94] addi $8,$8,4
Register Write to Reg: 0x08 Val: 0x10010108
[inst #95] addi $10,$10,4
Register Write to Reg: 0x0A Val: 0x10010008
[inst #96] addi $11,$11,4
Register Write to Reg: 0x0B Val: 0x00000008
[inst #97] bne $11,$5,-6
[inst #98] lw $31,0($29)
Register Write to Reg: 0x1F Val: 0x00400078
[inst #99] addi $29,$29,16
Register Write to Reg: 0x1D Val: 0x7FFFEFDC
[inst #100] jr $31
[inst #101] lw $4,8($29)
Register Write to Reg: 0x04 Val: 0x10010000
[inst #102] lw $5,4($29)
Register Write to Reg: 0x05 Val: 0x00000008
[inst #103] add $4,$4,$5
Register Write to Reg: 0x04 Val: 0x10010008
[inst #104] jal 4194392
Register Write to Reg: 0x1F Val: 0x00400088
[inst #105] addi $10,$0,4
Register Write to Reg: 0x0A Val: 0x00000004
[inst #106] beq $5,$10,59
[inst #107] srl $5,$5,1
Register Write to Reg: 0x05 Val: 0x00000004
[inst #108] addi $29,$29,-16
Register Write to Reg: 0x1D Val: 0x7FFFEFCC
[inst #109] sw $31,0($29)
Memory Write to Addr: 0x7FFFEFCC Val: 0x00400088
[inst #110] sw $4,8($29)
Memory Write to Addr: 0x7FFFEFD4 Val: 0x10010008
[inst #111] sw $5,4($29)
Memory Write to Addr: 0x7FFFEFD0 Val: 0x00000004
[inst #112] jal 4194392
Register Write to Reg: 0x1F Val: 0x00400078
[inst #113] addi $10,$0,4
Register Write to Reg: 0x0A Val: 0x00000004
[inst #114] beq $5,$10,59
[inst #115] jr $31
[inst #116] lw $4,8($29)
Register Write to Reg: 0x04 Val: 0x10010008
[inst #117] lw $5,4($29)
Register Write to Reg: 0x05 Val: 0x00000004
[inst #118] add $4,$4,$5
Register Write to Reg: 0x04 Val: 0x1001000C
[inst #119] jal 4194392
Register Write to Reg: 0x1F Val: 0x00400088
[inst #120] addi $10,$0,4
Register Write to Reg: 0x0A Val: 0x00000004
[inst #121] beq $5,$10,59
[inst #122] jr $31
[inst #123] lw $4,8($29)
Register Write to Reg: 0x04 Val: 0x10010008
[inst #124] lw $5,4($29)
Register Write to Reg: 0x05 Val: 0x00000004
[inst #125] add $13,$4,$5
Register Write to Reg: 0x0D Val: 0x1001000C
[inst #126] addi $9,$0,0
Register Write to Reg: 0x09 Val: 0x00000000
[inst #127] addi $10,$0,0
Register Write to Reg: 0x0A Val: 0x00000000
[inst #128] lui $1,4097
Register Write to Reg: 0x01 Val: 0x10010000
[inst #129] ori $1,$1,256
Register Write to Reg: 0x01 Val: 0x10010100
[inst #130] add $8,$0,$1
Register Write to Reg: 0x08 Val: 0x10010100
[inst #131] addi $15,$8,0
Register Write to Reg: 0x0F Val: 0x10010100
[inst #132] add $14,$4,$9
Register Write to Reg: 0x0E Val: 0x10010008
[inst #133] lw $11,0($14)
Register Write to Reg: 0x0B Val: 0x00000007
[inst #134] add $14,$13,$10
Register Write to Reg: 0x0E Val: 0x1001000C
[inst #135] lw $12,0($14)
Register Write to Reg: 0x0C Val: 0x00000001
[inst #136] slt $1,$11,$12
Register Write to Reg: 0x01 Val: 0x00000000
[inst #137] beq $1,$0,4
[inst #138] sw $12,0($15)
Memory Write to Addr: 0x10010100 Val: 0x00000001
[inst #139] addi $10,$10,4
Register Write to Reg: 0x0A Val: 0x00000004
[inst #140] addi $15,$15,4
Register Write to Reg: 0x0F Val: 0x10010104
[inst #141] beq $5,$9,9
[inst #142] beq $5,$10,1
[inst #143] add $14,$4,$9
Register Write to Reg: 0x0E Val: 0x10010008
[inst #144] lw $11,0($14)
Register Write to Reg: 0x0B Val: 0x00000007
[inst #145] sw $11,0($15)
Memory Write to Addr: 0x10010104 Val: 0x00000007
[inst #146] addi $9,$9,4
Register Write to Reg: 0x09 Val: 0x00000004
[inst #147] addi $15,$15,4
Register Write to Reg: 0x0F Val: 0x10010108
[inst #148] bne $5,$9,-6
[inst #149] j 4194592
[inst #150] sll $5,$5,1
Register Write to Reg: 0x05 Val: 0x00000008
[inst #151] addi $10,$4,0
Register Write to Reg: 0x0A Val: 0x10010008
[inst #152] addi $11,$0,0
Register Write to Reg: 0x0B Val: 0x00000000
[inst #153] lw $9,0($8)
Register Write to Reg: 0x09 Val: 0x00000001
[inst #154] sw $9,0($10)
Memory Write to Addr: 0x10010008 Val: 0x00000001
[inst #155] addi $8,$8,4
Register Write to Reg: 0x08 Val: 0x10010104
[inst #156] addi $10,$10,4
Register Write to Reg: 0x0A Val: 0x1001000C
[inst #157] addi $11,$11,4
Register Write to Reg: 0x0B Val: 0x00000004
[inst #158] bne $11,$5,-6
[inst #159] lw $9,0($8)
Register Write to Reg: 0x09 Val: 0x00000007
[inst #160] sw $9,0($10)
Memory Write to Addr: 0x1001000C Val: 0x00000007
[inst #161] addi $8,$8,4
Register Write to Reg: 0x08 Val: 0x10010108
[inst #162] addi $10,$10,4
Register Write to Reg: 0x0A Val: 0x10010010
[inst #163] addi $11,$11,4
Register Write to Reg: 0x0B Val: 0x00000008
[inst #164] bne $11,$5,-6
[inst #165] lw $31,0($29)
Register Write to Reg: 0x1F Val: 0x00400088
[inst #166] addi $29,$29,16
Register Write to Reg: 0x1D Val: 0x7FFFEFDC
[inst #167] jr $31
[inst #168] lw $4,8($29)
Register Write to Reg: 0x04 Val: 0x10010000
[inst #169] lw $5,4($29)
Register Write to Reg: 0x05 Val: 0x00000008
[inst #170] add $13,$4,$5
Register Write to Reg: 0x0D Val: 0x10010008
[inst #171] addi $9,$0,0
Register Write to Reg: 0x09 Val: 0x00000000
[inst #172] addi $10,$0,0
Register Write to Reg: 0x0A Val: 0x00000000
[inst #173] lui $1,4097
Register Write to Reg: 0x01 Val: 0x10010000
[inst #174] ori $1,$1,256
Register Write to Reg: 0x01 Val: 0x10010100
[inst #175] add $8,$0,$1
Register Write to Reg: 0x08 Val: 0x10010100
[inst #176] addi $15,$8,0
Register Write to Reg: 0x0F Val: 0x10010100
[inst #177] add $14,$4,$9
Register Write to Reg: 0x0E Val: 0x10010000
[inst #178] lw $11,0($14)
Register Write to Reg: 0x0B Val: 0x00000003
[inst #179] add $14,$13,$10
Register Write to Reg: 0x0E Val: 0x10010008
[inst #180] lw $12,0($14)
Register Write to Reg: 0x0C Val: 0x00000001
[inst #181] slt $1,$11,$12
Register Write to Reg: 0x01 Val: 0x00000000
[inst #182] beq $1,$0,4
[inst #183] sw $12,0($15)
Memory Write to Addr: 0x10010100 Val: 0x00000001
[inst #184] addi $10,$10,4
Register Write to Reg: 0x0A Val: 0x00000004
[inst #185] addi $15,$15,4
Register Write to Reg: 0x0F Val: 0x10010104
[inst #186] beq $5,$9,9
[inst #187] beq $5,$10,1
[inst #188] j 4194476
[inst #189] add $14,$4,$9
Register Write to Reg: 0x0E Val: 0x10010000
[inst #190] lw $11,0($14)
Register Write to Reg: 0x0B Val: 0x00000003
[inst #191] add $14,$13,$10
Register Write to Reg: 0x0E Val: 0x1001000C
[inst #192] lw $12,0($14)
Register Write to Reg: 0x0C Val: 0x00000007
[inst #193] slt $1,$11,$12
Register Write to Reg: 0x01 Val: 0x00000001
[inst #194] beq $1,$0,4
[inst #195] sw $11,0($15)
Memory Write to Addr: 0x10010104 Val: 0x00000003
[inst #196] addi $9,$9,4
Register Write to Reg: 0x09 Val: 0x00000004
[inst #197] addi $15,$15,4
Register Write to Reg: 0x0F Val: 0x10010108
[inst #198] j 4194528
[inst #199] beq $5,$9,9
[inst #200] beq $5,$10,1
[inst #201] j 4194476
[inst #202] add $14,$4,$9
Register Write to Reg: 0x0E Val: 0x10010004
[inst #203] lw $11,0($14)
Register Write to Reg: 0x0B Val: 0x00000009
[inst #204] add $14,$13,$10
Register Write to Reg: 0x0E Val: 0x1001000C
[inst #205] lw $12,0($14)
Register Write to Reg: 0x0C Val: 0x00000007
[inst #206] slt $1,$11,$12
Register Write to Reg: 0x01 Val: 0x00000000
[inst #207] beq $1,$0,4
[inst #208] sw $12,0($15)
Memory Write to Addr: 0x10010108 Val: 0x00000007
[inst #209] addi $10,$10,4
Register Write to Reg: 0x0A Val: 0x00000008
[inst #210] addi $15,$15,4
Register Write to Reg: 0x0F Val: 0x1001010C
[inst #211] beq $5,$9,9
[inst #212] beq $5,$10,1
[inst #213] add $14,$4,$9
Register Write to Reg: 0x0E Val: 0x10010004
[inst #214] lw $11,0($14)
Register Write to Reg: 0x0B Val: 0x00000009
[inst #215] sw $11,0($15)
Memory Write to Addr: 0x1001010C Val: 0x00000009
[inst #216] addi $9,$9,4
Register Write to Reg: 0x09 Val: 0x00000008
[inst #217] addi $15,$15,4
Register Write to Reg: 0x0F Val: 0x10010110
[inst #218] bne $5,$9,-6
[inst #219] j 4194592
[inst #220] sll $5,$5,1
Register Write to Reg: 0x05 Val: 0x00000010
[inst #221] addi $10,$4,0
Register Write to Reg: 0x0A Val: 0x10010000
[inst #222] addi $11,$0,0
Register Write to Reg: 0x0B Val: 0x00000000
[inst #223] lw $9,0($8)
Register Write to Reg: 0x09 Val: 0x00000001
[inst #224] sw $9,0($10)
Memory Write to Addr: 0x10010000 Val: 0x00000001
[inst #225] addi $8,$8,4
Register Write to Reg: 0x08 Val: 0x10010104
[inst #226] addi $10,$10,4
Register Write to Reg: 0x0A Val: 0x10010004
[inst #227] addi $11,$11,4
Register Write to Reg: 0x0B Val: 0x00000004
[inst #228] bne $11,$5,-6
[inst #229] lw $9,0($8)
Register Write to Reg: 0x09 Val: 0x00000003
[inst #230] sw $9,0($10)
Memory Write to Addr: 0x10010004 Val: 0x00000003
[inst #231] addi $8,$8,4
Register Write to Reg: 0x08 Val: 0x10010108
[inst #232] addi $10,$10,4
Register Write to Reg: 0x0A Val: 0x10010008
[inst #233] addi $11,$11,4
Register Write to Reg: 0x0B Val: 0x00000008
[inst #234] bne $11,$5,-6
[inst #235] lw $9,0($8)
Register Write to Reg: 0x09 Val: 0x00000007
[inst #236] sw $9,0($10)
Memory Write to Addr: 0x10010008 Val: 0x00000007
[inst #237] addi $8,$8,4
Register Write to Reg: 0x08 Val: 0x1001010C
[inst #238] addi $10,$10,4
Register Write to Reg: 0x0A Val: 0x1001000C
[inst #239] addi $11,$11,4
Register Write to Reg: 0x0B Val: 0x0000000C
[inst #240] bne $11,$5,-6
[inst #241] lw $9,0($8)
Register Write to Reg: 0x09 Val: 0x00000009
[inst #242] sw $9,0($10)
Memory Write to Addr: 0x1001000C Val: 0x00000009
[inst #243] addi $8,$8,4
Register Write to Reg: 0x08 Val: 0x10010110
[inst #244] addi $10,$10,4
Register Write to Reg: 0x0A Val: 0x10010010
[inst #245] addi $11,$11,4
Register Write to Reg: 0x0B Val: 0x00000010
[inst #246] bne $11,$5,-6
[inst #247] lw $31,0($29)
Register Write to Reg: 0x1F Val: 0x00400078
[inst #248] addi $29,$29,16
Register Write to Reg: 0x1D Val: 0x7FFFEFEC
[inst #249] jr $31
[inst #250] lw $4,8($29)
Register Write to Reg: 0x04 Val: 0x10010000
[inst #251] lw $5,4($29)
Register Write to Reg: 0x05 Val: 0x00000010
[inst #252] add $4,$4,$5
Register Write to Reg: 0x04 Val: 0x10010010
[inst #253] jal 4194392
Register Write to Reg: 0x1F Val: 0x00400088
[inst #254] addi $10,$0,4
Register Write to Reg: 0x0A Val: 0x00000004
[inst #255] beq $5,$10,59
[inst #256] srl $5,$5,1
Register Write to Reg: 0x05 Val: 0x00000008
[inst #257] addi $29,$29,-16
Register Write to Reg: 0x1D Val: 0x7FFFEFDC
[inst #258] sw $31,0($29)
Memory Write to Addr: 0x7FFFEFDC Val: 0x00400088
[inst #259] sw $4,8($29)
Memory Write to Addr: 0x7FFFEFE4 Val: 0x10010010
[inst #260] sw $5,4($29)
Memory Write to Addr: 0x7FFFEFE0 Val: 0x00000008
[inst #261] jal 4194392
Register Write to Reg: 0x1F Val: 0x00400078
[inst #262] addi $10,$0,4
Register Write to Reg: 0x0A Val: 0x00000004
[inst #263] beq $5,$10,59
[inst #264] srl $5,$5,1
Register Write to Reg: 0x05 Val: 0x00000004
[inst #265] addi $29,$29,-16
Register Write to Reg: 0x1D Val: 0x7FFFEFCC
[inst #266] sw $31,0($29)
Memory Write to Addr: 0x7FFFEFCC Val: 0x00400078
[inst #267] sw $4,8($29)
Memory Write to Addr: 0x7FFFEFD4 Val: 0x10010010
[inst #268] sw $5,4($29)
Memory Write to Addr: 0x7FFFEFD0 Val: 0x00000004
[inst #269] jal 4194392
Register Write to Reg: 0x1F Val: 0x00400078
[inst #270] addi $10,$0,4
Register Write to Reg: 0x0A Val: 0x00000004
[inst #271] beq $5,$10,59
[inst #272] jr $31
[inst #273] lw $4,8($29)
Register Write to Reg: 0x04 Val: 0x10010010
[inst #274] lw $5,4($29)
Register Write to Reg: 0x05 Val: 0x00000004
[inst #275] add $4,$4,$5
Register Write to Reg: 0x04 Val: 0x10010014
[inst #276] jal 4194392
Register Write to Reg: 0x1F Val: 0x00400088
[inst #277] addi $10,$0,4
Register Write to Reg: 0x0A Val: 0x00000004
[inst #278] beq $5,$10,59
[inst #279] jr $31
[inst #280] lw $4,8($29)
Register Write to Reg: 0x04 Val: 0x10010010
[inst #281] lw $5,4($29)
Register Write to Reg: 0x05 Val: 0x00000004
[inst #282] add $13,$4,$5
Register Write to Reg: 0x0D Val: 0x10010014
[inst #283] addi $9,$0,0
Register Write to Reg: 0x09 Val: 0x00000000
[inst #284] addi $10,$0,0
Register Write to Reg: 0x0A Val: 0x00000000
[inst #285] lui $1,4097
Register Write to Reg: 0x01 Val: 0x10010000
[inst #286] ori $1,$1,256
Register Write to Reg: 0x01 Val: 0x10010100
[inst #287] add $8,$0,$1
Register Write to Reg: 0x08 Val: 0x10010100
[inst #288] addi $15,$8,0
Register Write to Reg: 0x0F Val: 0x10010100
[inst #289] add $14,$4,$9
Register Write to Reg: 0x0E Val: 0x10010010
[inst #290] lw $11,0($14)
Register Write to Reg: 0x0B Val: 0x00000008
[inst #291] add $14,$13,$10
Register Write to Reg: 0x0E Val: 0x10010014
[inst #292] lw $12,0($14)
Register Write to Reg: 0x0C Val: 0x00000005
[inst #293] slt $1,$11,$12
Register Write to Reg: 0x01 Val: 0x00000000
[inst #294] beq $1,$0,4
[inst #295] sw $12,0($15)
Memory Write to Addr: 0x10010100 Val: 0x00000005
[inst #296] addi $10,$10,4
Register Write to Reg: 0x0A Val: 0x00000004
[inst #297] addi $15,$15,4
Register Write to Reg: 0x0F Val: 0x10010104
[inst #298] beq $5,$9,9
[inst #299] beq $5,$10,1
[inst #300] add $14,$4,$9
Register Write to Reg: 0x0E Val: 0x10010010
[inst #301] lw $11,0($14)
Register Write to Reg: 0x0B Val: 0x00000008
[inst #302] sw $11,0($15)
Memory Write to Addr: 0x10010104 Val: 0x00000008
[inst #303] addi $9,$9,4
Register Write to Reg: 0x09 Val: 0x00000004
[inst #304] addi $15,$15,4
Register Write to Reg: 0x0F Val: 0x10010108
[inst #305] bne $5,$9,-6
[inst #306] j 4194592
[inst #307] sll $5,$5,1
Register Write to Reg: 0x05 Val: 0x00000008
[inst #308] addi $10,$4,0
Register Write to Reg: 0x0A Val: 0x10010010
[inst #309] addi $11,$0,0
Register Write to Reg: 0x0B Val: 0x00000000
[inst #310] lw $9,0($8)
Register Write to Reg: 0x09 Val: 0x00000005
[inst #311] sw $9,0($10)
Memory Write to Addr: 0x10010010 Val: 0x00000005
[inst #312] addi $8,$8,4
Register Write to Reg: 0x08 Val: 0x10010104
[inst #313] addi $10,$10,4
Register Write to Reg: 0x0A Val: 0x10010014
[inst #314] addi $11,$11,4
Register Write to Reg: 0x0B Val: 0x00000004
[inst #315] bne $11,$5,-6
[inst #316] lw $9,0($8)
Register Write to Reg: 0x09 Val: 0x00000008
[inst #317] sw $9,0($10)
Memory Write to Addr: 0x10010014 Val: 0x00000008
[inst #318] addi $8,$8,4
Register Write to Reg: 0x08 Val: 0x10010108
[inst #319] addi $10,$10,4
Register Write to Reg: 0x0A Val: 0x10010018
[inst #320] addi $11,$11,4
Register Write to Reg: 0x0B Val: 0x00000008
[inst #321] bne $11,$5,-6
[inst #322] lw $31,0($29)
Register Write to Reg: 0x1F Val: 0x00400078
[inst #323] addi $29,$29,16
Register Write to Reg: 0x1D Val: 0x7FFFEFDC
[inst #324] jr $31
[inst #325] lw $4,8($29)
Register Write to Reg: 0x04 Val: 0x10010010
[inst #326] lw $5,4($29)
Register Write to Reg: 0x05 Val: 0x00000008
[inst #327] add $4,$4,$5
Register Write to Reg: 0x04 Val: 0x10010018
[inst #328] jal 4194392
Register Write to Reg: 0x1F Val: 0x00400088
[inst #329] addi $10,$0,4
Register Write to Reg: 0x0A Val: 0x00000004
[inst #330] beq $5,$10,59
[inst #331] srl $5,$5,1
Register Write to Reg: 0x05 Val: 0x00000004
[inst #332] addi $29,$29,-16
Register Write to Reg: 0x1D Val: 0x7FFFEFCC
[inst #333] sw $31,0($29)
Memory Write to Addr: 0x7FFFEFCC Val: 0x00400088
[inst #334] sw $4,8($29)
Memory Write to Addr: 0x7FFFEFD4 Val: 0x10010018
[inst #335] sw $5,4($29)
Memory Write to Addr: 0x7FFFEFD0 Val: 0x00000004
[inst #336] jal 4194392
Register Write to Reg: 0x1F Val: 0x00400078
[inst #337] addi $10,$0,4
Register Write to Reg: 0x0A Val: 0x00000004
[inst #338] beq $5,$10,59
[inst #339] jr $31
[inst #340] lw $4,8($29)
Register Write to Reg: 0x04 Val: 0x10010018
[inst #341] lw $5,4($29)
Register Write to Reg: 0x05 Val: 0x00000004
[inst #342] add $4,$4,$5
Register Write to Reg: 0x04 Val: 0x1001001C
[inst #343] jal 4194392
Register Write to Reg: 0x1F Val: 0x00400088
[inst #344] addi $10,$0,4
Register Write to Reg: 0x0A Val: 0x00000004
[inst #345] beq $5,$10,59
[inst #346] jr $31
[inst #347] lw $4,8($29)
Register Write to Reg: 0x04 Val: 0x10010018
[inst #348] lw $5,4($29)
Register Write to Reg: 0x05 Val: 0x00000004
[inst #349] add $13,$4,$5
Register Write to Reg: 0x0D Val: 0x1001001C
[inst #350] addi $9,$0,0
Register Write to Reg: 0x09 Val: 0x00000000
[inst #351] addi $10,$0,0
Register Write to Reg: 0x0A Val: 0x00000000
[inst #352] lui $1,4097
Register Write to Reg: 0x01 Val: 0x10010000
[inst #353] ori $1,$1,256
Register Write to Reg: 0x01 Val: 0x10010100
[inst #354] add $8,$0,$1
Register Write to Reg: 0x08 Val: 0x10010100
[inst #355] addi $15,$8,0
Register Write to Reg: 0x0F Val: 0x10010100
[inst #356] add $14,$4,$9
Register Write to Reg: 0x0E Val: 0x10010018
[inst #357] lw $11,0($14)
Register Write to Reg: 0x0B Val: 0x00000004
[inst #358] add $14,$13,$10
Register Write to Reg: 0x0E Val: 0x1001001C
[inst #359] lw $12,0($14)
Register Write to Reg: 0x0C Val: 0x00000002
[inst #360] slt $1,$11,$12
Register Write to Reg: 0x01 Val: 0x00000000
[inst #361] beq $1,$0,4
[inst #362] sw $12,0($15)
Memory Write to Addr: 0x10010100 Val: 0x00000002
[inst #363] addi $10,$10,4
Register Write to Reg: 0x0A Val: 0x00000004
[inst #364] addi $15,$15,4
Register Write to Reg: 0x0F Val: 0x10010104
[inst #365] beq $5,$9,9
[inst #366] beq $5,$10,1
[inst #367] add $14,$4,$9
Register Write to Reg: 0x0E Val: 0x10010018
[inst #368] lw $11,0($14)
Register Write to Reg: 0x0B Val: 0x00000004
[inst #369] sw $11,0($15)
Memory Write to Addr: 0x10010104 Val: 0x00000004
[inst #370] addi $9,$9,4
Register Write to Reg: 0x09 Val: 0x00000004
[inst #371] addi $15,$15,4
Register Write to Reg: 0x0F Val: 0x10010108
[inst #372] bne $5,$9,-6
[inst #373] j 4194592
[inst #374] sll $5,$5,1
Register Write to Reg: 0x05 Val: 0x00000008
[inst #375] addi $10,$4,0
Register Write to Reg: 0x0A Val: 0x10010018
[inst #376] addi $11,$0,0
Register Write to Reg: 0x0B Val: 0x00000000
[inst #377] lw $9,0($8)
Register Write to Reg: 0x09 Val: 0x00000002
[inst #378] sw $9,0($10)
Memory Write to Addr: 0x10010018 Val: 0x00000002
[inst #379] addi $8,$8,4
Register Write to Reg: 0x08 Val: 0x10010104
[inst #380] addi $10,$10,4
Register Write to Reg: 0x0A Val: 0x1001001C
[inst #381] addi $11,$11,4
Register Write to Reg: 0x0B Val: 0x00000004
[inst #382] bne $11,$5,-6
[inst #383] lw $9,0($8)
Register Write to Reg: 0x09 Val: 0x00000004
[inst #384] sw $9,0($10)
Memory Write to Addr: 0x1001001C Val: 0x00000004
[inst #385] addi $8,$8,4
Register Write to Reg: 0x08 Val: 0x10010108
[inst #386] addi $10,$10,4
Register Write to Reg: 0x0A Val: 0x10010020
[inst #387] addi $11,$11,4
Register Write to Reg: 0x0B Val: 0x00000008
[inst #388] bne $11,$5,-6
[inst #389] lw $31,0($29)
Register Write to Reg: 0x1F Val: 0x00400088
[inst #390] addi $29,$29,16
Register Write to Reg: 0x1D Val: 0x7FFFEFDC
[inst #391] jr $31
[inst #392] lw $4,8($29)
Register Write to Reg: 0x04 Val: 0x10010010
[inst #393] lw $5,4($29)
Register Write to Reg: 0x05 Val: 0x00000008
[inst #394] add $13,$4,$5
Register Write to Reg: 0x0D Val: 0x10010018
[inst #395] addi $9,$0,0
Register Write to Reg: 0x09 Val: 0x00000000
[inst #396] addi $10,$0,0
Register Write to Reg: 0x0A Val: 0x00000000
[inst #397] lui $1,4097
Register Write to Reg: 0x01 Val: 0x10010000
[inst #398] ori $1,$1,256
Register Write to Reg: 0x01 Val: 0x10010100
[inst #399] add $8,$0,$1
Register Write to Reg: 0x08 Val: 0x10010100
[inst #400] addi $15,$8,0
Register Write to Reg: 0x0F Val: 0x10010100
[inst #401] add $14,$4,$9
Register Write to Reg: 0x0E Val: 0x10010010
[inst #402] lw $11,0($14)
Register Write to Reg: 0x0B Val: 0x00000005
[inst #403] add $14,$13,$10
Register Write to Reg: 0x0E Val: 0x10010018
[inst #404] lw $12,0($14)
Register Write to Reg: 0x0C Val: 0x00000002
[inst #405] slt $1,$11,$12
Register Write to Reg: 0x01 Val: 0x00000000
[inst #406] beq $1,$0,4
[inst #407] sw $12,0($15)
Memory Write to Addr: 0x10010100 Val: 0x00000002
[inst #408] addi $10,$10,4
Register Write to Reg: 0x0A Val: 0x00000004
[inst #409] addi $15,$15,4
Register Write to Reg: 0x0F Val: 0x10010104
[inst #410] beq $5,$9,9
[inst #411] beq $5,$10,1
[inst #412] j 4194476
[inst #413] add $14,$4,$9
Register Write to Reg: 0x0E Val: 0x10010010
[inst #414] lw $11,0($14)
Register Write to Reg: 0x0B Val: 0x00000005
[inst #415] add $14,$13,$10
Register Write to Reg: 0x0E Val: 0x1001001C
[inst #416] lw $12,0($14)
Register Write to Reg: 0x0C Val: 0x00000004
[inst #417] slt $1,$11,$12
Register Write to Reg: 0x01 Val: 0x00000000
[inst #418] beq $1,$0,4
[inst #419] sw $12,0($15)
Memory Write to Addr: 0x10010104 Val: 0x00000004
[inst #420] addi $10,$10,4
Register Write to Reg: 0x0A Val: 0x00000008
[inst #421] addi $15,$15,4
Register Write to Reg: 0x0F Val: 0x10010108
[inst #422] beq $5,$9,9
[inst #423] beq $5,$10,1
[inst #424] add $14,$4,$9
Register Write to Reg: 0x0E Val: 0x10010010
[inst #425] lw $11,0($14)
Register Write to Reg: 0x0B Val: 0x00000005
[inst #426] sw $11,0($15)
Memory Write to Addr: 0x10010108 Val: 0x00000005
[inst #427] addi $9,$9,4
Register Write to Reg: 0x09 Val: 0x00000004
[inst #428] addi $15,$15,4
Register Write to Reg: 0x0F Val: 0x1001010C
[inst #429] bne $5,$9,-6
[inst #430] add $14,$4,$9
Register Write to Reg: 0x0E Val: 0x10010014
[inst #431] lw $11,0($14)
Register Write to Reg: 0x0B Val: 0x00000008
[inst #432] sw $11,0($15)
Memory Write to Addr: 0x1001010C Val: 0x00000008
[inst #433] addi $9,$9,4
Register Write to Reg: 0x09 Val: 0x00000008
[inst #434] addi $15,$15,4
Register Write to Reg: 0x0F Val: 0x10010110
[inst #435] bne $5,$9,-6
[inst #436] j 4194592
[inst #437] sll $5,$5,1
Register Write to Reg: 0x05 Val: 0x00000010
[inst #438] addi $10,$4,0
Register Write to Reg: 0x0A Val: 0x10010010
[inst #439] addi $11,$0,0
Register Write to Reg: 0x0B Val: 0x00000000
[inst #440] lw $9,0($8)
Register Write to Reg: 0x09 Val: 0x00000002
[inst #441] sw $9,0($10)
Memory Write to Addr: 0x10010010 Val: 0x00000002
[inst #442] addi $8,$8,4
Register Write to Reg: 0x08 Val: 0x10010104
[inst #443] addi $10,$10,4
Register Write to Reg: 0x0A Val: 0x10010014
[inst #444] addi $11,$11,4
Register Write to Reg: 0x0B Val: 0x00000004
[inst #445] bne $11,$5,-6
[inst #446] lw $9,0($8)
Register Write to Reg: 0x09 Val: 0x00000004
[inst #447] sw $9,0($10)
Memory Write to Addr: 0x10010014 Val: 0x00000004
[inst #448] addi $8,$8,4
Register Write to Reg: 0x08 Val: 0x10010108
[inst #449] addi $10,$10,4
Register Write to Reg: 0x0A Val: 0x10010018
[inst #450] addi $11,$11,4
Register Write to Reg: 0x0B Val: 0x00000008
[inst #451] bne $11,$5,-6
[inst #452] lw $9,0($8)
Register Write to Reg: 0x09 Val: 0x00000005
[inst #453] sw $9,0($10)
Memory Write to Addr: 0x10010018 Val: 0x00000005
[inst #454] addi $8,$8,4
Register Write to Reg: 0x08 Val: 0x1001010C
[inst #455] addi $10,$10,4
Register Write to Reg: 0x0A Val: 0x1001001C
[inst #456] addi $11,$11,4
Register Write to Reg: 0x0B Val: 0x0000000C
[inst #457] bne $11,$5,-6
[inst #458] lw $9,0($8)
Register Write to Reg: 0x09 Val: 0x00000008
[inst #459] sw $9,0($10)
Memory Write to Addr: 0x1001001C Val: 0x00000008
[inst #460] addi $8,$8,4
Register Write to Reg: 0x08 Val: 0x10010110
[inst #461] addi $10,$10,4
Register Write to Reg: 0x0A Val: 0x10010020
[inst #462] addi $11,$11,4
Register Write to Reg: 0x0B Val: 0x00000010
[inst #463] bne $11,$5,-6
[inst #464] lw $31,0($29)
Register Write to Reg: 0x1F Val: 0x00400088
[inst #465] addi $29,$29,16
Register Write to Reg: 0x1D Val: 0x7FFFEFEC
[inst #466] jr $31
[inst #467] lw $4,8($29)
Register Write to Reg: 0x04 Val: 0x10010000
[inst #468] lw $5,4($29)
Register Write to Reg: 0x05 Val: 0x00000010
[inst #469] add $13,$4,$5
Register Write to Reg: 0x0D Val: 0x10010010
[inst #470] addi $9,$0,0
Register Write to Reg: 0x09 Val: 0x00000000
[inst #471] addi $10,$0,0
Register Write to Reg: 0x0A Val: 0x00000000
[inst #472] lui $1,4097
Register Write to Reg: 0x01 Val: 0x10010000
[inst #473] ori $1,$1,256
Register Write to Reg: 0x01 Val: 0x10010100
[inst #474] add $8,$0,$1
Register Write to Reg: 0x08 Val: 0x10010100
[inst #475] addi $15,$8,0
Register Write to Reg: 0x0F Val: 0x10010100
[inst #476] add $14,$4,$9
Register Write to Reg: 0x0E Val: 0x10010000
[inst #477] lw $11,0($14)
Register Write to Reg: 0x0B Val: 0x00000001
[inst #478] add $14,$13,$10
Register Write to Reg: 0x0E Val: 0x10010010
[inst #479] lw $12,0($14)
Register Write to Reg: 0x0C Val: 0x00000002
[inst #480] slt $1,$11,$12
Register Write to Reg: 0x01 Val: 0x00000001
[inst #481] beq $1,$0,4
[inst #482] sw $11,0($15)
Memory Write to Addr: 0x10010100 Val: 0x00000001
[inst #483] addi $9,$9,4
Register Write to Reg: 0x09 Val: 0x00000004
[inst #484] addi $15,$15,4
Register Write to Reg: 0x0F Val: 0x10010104
[inst #485] j 4194528
[inst #486] beq $5,$9,9
[inst #487] beq $5,$10,1
[inst #488] j 4194476
[inst #489] add $14,$4,$9
Register Write to Reg: 0x0E Val: 0x10010004
[inst #490] lw $11,0($14)
Register Write to Reg: 0x0B Val: 0x00000003
[inst #491] add $14,$13,$10
Register Write to Reg: 0x0E Val: 0x10010010
[inst #492] lw $12,0($14)
Register Write to Reg: 0x0C Val: 0x00000002
[inst #493] slt $1,$11,$12
Register Write to Reg: 0x01 Val: 0x00000000
[inst #494] beq $1,$0,4
[inst #495] sw $12,0($15)
Memory Write to Addr: 0x10010104 Val: 0x00000002
[inst #496] addi $10,$10,4
Register Write to Reg: 0x0A Val: 0x00000004
[inst #497] addi $15,$15,4
Register Write to Reg: 0x0F Val: 0x10010108
[inst #498] beq $5,$9,9
[inst #499] beq $5,$10,1
[inst #500] j 4194476
[inst #501] add $14,$4,$9
Register Write to Reg: 0x0E Val: 0x10010004
[inst #502] lw $11,0($14)
Register Write to Reg: 0x0B Val: 0x00000003
[inst #503] add $14,$13,$10
Register Write to Reg: 0x0E Val: 0x10010014
[inst #504] lw $12,0($14)
Register Write to Reg: 0x0C Val: 0x00000004
[inst #505] slt $1,$11,$12
Register Write to Reg: 0x01 Val: 0x00000001
[inst #506] beq $1,$0,4
[inst #507] sw $11,0($15)
Memory Write to Addr: 0x10010108 Val: 0x00000003
[inst #508] addi $9,$9,4
Register Write to Reg: 0x09 Val: 0x00000008
[inst #509] addi $15,$15,4
Register Write to Reg: 0x0F Val: 0x1001010C
[inst #510] j 4194528
[inst #511] beq $5,$9,9
[inst #512] beq $5,$10,1
[inst #513] j 4194476
[inst #514] add $14,$4,$9
Register Write to Reg: 0x0E Val: 0x10010008
[inst #515] lw $11,0($14)
Register Write to Reg: 0x0B Val: 0x00000007
[inst #516] add $14,$13,$10
Register Write to Reg: 0x0E Val: 0x10010014
[inst #517] lw $12,0($14)
Register Write to Reg: 0x0C Val: 0x00000004
[inst #518] slt $1,$11,$12
Register Write to Reg: 0x01 Val: 0x00000000
[inst #519] beq $1,$0,4
[inst #520] sw $12,0($15)
Memory Write to Addr: 0x1001010C Val: 0x00000004
[inst #521] addi $10,$10,4
Register Write to Reg: 0x0A Val: 0x00000008
[inst #522] addi $15,$15,4
Register Write to Reg: 0x0F Val: 0x10010110
[inst #523] beq $5,$9,9
[inst #524] beq $5,$10,1
[inst #525] j 4194476
[inst #526] add $14,$4,$9
Register Write to Reg: 0x0E Val: 0x10010008
[inst #527] lw $11,0($14)
Register Write to Reg: 0x0B Val: 0x00000007
[inst #528] add $14,$13,$10
Register Write to Reg: 0x0E Val: 0x10010018
[inst #529] lw $12,0($14)
Register Write to Reg: 0x0C Val: 0x00000005
[inst #530] slt $1,$11,$12
Register Write to Reg: 0x01 Val: 0x00000000
[inst #531] beq $1,$0,4
[inst #532] sw $12,0($15)
Memory Write to Addr: 0x10010110 Val: 0x00000005
[inst #533] addi $10,$10,4
Register Write to Reg: 0x0A Val: 0x0000000C
[inst #534] addi $15,$15,4
Register Write to Reg: 0x0F Val: 0x10010114
[inst #535] beq $5,$9,9
[inst #536] beq $5,$10,1
[inst #537] j 4194476
[inst #538] add $14,$4,$9
Register Write to Reg: 0x0E Val: 0x10010008
[inst #539] lw $11,0($14)
Register Write to Reg: 0x0B Val: 0x00000007
[inst #540] add $14,$13,$10
Register Write to Reg: 0x0E Val: 0x1001001C
[inst #541] lw $12,0($14)
Register Write to Reg: 0x0C Val: 0x00000008
[inst #542] slt $1,$11,$12
Register Write to Reg: 0x01 Val: 0x00000001
[inst #543] beq $1,$0,4
[inst #544] sw $11,0($15)
Memory Write to Addr: 0x10010114 Val: 0x00000007
[inst #545] addi $9,$9,4
Register Write to Reg: 0x09 Val: 0x0000000C
[inst #546] addi $15,$15,4
Register Write to Reg: 0x0F Val: 0x10010118
[inst #547] j 4194528
[inst #548] beq $5,$9,9
[inst #549] beq $5,$10,1
[inst #550] j 4194476
[inst #551] add $14,$4,$9
Register Write to Reg: 0x0E Val: 0x1001000C
[inst #552] lw $11,0($14)
Register Write to Reg: 0x0B Val: 0x00000009
[inst #553] add $14,$13,$10
Register Write to Reg: 0x0E Val: 0x1001001C
[inst #554] lw $12,0($14)
Register Write to Reg: 0x0C Val: 0x00000008
[inst #555] slt $1,$11,$12
Register Write to Reg: 0x01 Val: 0x00000000
[inst #556] beq $1,$0,4
[inst #557] sw $12,0($15)
Memory Write to Addr: 0x10010118 Val: 0x00000008
[inst #558] addi $10,$10,4
Register Write to Reg: 0x0A Val: 0x00000010
[inst #559] addi $15,$15,4
Register Write to Reg: 0x0F Val: 0x1001011C
[inst #560] beq $5,$9,9
[inst #561] beq $5,$10,1
[inst #562] add $14,$4,$9
Register Write to Reg: 0x0E Val: 0x1001000C
[inst #563] lw $11,0($14)
Register Write to Reg: 0x0B Val: 0x00000009
[inst #564] sw $11,0($15)
Memory Write to Addr: 0x1001011C Val: 0x00000009
[inst #565] addi $9,$9,4
Register Write to Reg: 0x09 Val: 0x00000010
[inst #566] addi $15,$15,4
Register Write to Reg: 0x0F Val: 0x10010120
[inst #567] bne $5,$9,-6
[inst #568] j 4194592
[inst #569] sll $5,$5,1
Register Write to Reg: 0x05 Val: 0x00000020
[inst #570] addi $10,$4,0
Register Write to Reg: 0x0A Val: 0x10010000
[inst #571] addi $11,$0,0
Register Write to Reg: 0x0B Val: 0x00000000
[inst #572] lw $9,0($8)
Register Write to Reg: 0x09 Val: 0x00000001
[inst #573] sw $9,0($10)
Memory Write to Addr: 0x10010000 Val: 0x00000001
[inst #574] addi $8,$8,4
Register Write to Reg: 0x08 Val: 0x10010104
[inst #575] addi $10,$10,4
Register Write to Reg: 0x0A Val: 0x10010004
[inst #576] addi $11,$11,4
Register Write to Reg: 0x0B Val: 0x00000004
[inst #577] bne $11,$5,-6
[inst #578] lw $9,0($8)
Register Write to Reg: 0x09 Val: 0x00000002
[inst #579] sw $9,0($10)
Memory Write to Addr: 0x10010004 Val: 0x00000002
[inst #580] addi $8,$8,4
Register Write to Reg: 0x08 Val: 0x10010108
[inst #581] addi $10,$10,4
Register Write to Reg: 0x0A Val: 0x10010008
[inst #582] addi $11,$11,4
Register Write to Reg: 0x0B Val: 0x00000008
[inst #583] bne $11,$5,-6
[inst #584] lw $9,0($8)
Register Write to Reg: 0x09 Val: 0x00000003
[inst #585] sw $9,0($10)
Memory Write to Addr: 0x10010008 Val: 0x00000003
[inst #586] addi $8,$8,4
Register Write to Reg: 0x08 Val: 0x1001010C
[inst #587] addi $10,$10,4
Register Write to Reg: 0x0A Val: 0x1001000C
[inst #588] addi $11,$11,4
Register Write to Reg: 0x0B Val: 0x0000000C
[inst #589] bne $11,$5,-6
[inst #590] lw $9,0($8)
Register Write to Reg: 0x09 Val: 0x00000004
[inst #591] sw $9,0($10)
Memory Write to Addr: 0x1001000C Val: 0x00000004
[inst #592] addi $8,$8,4
Register Write to Reg: 0x08 Val: 0x10010110
[inst #593] addi $10,$10,4
Register Write to Reg: 0x0A Val: 0x10010010
[inst #594] addi $11,$11,4
Register Write to Reg: 0x0B Val: 0x00000010
[inst #595] bne $11,$5,-6
[inst #596] lw $9,0($8)
Register Write to Reg: 0x09 Val: 0x00000005
[inst #597] sw $9,0($10)
Memory Write to Addr: 0x10010010 Val: 0x00000005
[inst #598] addi $8,$8,4
Register Write to Reg: 0x08 Val: 0x10010114
[inst #599] addi $10,$10,4
Register Write to Reg: 0x0A Val: 0x10010014
[inst #600] addi $11,$11,4
Register Write to Reg: 0x0B Val: 0x00000014
[inst #601] bne $11,$5,-6
[inst #602] lw $9,0($8)
Register Write to Reg: 0x09 Val: 0x00000007
[inst #603] sw $9,0($10)
Memory Write to Addr: 0x10010014 Val: 0x00000007
[inst #604] addi $8,$8,4
Register Write to Reg: 0x08 Val: 0x10010118
[inst #605] addi $10,$10,4
Register Write to Reg: 0x0A Val: 0x10010018
[inst #606] addi $11,$11,4
Register Write to Reg: 0x0B Val: 0x00000018
[inst #607] bne $11,$5,-6
[inst #608] lw $9,0($8)
Register Write to Reg: 0x09 Val: 0x00000008
[inst #609] sw $9,0($10)
Memory Write to Addr: 0x10010018 Val: 0x00000008
[inst #610] addi $8,$8,4
Register Write to Reg: 0x08 Val: 0x1001011C
[inst #611] addi $10,$10,4
Register Write to Reg: 0x0A Val: 0x1001001C
[inst #612] addi $11,$11,4
Register Write to Reg: 0x0B Val: 0x0000001C
[inst #613] bne $11,$5,-6
[inst #614] lw $9,0($8)
Register Write to Reg: 0x09 Val: 0x00000009
[inst #615] sw $9,0($10)
Memory Write to Addr: 0x1001001C Val: 0x00000009
[inst #616] addi $8,$8,4
Register Write to Reg: 0x08 Val: 0x10010120
[inst #617] addi $10,$10,4
Register Write to Reg: 0x0A Val: 0x10010020
[inst #618] addi $11,$11,4
Register Write to Reg: 0x0B Val: 0x00000020
[inst #619] bne $11,$5,-6
[inst #620] lw $31,0($29)
Register Write to Reg: 0x1F Val: 0x00400054
[inst #621] addi $29,$29,16
Register Write to Reg: 0x1D Val: 0x7FFFEFFC
[inst #622] jr $31
[inst #623] j 4194640
[inst #624] halt 

