In clock cycle: 3
Register Write to Reg: 0x00 Val: 0x00000000
In clock cycle: 4
Register Write to Reg: 0x05 Val: 0x00000008
In clock cycle: 7
Register Write to Reg: 0x05 Val: 0x00000020
In clock cycle: 8
Register Write to Reg: 0x01 Val: 0x10010000
In clock cycle: 11
Register Write to Reg: 0x04 Val: 0x10010000
In clock cycle: 12
Register Write to Reg: 0x0A Val: 0x00000009
In clock cycle: 14
Memory Write to Addr: 0x10010000 Val: 0x00000009
In clock cycle: 16
Register Write to Reg: 0x0B Val: 0x00000003
In clock cycle: 18
Memory Write to Addr: 0x10010004 Val: 0x00000003
In clock cycle: 20
Register Write to Reg: 0x0C Val: 0x00000007
In clock cycle: 22
Memory Write to Addr: 0x10010008 Val: 0x00000007
In clock cycle: 24
Register Write to Reg: 0x0D Val: 0x00000001
In clock cycle: 26
Memory Write to Addr: 0x1001000C Val: 0x00000001
In clock cycle: 28
Register Write to Reg: 0x0E Val: 0x00000008
In clock cycle: 30
Memory Write to Addr: 0x10010010 Val: 0x00000008
In clock cycle: 32
Register Write to Reg: 0x0F Val: 0x00000005
In clock cycle: 34
Memory Write to Addr: 0x10010014 Val: 0x00000005
In clock cycle: 36
Register Write to Reg: 0x0A Val: 0x00000004
In clock cycle: 38
Memory Write to Addr: 0x10010018 Val: 0x00000004
In clock cycle: 40
Register Write to Reg: 0x0B Val: 0x00000002
In clock cycle: 42
Memory Write to Addr: 0x1001001C Val: 0x00000002
In clock cycle: 44
Register Write to Reg: 0x1F Val: 0x00400054
In clock cycle: 45
Register Write to Reg: 0x00 Val: 0x00000000
In clock cycle: 46
Register Write to Reg: 0x0A Val: 0x00000004
In clock cycle: 50
Register Write to Reg: 0x05 Val: 0x00000010
In clock cycle: 51
Register Write to Reg: 0x1D Val: 0xFFFFFFF0
In clock cycle: 53
Memory Write to Addr: 0xFFFFFFF0 Val: 0x00400054
In clock cycle: 54
Memory Write to Addr: 0xFFFFFFF8 Val: 0x10010000
In clock cycle: 55
Memory Write to Addr: 0xFFFFFFF4 Val: 0x00000010
In clock cycle: 57
Register Write to Reg: 0x1F Val: 0x00400078
In clock cycle: 58
Register Write to Reg: 0x00 Val: 0x00000000
In clock cycle: 59
Register Write to Reg: 0x0A Val: 0x00000004
In clock cycle: 63
Register Write to Reg: 0x05 Val: 0x00000008
In clock cycle: 64
Register Write to Reg: 0x1D Val: 0xFFFFFFE0
In clock cycle: 66
Memory Write to Addr: 0xFFFFFFE0 Val: 0x00400078
In clock cycle: 67
Memory Write to Addr: 0xFFFFFFE8 Val: 0x10010000
In clock cycle: 68
Memory Write to Addr: 0xFFFFFFE4 Val: 0x00000008
In clock cycle: 70
Register Write to Reg: 0x1F Val: 0x00400078
In clock cycle: 71
Register Write to Reg: 0x00 Val: 0x00000000
In clock cycle: 72
Register Write to Reg: 0x0A Val: 0x00000004
In clock cycle: 76
Register Write to Reg: 0x05 Val: 0x00000004
In clock cycle: 77
Register Write to Reg: 0x1D Val: 0xFFFFFFD0
In clock cycle: 79
Memory Write to Addr: 0xFFFFFFD0 Val: 0x00400078
In clock cycle: 80
Memory Write to Addr: 0xFFFFFFD8 Val: 0x10010000
In clock cycle: 81
Memory Write to Addr: 0xFFFFFFD4 Val: 0x00000004
In clock cycle: 83
Register Write to Reg: 0x1F Val: 0x00400078
In clock cycle: 84
Register Write to Reg: 0x00 Val: 0x00000000
In clock cycle: 85
Register Write to Reg: 0x0A Val: 0x00000004
In clock cycle: 90
Register Write to Reg: 0x00 Val: 0x00000000
In clock cycle: 91
Register Write to Reg: 0x00 Val: 0x00000000
In clock cycle: 92
Register Write to Reg: 0x00 Val: 0x00000000
In clock cycle: 93
Register Write to Reg: 0x04 Val: 0x10010000
In clock cycle: 94
Register Write to Reg: 0x05 Val: 0x00000004
In clock cycle: 97
Register Write to Reg: 0x04 Val: 0x10010004
In clock cycle: 98
Register Write to Reg: 0x1F Val: 0x00400088
In clock cycle: 99
Register Write to Reg: 0x00 Val: 0x00000000
In clock cycle: 100
Register Write to Reg: 0x0A Val: 0x00000004
In clock cycle: 105
Register Write to Reg: 0x00 Val: 0x00000000
In clock cycle: 106
Register Write to Reg: 0x00 Val: 0x00000000
In clock cycle: 107
Register Write to Reg: 0x00 Val: 0x00000000
In clock cycle: 108
Register Write to Reg: 0x04 Val: 0x10010000
In clock cycle: 109
Register Write to Reg: 0x05 Val: 0x00000004
In clock cycle: 112
Register Write to Reg: 0x0D Val: 0x10010004
In clock cycle: 113
Register Write to Reg: 0x09 Val: 0x00000000
In clock cycle: 114
Register Write to Reg: 0x0A Val: 0x00000000
In clock cycle: 115
Register Write to Reg: 0x01 Val: 0x10010000
In clock cycle: 118
Register Write to Reg: 0x01 Val: 0x10010100
In clock cycle: 121
Register Write to Reg: 0x08 Val: 0x10010100
In clock cycle: 124
Register Write to Reg: 0x0F Val: 0x10010100
In clock cycle: 125
Register Write to Reg: 0x0E Val: 0x10010000
In clock cycle: 128
Register Write to Reg: 0x0B Val: 0x00000009
In clock cycle: 129
Register Write to Reg: 0x0E Val: 0x10010004
In clock cycle: 132
Register Write to Reg: 0x0C Val: 0x00000003
In clock cycle: 135
Register Write to Reg: 0x01 Val: 0x00000000
In clock cycle: 140
Register Write to Reg: 0x00 Val: 0x00000000
In clock cycle: 140
Memory Write to Addr: 0x10010100 Val: 0x00000003
In clock cycle: 142
Register Write to Reg: 0x0A Val: 0x00000004
In clock cycle: 143
Register Write to Reg: 0x0F Val: 0x10010104
In clock cycle: 147
Register Write to Reg: 0x00 Val: 0x00000000
In clock cycle: 148
Register Write to Reg: 0x0E Val: 0x10010000
In clock cycle: 151
Register Write to Reg: 0x0B Val: 0x00000009
In clock cycle: 153
Memory Write to Addr: 0x10010104 Val: 0x00000009
In clock cycle: 155
Register Write to Reg: 0x09 Val: 0x00000004
In clock cycle: 156
Register Write to Reg: 0x0F Val: 0x10010108
In clock cycle: 159
Register Write to Reg: 0x00 Val: 0x00000000
In clock cycle: 160
Register Write to Reg: 0x0E Val: 0x10010004
In clock cycle: 163
Register Write to Reg: 0x0B Val: 0x00000003
In clock cycle: 165
Memory Write to Addr: 0x10010108 Val: 0x00000003
In clock cycle: 167
Register Write to Reg: 0x09 Val: 0x00000008
In clock cycle: 168
Register Write to Reg: 0x0F Val: 0x1001010C
In clock cycle: 171
Register Write to Reg: 0x00 Val: 0x00000000
In clock cycle: 172
Register Write to Reg: 0x05 Val: 0x00000008
In clock cycle: 173
Register Write to Reg: 0x0A Val: 0x10010000
In clock cycle: 174
Register Write to Reg: 0x0B Val: 0x00000000
In clock cycle: 175
Register Write to Reg: 0x09 Val: 0x00000003
In clock cycle: 177
Memory Write to Addr: 0x10010000 Val: 0x00000003
In clock cycle: 179
Register Write to Reg: 0x08 Val: 0x10010104
In clock cycle: 180
Register Write to Reg: 0x0A Val: 0x10010004
In clock cycle: 181
Register Write to Reg: 0x0B Val: 0x00000004
In clock cycle: 186
Register Write to Reg: 0x00 Val: 0x00000000
In clock cycle: 187
Register Write to Reg: 0x09 Val: 0x00000009
In clock cycle: 189
Memory Write to Addr: 0x10010004 Val: 0x00000009
In clock cycle: 191
Register Write to Reg: 0x08 Val: 0x10010108
In clock cycle: 192
Register Write to Reg: 0x0A Val: 0x10010008
In clock cycle: 193
Register Write to Reg: 0x0B Val: 0x00000008
In clock cycle: 197
Register Write to Reg: 0x1F Val: 0x00400078
In clock cycle: 198
Register Write to Reg: 0x1D Val: 0xFFFFFFE0
In clock cycle: 200
Register Write to Reg: 0x00 Val: 0x00000000
In clock cycle: 201
Register Write to Reg: 0x00 Val: 0x00000000
In clock cycle: 202
Register Write to Reg: 0x04 Val: 0x10010000
In clock cycle: 203
Register Write to Reg: 0x05 Val: 0x00000008
In clock cycle: 206
Register Write to Reg: 0x04 Val: 0x10010008
In clock cycle: 207
Register Write to Reg: 0x1F Val: 0x00400088
In clock cycle: 208
Register Write to Reg: 0x00 Val: 0x00000000
In clock cycle: 209
Register Write to Reg: 0x0A Val: 0x00000004
In clock cycle: 213
Register Write to Reg: 0x05 Val: 0x00000004
In clock cycle: 214
Register Write to Reg: 0x1D Val: 0xFFFFFFD0
In clock cycle: 216
Memory Write to Addr: 0xFFFFFFD0 Val: 0x00400088
In clock cycle: 217
Memory Write to Addr: 0xFFFFFFD8 Val: 0x10010008
In clock cycle: 218
Memory Write to Addr: 0xFFFFFFD4 Val: 0x00000004
In clock cycle: 220
Register Write to Reg: 0x1F Val: 0x00400078
In clock cycle: 221
Register Write to Reg: 0x00 Val: 0x00000000
In clock cycle: 222
Register Write to Reg: 0x0A Val: 0x00000004
In clock cycle: 227
Register Write to Reg: 0x00 Val: 0x00000000
In clock cycle: 228
Register Write to Reg: 0x00 Val: 0x00000000
In clock cycle: 229
Register Write to Reg: 0x00 Val: 0x00000000
In clock cycle: 230
Register Write to Reg: 0x04 Val: 0x10010008
In clock cycle: 231
Register Write to Reg: 0x05 Val: 0x00000004
In clock cycle: 234
Register Write to Reg: 0x04 Val: 0x1001000C
In clock cycle: 235
Register Write to Reg: 0x1F Val: 0x00400088
In clock cycle: 236
Register Write to Reg: 0x00 Val: 0x00000000
In clock cycle: 237
Register Write to Reg: 0x0A Val: 0x00000004
In clock cycle: 242
Register Write to Reg: 0x00 Val: 0x00000000
In clock cycle: 243
Register Write to Reg: 0x00 Val: 0x00000000
In clock cycle: 244
Register Write to Reg: 0x00 Val: 0x00000000
In clock cycle: 245
Register Write to Reg: 0x04 Val: 0x10010008
In clock cycle: 246
Register Write to Reg: 0x05 Val: 0x00000004
In clock cycle: 249
Register Write to Reg: 0x0D Val: 0x1001000C
In clock cycle: 250
Register Write to Reg: 0x09 Val: 0x00000000
In clock cycle: 251
Register Write to Reg: 0x0A Val: 0x00000000
In clock cycle: 252
Register Write to Reg: 0x01 Val: 0x10010000
In clock cycle: 255
Register Write to Reg: 0x01 Val: 0x10010100
In clock cycle: 258
Register Write to Reg: 0x08 Val: 0x10010100
In clock cycle: 261
Register Write to Reg: 0x0F Val: 0x10010100
In clock cycle: 262
Register Write to Reg: 0x0E Val: 0x10010008
In clock cycle: 265
Register Write to Reg: 0x0B Val: 0x00000007
In clock cycle: 266
Register Write to Reg: 0x0E Val: 0x1001000C
In clock cycle: 269
Register Write to Reg: 0x0C Val: 0x00000001
In clock cycle: 272
Register Write to Reg: 0x01 Val: 0x00000000
In clock cycle: 277
Register Write to Reg: 0x00 Val: 0x00000000
In clock cycle: 277
Memory Write to Addr: 0x10010100 Val: 0x00000001
In clock cycle: 279
Register Write to Reg: 0x0A Val: 0x00000004
In clock cycle: 280
Register Write to Reg: 0x0F Val: 0x10010104
In clock cycle: 284
Register Write to Reg: 0x00 Val: 0x00000000
In clock cycle: 285
Register Write to Reg: 0x0E Val: 0x10010008
In clock cycle: 288
Register Write to Reg: 0x0B Val: 0x00000007
In clock cycle: 290
Memory Write to Addr: 0x10010104 Val: 0x00000007
In clock cycle: 292
Register Write to Reg: 0x09 Val: 0x00000004
In clock cycle: 293
Register Write to Reg: 0x0F Val: 0x10010108
In clock cycle: 296
Register Write to Reg: 0x00 Val: 0x00000000
In clock cycle: 297
Register Write to Reg: 0x0E Val: 0x1001000C
In clock cycle: 300
Register Write to Reg: 0x0B Val: 0x00000001
In clock cycle: 302
Memory Write to Addr: 0x10010108 Val: 0x00000001
In clock cycle: 304
Register Write to Reg: 0x09 Val: 0x00000008
In clock cycle: 305
Register Write to Reg: 0x0F Val: 0x1001010C
In clock cycle: 308
Register Write to Reg: 0x00 Val: 0x00000000
In clock cycle: 309
Register Write to Reg: 0x05 Val: 0x00000008
In clock cycle: 310
Register Write to Reg: 0x0A Val: 0x10010008
In clock cycle: 311
Register Write to Reg: 0x0B Val: 0x00000000
In clock cycle: 312
Register Write to Reg: 0x09 Val: 0x00000001
In clock cycle: 314
Memory Write to Addr: 0x10010008 Val: 0x00000001
In clock cycle: 316
Register Write to Reg: 0x08 Val: 0x10010104
In clock cycle: 317
Register Write to Reg: 0x0A Val: 0x1001000C
In clock cycle: 318
Register Write to Reg: 0x0B Val: 0x00000004
In clock cycle: 323
Register Write to Reg: 0x00 Val: 0x00000000
In clock cycle: 324
Register Write to Reg: 0x09 Val: 0x00000007
In clock cycle: 326
Memory Write to Addr: 0x1001000C Val: 0x00000007
In clock cycle: 328
Register Write to Reg: 0x08 Val: 0x10010108
In clock cycle: 329
Register Write to Reg: 0x0A Val: 0x10010010
In clock cycle: 330
Register Write to Reg: 0x0B Val: 0x00000008
In clock cycle: 334
Register Write to Reg: 0x1F Val: 0x00400088
In clock cycle: 335
Register Write to Reg: 0x1D Val: 0xFFFFFFE0
In clock cycle: 337
Register Write to Reg: 0x00 Val: 0x00000000
In clock cycle: 338
Register Write to Reg: 0x00 Val: 0x00000000
In clock cycle: 339
Register Write to Reg: 0x04 Val: 0x10010000
In clock cycle: 340
Register Write to Reg: 0x05 Val: 0x00000008
In clock cycle: 343
Register Write to Reg: 0x0D Val: 0x10010008
In clock cycle: 344
Register Write to Reg: 0x09 Val: 0x00000000
In clock cycle: 345
Register Write to Reg: 0x0A Val: 0x00000000
In clock cycle: 346
Register Write to Reg: 0x01 Val: 0x10010000
In clock cycle: 349
Register Write to Reg: 0x01 Val: 0x10010100
In clock cycle: 352
Register Write to Reg: 0x08 Val: 0x10010100
In clock cycle: 355
Register Write to Reg: 0x0F Val: 0x10010100
In clock cycle: 356
Register Write to Reg: 0x0E Val: 0x10010000
In clock cycle: 359
Register Write to Reg: 0x0B Val: 0x00000003
In clock cycle: 360
Register Write to Reg: 0x0E Val: 0x10010008
In clock cycle: 363
Register Write to Reg: 0x0C Val: 0x00000001
In clock cycle: 366
Register Write to Reg: 0x01 Val: 0x00000000
In clock cycle: 371
Register Write to Reg: 0x00 Val: 0x00000000
In clock cycle: 371
Memory Write to Addr: 0x10010100 Val: 0x00000001
In clock cycle: 373
Register Write to Reg: 0x0A Val: 0x00000004
In clock cycle: 374
Register Write to Reg: 0x0F Val: 0x10010104
In clock cycle: 378
Register Write to Reg: 0x00 Val: 0x00000000
In clock cycle: 379
Register Write to Reg: 0x0E Val: 0x10010000
In clock cycle: 382
Register Write to Reg: 0x0B Val: 0x00000003
In clock cycle: 383
Register Write to Reg: 0x0E Val: 0x1001000C
In clock cycle: 386
Register Write to Reg: 0x0C Val: 0x00000007
In clock cycle: 389
Register Write to Reg: 0x01 Val: 0x00000001
In clock cycle: 392
Memory Write to Addr: 0x10010104 Val: 0x00000003
In clock cycle: 394
Register Write to Reg: 0x09 Val: 0x00000004
In clock cycle: 395
Register Write to Reg: 0x0F Val: 0x10010108
In clock cycle: 397
Register Write to Reg: 0x00 Val: 0x00000000
In clock cycle: 401
Register Write to Reg: 0x00 Val: 0x00000000
In clock cycle: 402
Register Write to Reg: 0x0E Val: 0x10010004
In clock cycle: 405
Register Write to Reg: 0x0B Val: 0x00000009
In clock cycle: 406
Register Write to Reg: 0x0E Val: 0x1001000C
In clock cycle: 409
Register Write to Reg: 0x0C Val: 0x00000007
In clock cycle: 412
Register Write to Reg: 0x01 Val: 0x00000000
In clock cycle: 417
Register Write to Reg: 0x00 Val: 0x00000000
In clock cycle: 417
Memory Write to Addr: 0x10010108 Val: 0x00000007
In clock cycle: 419
Register Write to Reg: 0x0A Val: 0x00000008
In clock cycle: 420
Register Write to Reg: 0x0F Val: 0x1001010C
In clock cycle: 424
Register Write to Reg: 0x00 Val: 0x00000000
In clock cycle: 425
Register Write to Reg: 0x0E Val: 0x10010004
In clock cycle: 428
Register Write to Reg: 0x0B Val: 0x00000009
In clock cycle: 430
Memory Write to Addr: 0x1001010C Val: 0x00000009
In clock cycle: 432
Register Write to Reg: 0x09 Val: 0x00000008
In clock cycle: 433
Register Write to Reg: 0x0F Val: 0x10010110
In clock cycle: 436
Register Write to Reg: 0x00 Val: 0x00000000
In clock cycle: 437
Register Write to Reg: 0x0E Val: 0x10010008
In clock cycle: 440
Register Write to Reg: 0x0B Val: 0x00000001
In clock cycle: 442
Memory Write to Addr: 0x10010110 Val: 0x00000001
In clock cycle: 444
Register Write to Reg: 0x09 Val: 0x0000000C
In clock cycle: 445
Register Write to Reg: 0x0F Val: 0x10010114
In clock cycle: 448
Register Write to Reg: 0x00 Val: 0x00000000
In clock cycle: 449
Register Write to Reg: 0x05 Val: 0x00000010
In clock cycle: 450
Register Write to Reg: 0x0A Val: 0x10010000
In clock cycle: 451
Register Write to Reg: 0x0B Val: 0x00000000
In clock cycle: 452
Register Write to Reg: 0x09 Val: 0x00000001
In clock cycle: 454
Memory Write to Addr: 0x10010000 Val: 0x00000001
In clock cycle: 456
Register Write to Reg: 0x08 Val: 0x10010104
In clock cycle: 457
Register Write to Reg: 0x0A Val: 0x10010004
In clock cycle: 458
Register Write to Reg: 0x0B Val: 0x00000004
In clock cycle: 463
Register Write to Reg: 0x00 Val: 0x00000000
In clock cycle: 464
Register Write to Reg: 0x09 Val: 0x00000003
In clock cycle: 466
Memory Write to Addr: 0x10010004 Val: 0x00000003
In clock cycle: 468
Register Write to Reg: 0x08 Val: 0x10010108
In clock cycle: 469
Register Write to Reg: 0x0A Val: 0x10010008
In clock cycle: 470
Register Write to Reg: 0x0B Val: 0x00000008
In clock cycle: 475
Register Write to Reg: 0x00 Val: 0x00000000
In clock cycle: 476
Register Write to Reg: 0x09 Val: 0x00000007
In clock cycle: 478
Memory Write to Addr: 0x10010008 Val: 0x00000007
In clock cycle: 480
Register Write to Reg: 0x08 Val: 0x1001010C
In clock cycle: 481
Register Write to Reg: 0x0A Val: 0x1001000C
In clock cycle: 482
Register Write to Reg: 0x0B Val: 0x0000000C
In clock cycle: 487
Register Write to Reg: 0x00 Val: 0x00000000
In clock cycle: 488
Register Write to Reg: 0x09 Val: 0x00000009
In clock cycle: 490
Memory Write to Addr: 0x1001000C Val: 0x00000009
In clock cycle: 492
Register Write to Reg: 0x08 Val: 0x10010110
In clock cycle: 493
Register Write to Reg: 0x0A Val: 0x10010010
In clock cycle: 494
Register Write to Reg: 0x0B Val: 0x00000010
In clock cycle: 498
Register Write to Reg: 0x1F Val: 0x00400078
In clock cycle: 499
Register Write to Reg: 0x1D Val: 0xFFFFFFF0
In clock cycle: 501
Register Write to Reg: 0x00 Val: 0x00000000
In clock cycle: 502
Register Write to Reg: 0x00 Val: 0x00000000
In clock cycle: 503
Register Write to Reg: 0x04 Val: 0x10010000
In clock cycle: 504
Register Write to Reg: 0x05 Val: 0x00000010
In clock cycle: 507
Register Write to Reg: 0x04 Val: 0x10010010
In clock cycle: 508
Register Write to Reg: 0x1F Val: 0x00400088
In clock cycle: 509
Register Write to Reg: 0x00 Val: 0x00000000
In clock cycle: 510
Register Write to Reg: 0x0A Val: 0x00000004
In clock cycle: 514
Register Write to Reg: 0x05 Val: 0x00000008
In clock cycle: 515
Register Write to Reg: 0x1D Val: 0xFFFFFFE0
In clock cycle: 517
Memory Write to Addr: 0xFFFFFFE0 Val: 0x00400088
In clock cycle: 518
Memory Write to Addr: 0xFFFFFFE8 Val: 0x10010010
In clock cycle: 519
Memory Write to Addr: 0xFFFFFFE4 Val: 0x00000008
In clock cycle: 521
Register Write to Reg: 0x1F Val: 0x00400078
In clock cycle: 522
Register Write to Reg: 0x00 Val: 0x00000000
In clock cycle: 523
Register Write to Reg: 0x0A Val: 0x00000004
In clock cycle: 527
Register Write to Reg: 0x05 Val: 0x00000004
In clock cycle: 528
Register Write to Reg: 0x1D Val: 0xFFFFFFD0
In clock cycle: 530
Memory Write to Addr: 0xFFFFFFD0 Val: 0x00400078
In clock cycle: 531
Memory Write to Addr: 0xFFFFFFD8 Val: 0x10010010
In clock cycle: 532
Memory Write to Addr: 0xFFFFFFD4 Val: 0x00000004
In clock cycle: 534
Register Write to Reg: 0x1F Val: 0x00400078
In clock cycle: 535
Register Write to Reg: 0x00 Val: 0x00000000
In clock cycle: 536
Register Write to Reg: 0x0A Val: 0x00000004
In clock cycle: 541
Register Write to Reg: 0x00 Val: 0x00000000
In clock cycle: 542
Register Write to Reg: 0x00 Val: 0x00000000
In clock cycle: 543
Register Write to Reg: 0x00 Val: 0x00000000
In clock cycle: 544
Register Write to Reg: 0x04 Val: 0x10010010
In clock cycle: 545
Register Write to Reg: 0x05 Val: 0x00000004
In clock cycle: 548
Register Write to Reg: 0x04 Val: 0x10010014
In clock cycle: 549
Register Write to Reg: 0x1F Val: 0x00400088
In clock cycle: 550
Register Write to Reg: 0x00 Val: 0x00000000
In clock cycle: 551
Register Write to Reg: 0x0A Val: 0x00000004
In clock cycle: 556
Register Write to Reg: 0x00 Val: 0x00000000
In clock cycle: 557
Register Write to Reg: 0x00 Val: 0x00000000
In clock cycle: 558
Register Write to Reg: 0x00 Val: 0x00000000
In clock cycle: 559
Register Write to Reg: 0x04 Val: 0x10010010
In clock cycle: 560
Register Write to Reg: 0x05 Val: 0x00000004
In clock cycle: 563
Register Write to Reg: 0x0D Val: 0x10010014
In clock cycle: 564
Register Write to Reg: 0x09 Val: 0x00000000
In clock cycle: 565
Register Write to Reg: 0x0A Val: 0x00000000
In clock cycle: 566
Register Write to Reg: 0x01 Val: 0x10010000
In clock cycle: 569
Register Write to Reg: 0x01 Val: 0x10010100
In clock cycle: 572
Register Write to Reg: 0x08 Val: 0x10010100
In clock cycle: 575
Register Write to Reg: 0x0F Val: 0x10010100
In clock cycle: 576
Register Write to Reg: 0x0E Val: 0x10010010
In clock cycle: 579
Register Write to Reg: 0x0B Val: 0x00000008
In clock cycle: 580
Register Write to Reg: 0x0E Val: 0x10010014
In clock cycle: 583
Register Write to Reg: 0x0C Val: 0x00000005
In clock cycle: 586
Register Write to Reg: 0x01 Val: 0x00000000
In clock cycle: 591
Register Write to Reg: 0x00 Val: 0x00000000
In clock cycle: 591
Memory Write to Addr: 0x10010100 Val: 0x00000005
In clock cycle: 593
Register Write to Reg: 0x0A Val: 0x00000004
In clock cycle: 594
Register Write to Reg: 0x0F Val: 0x10010104
In clock cycle: 598
Register Write to Reg: 0x00 Val: 0x00000000
In clock cycle: 599
Register Write to Reg: 0x0E Val: 0x10010010
In clock cycle: 602
Register Write to Reg: 0x0B Val: 0x00000008
In clock cycle: 604
Memory Write to Addr: 0x10010104 Val: 0x00000008
In clock cycle: 606
Register Write to Reg: 0x09 Val: 0x00000004
In clock cycle: 607
Register Write to Reg: 0x0F Val: 0x10010108
In clock cycle: 610
Register Write to Reg: 0x00 Val: 0x00000000
In clock cycle: 611
Register Write to Reg: 0x0E Val: 0x10010014
In clock cycle: 614
Register Write to Reg: 0x0B Val: 0x00000005
In clock cycle: 616
Memory Write to Addr: 0x10010108 Val: 0x00000005
In clock cycle: 618
Register Write to Reg: 0x09 Val: 0x00000008
In clock cycle: 619
Register Write to Reg: 0x0F Val: 0x1001010C
In clock cycle: 622
Register Write to Reg: 0x00 Val: 0x00000000
In clock cycle: 623
Register Write to Reg: 0x05 Val: 0x00000008
In clock cycle: 624
Register Write to Reg: 0x0A Val: 0x10010010
In clock cycle: 625
Register Write to Reg: 0x0B Val: 0x00000000
In clock cycle: 626
Register Write to Reg: 0x09 Val: 0x00000005
In clock cycle: 628
Memory Write to Addr: 0x10010010 Val: 0x00000005
In clock cycle: 630
Register Write to Reg: 0x08 Val: 0x10010104
In clock cycle: 631
Register Write to Reg: 0x0A Val: 0x10010014
In clock cycle: 632
Register Write to Reg: 0x0B Val: 0x00000004
In clock cycle: 637
Register Write to Reg: 0x00 Val: 0x00000000
In clock cycle: 638
Register Write to Reg: 0x09 Val: 0x00000008
In clock cycle: 640
Memory Write to Addr: 0x10010014 Val: 0x00000008
In clock cycle: 642
Register Write to Reg: 0x08 Val: 0x10010108
In clock cycle: 643
Register Write to Reg: 0x0A Val: 0x10010018
In clock cycle: 644
Register Write to Reg: 0x0B Val: 0x00000008
In clock cycle: 648
Register Write to Reg: 0x1F Val: 0x00400078
In clock cycle: 649
Register Write to Reg: 0x1D Val: 0xFFFFFFE0
In clock cycle: 651
Register Write to Reg: 0x00 Val: 0x00000000
In clock cycle: 652
Register Write to Reg: 0x00 Val: 0x00000000
In clock cycle: 653
Register Write to Reg: 0x04 Val: 0x10010010
In clock cycle: 654
Register Write to Reg: 0x05 Val: 0x00000008
In clock cycle: 657
Register Write to Reg: 0x04 Val: 0x10010018
In clock cycle: 658
Register Write to Reg: 0x1F Val: 0x00400088
In clock cycle: 659
Register Write to Reg: 0x00 Val: 0x00000000
In clock cycle: 660
Register Write to Reg: 0x0A Val: 0x00000004
In clock cycle: 664
Register Write to Reg: 0x05 Val: 0x00000004
In clock cycle: 665
Register Write to Reg: 0x1D Val: 0xFFFFFFD0
In clock cycle: 667
Memory Write to Addr: 0xFFFFFFD0 Val: 0x00400088
In clock cycle: 668
Memory Write to Addr: 0xFFFFFFD8 Val: 0x10010018
In clock cycle: 669
Memory Write to Addr: 0xFFFFFFD4 Val: 0x00000004
In clock cycle: 671
Register Write to Reg: 0x1F Val: 0x00400078
In clock cycle: 672
Register Write to Reg: 0x00 Val: 0x00000000
In clock cycle: 673
Register Write to Reg: 0x0A Val: 0x00000004
In clock cycle: 678
Register Write to Reg: 0x00 Val: 0x00000000
In clock cycle: 679
Register Write to Reg: 0x00 Val: 0x00000000
In clock cycle: 680
Register Write to Reg: 0x00 Val: 0x00000000
In clock cycle: 681
Register Write to Reg: 0x04 Val: 0x10010018
In clock cycle: 682
Register Write to Reg: 0x05 Val: 0x00000004
In clock cycle: 685
Register Write to Reg: 0x04 Val: 0x1001001C
In clock cycle: 686
Register Write to Reg: 0x1F Val: 0x00400088
In clock cycle: 687
Register Write to Reg: 0x00 Val: 0x00000000
In clock cycle: 688
Register Write to Reg: 0x0A Val: 0x00000004
In clock cycle: 693
Register Write to Reg: 0x00 Val: 0x00000000
In clock cycle: 694
Register Write to Reg: 0x00 Val: 0x00000000
In clock cycle: 695
Register Write to Reg: 0x00 Val: 0x00000000
In clock cycle: 696
Register Write to Reg: 0x04 Val: 0x10010018
In clock cycle: 697
Register Write to Reg: 0x05 Val: 0x00000004
In clock cycle: 700
Register Write to Reg: 0x0D Val: 0x1001001C
In clock cycle: 701
Register Write to Reg: 0x09 Val: 0x00000000
In clock cycle: 702
Register Write to Reg: 0x0A Val: 0x00000000
In clock cycle: 703
Register Write to Reg: 0x01 Val: 0x10010000
In clock cycle: 706
Register Write to Reg: 0x01 Val: 0x10010100
In clock cycle: 709
Register Write to Reg: 0x08 Val: 0x10010100
In clock cycle: 712
Register Write to Reg: 0x0F Val: 0x10010100
In clock cycle: 713
Register Write to Reg: 0x0E Val: 0x10010018
In clock cycle: 716
Register Write to Reg: 0x0B Val: 0x00000004
In clock cycle: 717
Register Write to Reg: 0x0E Val: 0x1001001C
In clock cycle: 720
Register Write to Reg: 0x0C Val: 0x00000002
In clock cycle: 723
Register Write to Reg: 0x01 Val: 0x00000000
In clock cycle: 728
Register Write to Reg: 0x00 Val: 0x00000000
In clock cycle: 728
Memory Write to Addr: 0x10010100 Val: 0x00000002
In clock cycle: 730
Register Write to Reg: 0x0A Val: 0x00000004
In clock cycle: 731
Register Write to Reg: 0x0F Val: 0x10010104
In clock cycle: 735
Register Write to Reg: 0x00 Val: 0x00000000
In clock cycle: 736
Register Write to Reg: 0x0E Val: 0x10010018
In clock cycle: 739
Register Write to Reg: 0x0B Val: 0x00000004
In clock cycle: 741
Memory Write to Addr: 0x10010104 Val: 0x00000004
In clock cycle: 743
Register Write to Reg: 0x09 Val: 0x00000004
In clock cycle: 744
Register Write to Reg: 0x0F Val: 0x10010108
In clock cycle: 747
Register Write to Reg: 0x00 Val: 0x00000000
In clock cycle: 748
Register Write to Reg: 0x0E Val: 0x1001001C
In clock cycle: 751
Register Write to Reg: 0x0B Val: 0x00000002
In clock cycle: 753
Memory Write to Addr: 0x10010108 Val: 0x00000002
In clock cycle: 755
Register Write to Reg: 0x09 Val: 0x00000008
In clock cycle: 756
Register Write to Reg: 0x0F Val: 0x1001010C
In clock cycle: 759
Register Write to Reg: 0x00 Val: 0x00000000
In clock cycle: 760
Register Write to Reg: 0x05 Val: 0x00000008
In clock cycle: 761
Register Write to Reg: 0x0A Val: 0x10010018
In clock cycle: 762
Register Write to Reg: 0x0B Val: 0x00000000
In clock cycle: 763
Register Write to Reg: 0x09 Val: 0x00000002
In clock cycle: 765
Memory Write to Addr: 0x10010018 Val: 0x00000002
In clock cycle: 767
Register Write to Reg: 0x08 Val: 0x10010104
In clock cycle: 768
Register Write to Reg: 0x0A Val: 0x1001001C
In clock cycle: 769
Register Write to Reg: 0x0B Val: 0x00000004
In clock cycle: 774
Register Write to Reg: 0x00 Val: 0x00000000
In clock cycle: 775
Register Write to Reg: 0x09 Val: 0x00000004
In clock cycle: 777
Memory Write to Addr: 0x1001001C Val: 0x00000004
In clock cycle: 779
Register Write to Reg: 0x08 Val: 0x10010108
In clock cycle: 780
Register Write to Reg: 0x0A Val: 0x10010020
In clock cycle: 781
Register Write to Reg: 0x0B Val: 0x00000008
In clock cycle: 785
Register Write to Reg: 0x1F Val: 0x00400088
In clock cycle: 786
Register Write to Reg: 0x1D Val: 0xFFFFFFE0
In clock cycle: 788
Register Write to Reg: 0x00 Val: 0x00000000
In clock cycle: 789
Register Write to Reg: 0x00 Val: 0x00000000
In clock cycle: 790
Register Write to Reg: 0x04 Val: 0x10010010
In clock cycle: 791
Register Write to Reg: 0x05 Val: 0x00000008
In clock cycle: 794
Register Write to Reg: 0x0D Val: 0x10010018
In clock cycle: 795
Register Write to Reg: 0x09 Val: 0x00000000
In clock cycle: 796
Register Write to Reg: 0x0A Val: 0x00000000
In clock cycle: 797
Register Write to Reg: 0x01 Val: 0x10010000
In clock cycle: 800
Register Write to Reg: 0x01 Val: 0x10010100
In clock cycle: 803
Register Write to Reg: 0x08 Val: 0x10010100
In clock cycle: 806
Register Write to Reg: 0x0F Val: 0x10010100
In clock cycle: 807
Register Write to Reg: 0x0E Val: 0x10010010
In clock cycle: 810
Register Write to Reg: 0x0B Val: 0x00000005
In clock cycle: 811
Register Write to Reg: 0x0E Val: 0x10010018
In clock cycle: 814
Register Write to Reg: 0x0C Val: 0x00000002
In clock cycle: 817
Register Write to Reg: 0x01 Val: 0x00000000
In clock cycle: 822
Register Write to Reg: 0x00 Val: 0x00000000
In clock cycle: 822
Memory Write to Addr: 0x10010100 Val: 0x00000002
In clock cycle: 824
Register Write to Reg: 0x0A Val: 0x00000004
In clock cycle: 825
Register Write to Reg: 0x0F Val: 0x10010104
In clock cycle: 829
Register Write to Reg: 0x00 Val: 0x00000000
In clock cycle: 830
Register Write to Reg: 0x0E Val: 0x10010010
In clock cycle: 833
Register Write to Reg: 0x0B Val: 0x00000005
In clock cycle: 834
Register Write to Reg: 0x0E Val: 0x1001001C
In clock cycle: 837
Register Write to Reg: 0x0C Val: 0x00000004
In clock cycle: 840
Register Write to Reg: 0x01 Val: 0x00000000
In clock cycle: 845
Register Write to Reg: 0x00 Val: 0x00000000
In clock cycle: 845
Memory Write to Addr: 0x10010104 Val: 0x00000004
In clock cycle: 847
Register Write to Reg: 0x0A Val: 0x00000008
In clock cycle: 848
Register Write to Reg: 0x0F Val: 0x10010108
In clock cycle: 852
Register Write to Reg: 0x00 Val: 0x00000000
In clock cycle: 853
Register Write to Reg: 0x0E Val: 0x10010010
In clock cycle: 856
Register Write to Reg: 0x0B Val: 0x00000005
In clock cycle: 858
Memory Write to Addr: 0x10010108 Val: 0x00000005
In clock cycle: 860
Register Write to Reg: 0x09 Val: 0x00000004
In clock cycle: 861
Register Write to Reg: 0x0F Val: 0x1001010C
In clock cycle: 864
Register Write to Reg: 0x00 Val: 0x00000000
In clock cycle: 865
Register Write to Reg: 0x0E Val: 0x10010014
In clock cycle: 868
Register Write to Reg: 0x0B Val: 0x00000008
In clock cycle: 870
Memory Write to Addr: 0x1001010C Val: 0x00000008
In clock cycle: 872
Register Write to Reg: 0x09 Val: 0x00000008
In clock cycle: 873
Register Write to Reg: 0x0F Val: 0x10010110
In clock cycle: 876
Register Write to Reg: 0x00 Val: 0x00000000
In clock cycle: 877
Register Write to Reg: 0x0E Val: 0x10010018
In clock cycle: 880
Register Write to Reg: 0x0B Val: 0x00000002
In clock cycle: 882
Memory Write to Addr: 0x10010110 Val: 0x00000002
In clock cycle: 884
Register Write to Reg: 0x09 Val: 0x0000000C
In clock cycle: 885
Register Write to Reg: 0x0F Val: 0x10010114
In clock cycle: 888
Register Write to Reg: 0x00 Val: 0x00000000
In clock cycle: 889
Register Write to Reg: 0x05 Val: 0x00000010
In clock cycle: 890
Register Write to Reg: 0x0A Val: 0x10010010
In clock cycle: 891
Register Write to Reg: 0x0B Val: 0x00000000
In clock cycle: 892
Register Write to Reg: 0x09 Val: 0x00000002
In clock cycle: 894
Memory Write to Addr: 0x10010010 Val: 0x00000002
In clock cycle: 896
Register Write to Reg: 0x08 Val: 0x10010104
In clock cycle: 897
Register Write to Reg: 0x0A Val: 0x10010014
In clock cycle: 898
Register Write to Reg: 0x0B Val: 0x00000004
In clock cycle: 903
Register Write to Reg: 0x00 Val: 0x00000000
In clock cycle: 904
Register Write to Reg: 0x09 Val: 0x00000004
In clock cycle: 906
Memory Write to Addr: 0x10010014 Val: 0x00000004
In clock cycle: 908
Register Write to Reg: 0x08 Val: 0x10010108
In clock cycle: 909
Register Write to Reg: 0x0A Val: 0x10010018
In clock cycle: 910
Register Write to Reg: 0x0B Val: 0x00000008
In clock cycle: 915
Register Write to Reg: 0x00 Val: 0x00000000
In clock cycle: 916
Register Write to Reg: 0x09 Val: 0x00000005
In clock cycle: 918
Memory Write to Addr: 0x10010018 Val: 0x00000005
In clock cycle: 920
Register Write to Reg: 0x08 Val: 0x1001010C
In clock cycle: 921
Register Write to Reg: 0x0A Val: 0x1001001C
In clock cycle: 922
Register Write to Reg: 0x0B Val: 0x0000000C
In clock cycle: 927
Register Write to Reg: 0x00 Val: 0x00000000
In clock cycle: 928
Register Write to Reg: 0x09 Val: 0x00000008
In clock cycle: 930
Memory Write to Addr: 0x1001001C Val: 0x00000008
In clock cycle: 932
Register Write to Reg: 0x08 Val: 0x10010110
In clock cycle: 933
Register Write to Reg: 0x0A Val: 0x10010020
In clock cycle: 934
Register Write to Reg: 0x0B Val: 0x00000010
In clock cycle: 938
Register Write to Reg: 0x1F Val: 0x00400088
In clock cycle: 939
Register Write to Reg: 0x1D Val: 0xFFFFFFF0
In clock cycle: 941
Register Write to Reg: 0x00 Val: 0x00000000
In clock cycle: 942
Register Write to Reg: 0x00 Val: 0x00000000
In clock cycle: 943
Register Write to Reg: 0x04 Val: 0x10010000
In clock cycle: 944
Register Write to Reg: 0x05 Val: 0x00000010
In clock cycle: 947
Register Write to Reg: 0x0D Val: 0x10010010
In clock cycle: 948
Register Write to Reg: 0x09 Val: 0x00000000
In clock cycle: 949
Register Write to Reg: 0x0A Val: 0x00000000
In clock cycle: 950
Register Write to Reg: 0x01 Val: 0x10010000
In clock cycle: 953
Register Write to Reg: 0x01 Val: 0x10010100
In clock cycle: 956
Register Write to Reg: 0x08 Val: 0x10010100
In clock cycle: 959
Register Write to Reg: 0x0F Val: 0x10010100
In clock cycle: 960
Register Write to Reg: 0x0E Val: 0x10010000
In clock cycle: 963
Register Write to Reg: 0x0B Val: 0x00000001
In clock cycle: 964
Register Write to Reg: 0x0E Val: 0x10010010
In clock cycle: 967
Register Write to Reg: 0x0C Val: 0x00000002
In clock cycle: 970
Register Write to Reg: 0x01 Val: 0x00000001
In clock cycle: 973
Memory Write to Addr: 0x10010100 Val: 0x00000001
In clock cycle: 975
Register Write to Reg: 0x09 Val: 0x00000004
In clock cycle: 976
Register Write to Reg: 0x0F Val: 0x10010104
In clock cycle: 978
Register Write to Reg: 0x00 Val: 0x00000000
In clock cycle: 982
Register Write to Reg: 0x00 Val: 0x00000000
In clock cycle: 983
Register Write to Reg: 0x0E Val: 0x10010004
In clock cycle: 986
Register Write to Reg: 0x0B Val: 0x00000003
In clock cycle: 987
Register Write to Reg: 0x0E Val: 0x10010010
In clock cycle: 990
Register Write to Reg: 0x0C Val: 0x00000002
In clock cycle: 993
Register Write to Reg: 0x01 Val: 0x00000000
In clock cycle: 998
Register Write to Reg: 0x00 Val: 0x00000000
In clock cycle: 998
Memory Write to Addr: 0x10010104 Val: 0x00000002
In clock cycle: 1000
Register Write to Reg: 0x0A Val: 0x00000004
In clock cycle: 1001
Register Write to Reg: 0x0F Val: 0x10010108
In clock cycle: 1005
Register Write to Reg: 0x00 Val: 0x00000000
In clock cycle: 1006
Register Write to Reg: 0x0E Val: 0x10010004
In clock cycle: 1009
Register Write to Reg: 0x0B Val: 0x00000003
In clock cycle: 1010
Register Write to Reg: 0x0E Val: 0x10010014
In clock cycle: 1013
Register Write to Reg: 0x0C Val: 0x00000004
In clock cycle: 1016
Register Write to Reg: 0x01 Val: 0x00000001
In clock cycle: 1019
Memory Write to Addr: 0x10010108 Val: 0x00000003
In clock cycle: 1021
Register Write to Reg: 0x09 Val: 0x00000008
In clock cycle: 1022
Register Write to Reg: 0x0F Val: 0x1001010C
In clock cycle: 1024
Register Write to Reg: 0x00 Val: 0x00000000
In clock cycle: 1028
Register Write to Reg: 0x00 Val: 0x00000000
In clock cycle: 1029
Register Write to Reg: 0x0E Val: 0x10010008
In clock cycle: 1032
Register Write to Reg: 0x0B Val: 0x00000007
In clock cycle: 1033
Register Write to Reg: 0x0E Val: 0x10010014
In clock cycle: 1036
Register Write to Reg: 0x0C Val: 0x00000004
In clock cycle: 1039
Register Write to Reg: 0x01 Val: 0x00000000
In clock cycle: 1044
Register Write to Reg: 0x00 Val: 0x00000000
In clock cycle: 1044
Memory Write to Addr: 0x1001010C Val: 0x00000004
In clock cycle: 1046
Register Write to Reg: 0x0A Val: 0x00000008
In clock cycle: 1047
Register Write to Reg: 0x0F Val: 0x10010110
In clock cycle: 1051
Register Write to Reg: 0x00 Val: 0x00000000
In clock cycle: 1052
Register Write to Reg: 0x0E Val: 0x10010008
In clock cycle: 1055
Register Write to Reg: 0x0B Val: 0x00000007
In clock cycle: 1056
Register Write to Reg: 0x0E Val: 0x10010018
In clock cycle: 1059
Register Write to Reg: 0x0C Val: 0x00000005
In clock cycle: 1062
Register Write to Reg: 0x01 Val: 0x00000000
In clock cycle: 1067
Register Write to Reg: 0x00 Val: 0x00000000
In clock cycle: 1067
Memory Write to Addr: 0x10010110 Val: 0x00000005
In clock cycle: 1069
Register Write to Reg: 0x0A Val: 0x0000000C
In clock cycle: 1070
Register Write to Reg: 0x0F Val: 0x10010114
In clock cycle: 1074
Register Write to Reg: 0x00 Val: 0x00000000
In clock cycle: 1075
Register Write to Reg: 0x0E Val: 0x10010008
In clock cycle: 1078
Register Write to Reg: 0x0B Val: 0x00000007
In clock cycle: 1079
Register Write to Reg: 0x0E Val: 0x1001001C
In clock cycle: 1082
Register Write to Reg: 0x0C Val: 0x00000008
In clock cycle: 1085
Register Write to Reg: 0x01 Val: 0x00000001
In clock cycle: 1088
Memory Write to Addr: 0x10010114 Val: 0x00000007
In clock cycle: 1090
Register Write to Reg: 0x09 Val: 0x0000000C
In clock cycle: 1091
Register Write to Reg: 0x0F Val: 0x10010118
In clock cycle: 1093
Register Write to Reg: 0x00 Val: 0x00000000
In clock cycle: 1097
Register Write to Reg: 0x00 Val: 0x00000000
In clock cycle: 1098
Register Write to Reg: 0x0E Val: 0x1001000C
In clock cycle: 1101
Register Write to Reg: 0x0B Val: 0x00000009
In clock cycle: 1102
Register Write to Reg: 0x0E Val: 0x1001001C
In clock cycle: 1105
Register Write to Reg: 0x0C Val: 0x00000008
In clock cycle: 1108
Register Write to Reg: 0x01 Val: 0x00000000
In clock cycle: 1113
Register Write to Reg: 0x00 Val: 0x00000000
In clock cycle: 1113
Memory Write to Addr: 0x10010118 Val: 0x00000008
In clock cycle: 1115
Register Write to Reg: 0x0A Val: 0x00000010
In clock cycle: 1116
Register Write to Reg: 0x0F Val: 0x1001011C
In clock cycle: 1120
Register Write to Reg: 0x00 Val: 0x00000000
In clock cycle: 1121
Register Write to Reg: 0x0E Val: 0x1001000C
In clock cycle: 1124
Register Write to Reg: 0x0B Val: 0x00000009
In clock cycle: 1126
Memory Write to Addr: 0x1001011C Val: 0x00000009
In clock cycle: 1128
Register Write to Reg: 0x09 Val: 0x00000010
In clock cycle: 1129
Register Write to Reg: 0x0F Val: 0x10010120
In clock cycle: 1132
Register Write to Reg: 0x00 Val: 0x00000000
In clock cycle: 1133
Register Write to Reg: 0x0E Val: 0x10010010
In clock cycle: 1136
Register Write to Reg: 0x0B Val: 0x00000002
In clock cycle: 1138
Memory Write to Addr: 0x10010120 Val: 0x00000002
In clock cycle: 1140
Register Write to Reg: 0x09 Val: 0x00000014
In clock cycle: 1141
Register Write to Reg: 0x0F Val: 0x10010124
In clock cycle: 1144
Register Write to Reg: 0x00 Val: 0x00000000
In clock cycle: 1145
Register Write to Reg: 0x05 Val: 0x00000020
In clock cycle: 1146
Register Write to Reg: 0x0A Val: 0x10010000
In clock cycle: 1147
Register Write to Reg: 0x0B Val: 0x00000000
In clock cycle: 1148
Register Write to Reg: 0x09 Val: 0x00000001
In clock cycle: 1150
Memory Write to Addr: 0x10010000 Val: 0x00000001
In clock cycle: 1152
Register Write to Reg: 0x08 Val: 0x10010104
In clock cycle: 1153
Register Write to Reg: 0x0A Val: 0x10010004
In clock cycle: 1154
Register Write to Reg: 0x0B Val: 0x00000004
In clock cycle: 1159
Register Write to Reg: 0x00 Val: 0x00000000
In clock cycle: 1160
Register Write to Reg: 0x09 Val: 0x00000002
In clock cycle: 1162
Memory Write to Addr: 0x10010004 Val: 0x00000002
In clock cycle: 1164
Register Write to Reg: 0x08 Val: 0x10010108
In clock cycle: 1165
Register Write to Reg: 0x0A Val: 0x10010008
In clock cycle: 1166
Register Write to Reg: 0x0B Val: 0x00000008
In clock cycle: 1171
Register Write to Reg: 0x00 Val: 0x00000000
In clock cycle: 1172
Register Write to Reg: 0x09 Val: 0x00000003
In clock cycle: 1174
Memory Write to Addr: 0x10010008 Val: 0x00000003
In clock cycle: 1176
Register Write to Reg: 0x08 Val: 0x1001010C
In clock cycle: 1177
Register Write to Reg: 0x0A Val: 0x1001000C
In clock cycle: 1178
Register Write to Reg: 0x0B Val: 0x0000000C
In clock cycle: 1183
Register Write to Reg: 0x00 Val: 0x00000000
In clock cycle: 1184
Register Write to Reg: 0x09 Val: 0x00000004
In clock cycle: 1186
Memory Write to Addr: 0x1001000C Val: 0x00000004
In clock cycle: 1188
Register Write to Reg: 0x08 Val: 0x10010110
In clock cycle: 1189
Register Write to Reg: 0x0A Val: 0x10010010
In clock cycle: 1190
Register Write to Reg: 0x0B Val: 0x00000010
In clock cycle: 1195
Register Write to Reg: 0x00 Val: 0x00000000
In clock cycle: 1196
Register Write to Reg: 0x09 Val: 0x00000005
In clock cycle: 1198
Memory Write to Addr: 0x10010010 Val: 0x00000005
In clock cycle: 1200
Register Write to Reg: 0x08 Val: 0x10010114
In clock cycle: 1201
Register Write to Reg: 0x0A Val: 0x10010014
In clock cycle: 1202
Register Write to Reg: 0x0B Val: 0x00000014
In clock cycle: 1207
Register Write to Reg: 0x00 Val: 0x00000000
In clock cycle: 1208
Register Write to Reg: 0x09 Val: 0x00000007
In clock cycle: 1210
Memory Write to Addr: 0x10010014 Val: 0x00000007
In clock cycle: 1212
Register Write to Reg: 0x08 Val: 0x10010118
In clock cycle: 1213
Register Write to Reg: 0x0A Val: 0x10010018
In clock cycle: 1214
Register Write to Reg: 0x0B Val: 0x00000018
In clock cycle: 1219
Register Write to Reg: 0x00 Val: 0x00000000
In clock cycle: 1220
Register Write to Reg: 0x09 Val: 0x00000008
In clock cycle: 1222
Memory Write to Addr: 0x10010018 Val: 0x00000008
In clock cycle: 1224
Register Write to Reg: 0x08 Val: 0x1001011C
In clock cycle: 1225
Register Write to Reg: 0x0A Val: 0x1001001C
In clock cycle: 1226
Register Write to Reg: 0x0B Val: 0x0000001C
In clock cycle: 1231
Register Write to Reg: 0x00 Val: 0x00000000
In clock cycle: 1232
Register Write to Reg: 0x09 Val: 0x00000009
In clock cycle: 1234
Memory Write to Addr: 0x1001001C Val: 0x00000009
In clock cycle: 1236
Register Write to Reg: 0x08 Val: 0x10010120
In clock cycle: 1237
Register Write to Reg: 0x0A Val: 0x10010020
In clock cycle: 1238
Register Write to Reg: 0x0B Val: 0x00000020
In clock cycle: 1242
Register Write to Reg: 0x1F Val: 0x00400054
In clock cycle: 1243
Register Write to Reg: 0x1D Val: 0x00000000
In clock cycle: 1245
Register Write to Reg: 0x00 Val: 0x00000000
In clock cycle: 1246
Register Write to Reg: 0x00 Val: 0x00000000
In clock cycle: 1248
Register Write to Reg: 0x00 Val: 0x00000000
Execution is stopping! Clock Cycle: 1249
