In clock cycle: 3
Register Write to Reg: 0x00 Val: 0x00000000
In clock cycle: 6
Register Write to Reg: 0x08 Val: 0x0000202A
In clock cycle: 7
Register Write to Reg: 0x08 Val: 0x0000202A
In clock cycle: 992
Register Write to Reg: 0x08 Val: 0x00004054
In clock cycle: 993
Register Write to Reg: 0x08 Val: 0x00004054
In clock cycle: 1978
Register Write to Reg: 0x08 Val: 0x0000607E
In clock cycle: 1979
Register Write to Reg: 0x08 Val: 0x0000607E
In clock cycle: 2964
Register Write to Reg: 0x08 Val: 0x000080A8
In clock cycle: 2965
Register Write to Reg: 0x08 Val: 0x000080A8
In clock cycle: 3950
Register Write to Reg: 0x08 Val: 0x0000A0D2
In clock cycle: 3951
Register Write to Reg: 0x08 Val: 0x0000A0D2
In clock cycle: 4936
Register Write to Reg: 0x08 Val: 0x0000C0FC
In clock cycle: 4937
Register Write to Reg: 0x08 Val: 0x0000C0FC
In clock cycle: 5922
Register Write to Reg: 0x08 Val: 0x0000E126
In clock cycle: 5923
Register Write to Reg: 0x08 Val: 0x0000E126
In clock cycle: 6908
Register Write to Reg: 0x08 Val: 0x00010150
In clock cycle: 6909
Register Write to Reg: 0x08 Val: 0x00010150
In clock cycle: 7894
Register Write to Reg: 0x08 Val: 0x0001217A
In clock cycle: 7895
Register Write to Reg: 0x08 Val: 0x0001217A
In clock cycle: 8880
Register Write to Reg: 0x08 Val: 0x000141A4
In clock cycle: 8881
Register Write to Reg: 0x08 Val: 0x000141A4
In clock cycle: 9866
Register Write to Reg: 0x08 Val: 0x000161CE
In clock cycle: 9867
Register Write to Reg: 0x08 Val: 0x000161CE
In clock cycle: 10852
Register Write to Reg: 0x08 Val: 0x000181F8
In clock cycle: 10853
Register Write to Reg: 0x08 Val: 0x000181F8
In clock cycle: 11838
Register Write to Reg: 0x08 Val: 0x0001A222
In clock cycle: 11839
Register Write to Reg: 0x08 Val: 0x0001A222
In clock cycle: 12824
Register Write to Reg: 0x08 Val: 0x0001C24C
In clock cycle: 12825
Register Write to Reg: 0x08 Val: 0x0001C24C
In clock cycle: 13810
Register Write to Reg: 0x08 Val: 0x0001E276
In clock cycle: 13811
Register Write to Reg: 0x08 Val: 0x0001E276
In clock cycle: 14796
Register Write to Reg: 0x08 Val: 0x000202A0
In clock cycle: 14797
Register Write to Reg: 0x08 Val: 0x000202A0
In clock cycle: 15782
Register Write to Reg: 0x08 Val: 0x000222CA
In clock cycle: 15783
Register Write to Reg: 0x08 Val: 0x000222CA
In clock cycle: 16768
Register Write to Reg: 0x08 Val: 0x000242F4
In clock cycle: 16769
Register Write to Reg: 0x08 Val: 0x000242F4
In clock cycle: 17754
Register Write to Reg: 0x08 Val: 0x0002631E
In clock cycle: 17755
Register Write to Reg: 0x08 Val: 0x0002631E
In clock cycle: 18740
Register Write to Reg: 0x08 Val: 0x00028348
In clock cycle: 18741
Register Write to Reg: 0x08 Val: 0x00028348
In clock cycle: 19726
Register Write to Reg: 0x08 Val: 0x0002A372
In clock cycle: 19727
Register Write to Reg: 0x08 Val: 0x0002A372
In clock cycle: 20712
Register Write to Reg: 0x08 Val: 0x0002C39C
In clock cycle: 20713
Register Write to Reg: 0x08 Val: 0x0002C39C
In clock cycle: 21698
Register Write to Reg: 0x08 Val: 0x0002E3C6
In clock cycle: 21699
Register Write to Reg: 0x08 Val: 0x0002E3C6
In clock cycle: 22684
Register Write to Reg: 0x08 Val: 0x000303F0
In clock cycle: 22685
Register Write to Reg: 0x08 Val: 0x000303F0
In clock cycle: 23670
Register Write to Reg: 0x08 Val: 0x0003241A
In clock cycle: 23671
Register Write to Reg: 0x08 Val: 0x0003241A
In clock cycle: 24656
Register Write to Reg: 0x08 Val: 0x00034444
In clock cycle: 24657
Register Write to Reg: 0x08 Val: 0x00034444
In clock cycle: 25642
Register Write to Reg: 0x08 Val: 0x0003646E
In clock cycle: 25643
Register Write to Reg: 0x08 Val: 0x0003646E
In clock cycle: 26628
Register Write to Reg: 0x08 Val: 0x00038498
In clock cycle: 26629
Register Write to Reg: 0x08 Val: 0x00038498
In clock cycle: 27614
Register Write to Reg: 0x08 Val: 0x0003A4C2
In clock cycle: 27615
Register Write to Reg: 0x08 Val: 0x0003A4C2
In clock cycle: 28600
Register Write to Reg: 0x08 Val: 0x0003C4EC
In clock cycle: 28601
Register Write to Reg: 0x08 Val: 0x0003C4EC
In clock cycle: 29586
Register Write to Reg: 0x08 Val: 0x0003E516
In clock cycle: 29587
Register Write to Reg: 0x08 Val: 0x0003E516
In clock cycle: 30572
Register Write to Reg: 0x08 Val: 0x00040540
In clock cycle: 30573
Register Write to Reg: 0x08 Val: 0x00040540
In clock cycle: 31558
Register Write to Reg: 0x08 Val: 0x0004256A
In clock cycle: 31559
Register Write to Reg: 0x08 Val: 0x0004256A
In clock cycle: 32544
Register Write to Reg: 0x08 Val: 0x00044594
In clock cycle: 32545
Register Write to Reg: 0x08 Val: 0x00044594
In clock cycle: 33530
Register Write to Reg: 0x08 Val: 0x000465BE
In clock cycle: 33531
Register Write to Reg: 0x08 Val: 0x000465BE
In clock cycle: 34516
Register Write to Reg: 0x08 Val: 0x000485E8
In clock cycle: 34517
Register Write to Reg: 0x08 Val: 0x000485E8
In clock cycle: 35502
Register Write to Reg: 0x08 Val: 0x0004A612
In clock cycle: 35503
Register Write to Reg: 0x08 Val: 0x0004A612
In clock cycle: 36488
Register Write to Reg: 0x08 Val: 0x0004C63C
In clock cycle: 36489
Register Write to Reg: 0x08 Val: 0x0004C63C
In clock cycle: 37474
Register Write to Reg: 0x08 Val: 0x0004E666
In clock cycle: 37475
Register Write to Reg: 0x08 Val: 0x0004E666
In clock cycle: 38460
Register Write to Reg: 0x08 Val: 0x00050690
In clock cycle: 38461
Register Write to Reg: 0x08 Val: 0x00050690
In clock cycle: 39446
Register Write to Reg: 0x08 Val: 0x000526BA
In clock cycle: 39447
Register Write to Reg: 0x08 Val: 0x000526BA
In clock cycle: 40432
Register Write to Reg: 0x08 Val: 0x000546E4
In clock cycle: 40433
Register Write to Reg: 0x08 Val: 0x000546E4
In clock cycle: 41418
Register Write to Reg: 0x08 Val: 0x0005670E
In clock cycle: 41419
Register Write to Reg: 0x08 Val: 0x0005670E
In clock cycle: 42404
Register Write to Reg: 0x08 Val: 0x00058738
In clock cycle: 42405
Register Write to Reg: 0x08 Val: 0x00058738
In clock cycle: 43390
Register Write to Reg: 0x08 Val: 0x0005A762
In clock cycle: 43391
Register Write to Reg: 0x08 Val: 0x0005A762
In clock cycle: 44376
Register Write to Reg: 0x08 Val: 0x0005C78C
In clock cycle: 44377
Register Write to Reg: 0x08 Val: 0x0005C78C
In clock cycle: 45362
Register Write to Reg: 0x08 Val: 0x0005E7B6
In clock cycle: 45363
Register Write to Reg: 0x08 Val: 0x0005E7B6
In clock cycle: 46348
Register Write to Reg: 0x08 Val: 0x000607E0
In clock cycle: 46349
Register Write to Reg: 0x08 Val: 0x000607E0
In clock cycle: 47334
Register Write to Reg: 0x08 Val: 0x0006280A
In clock cycle: 47335
Register Write to Reg: 0x08 Val: 0x0006280A
In clock cycle: 48320
Register Write to Reg: 0x08 Val: 0x00064834
In clock cycle: 48321
Register Write to Reg: 0x08 Val: 0x00064834
In clock cycle: 49306
Register Write to Reg: 0x08 Val: 0x0006685E
In clock cycle: 49307
Register Write to Reg: 0x08 Val: 0x0006685E
In clock cycle: 50292
Register Write to Reg: 0x08 Val: 0x00068888
In clock cycle: 50293
Register Write to Reg: 0x08 Val: 0x00068888
In clock cycle: 51278
Register Write to Reg: 0x08 Val: 0x0006A8B2
In clock cycle: 51279
Register Write to Reg: 0x08 Val: 0x0006A8B2
In clock cycle: 52264
Register Write to Reg: 0x08 Val: 0x0006C8DC
In clock cycle: 52265
Register Write to Reg: 0x08 Val: 0x0006C8DC
In clock cycle: 53250
Register Write to Reg: 0x08 Val: 0x0006E906
In clock cycle: 53251
Register Write to Reg: 0x08 Val: 0x0006E906
In clock cycle: 54236
Register Write to Reg: 0x08 Val: 0x00070930
In clock cycle: 54237
Register Write to Reg: 0x08 Val: 0x00070930
In clock cycle: 55222
Register Write to Reg: 0x08 Val: 0x0007295A
In clock cycle: 55223
Register Write to Reg: 0x08 Val: 0x0007295A
In clock cycle: 56208
Register Write to Reg: 0x08 Val: 0x00074984
In clock cycle: 56209
Register Write to Reg: 0x08 Val: 0x00074984
In clock cycle: 57194
Register Write to Reg: 0x08 Val: 0x000769AE
In clock cycle: 57195
Register Write to Reg: 0x08 Val: 0x000769AE
In clock cycle: 58180
Register Write to Reg: 0x08 Val: 0x000789D8
In clock cycle: 58181
Register Write to Reg: 0x08 Val: 0x000789D8
In clock cycle: 59166
Register Write to Reg: 0x08 Val: 0x0007AA02
In clock cycle: 59167
Register Write to Reg: 0x08 Val: 0x0007AA02
In clock cycle: 60152
Register Write to Reg: 0x08 Val: 0x0007CA2C
In clock cycle: 60153
Register Write to Reg: 0x08 Val: 0x0007CA2C
In clock cycle: 61138
Register Write to Reg: 0x08 Val: 0x0007EA56
In clock cycle: 61139
Register Write to Reg: 0x08 Val: 0x0007EA56
In clock cycle: 62124
Register Write to Reg: 0x08 Val: 0x00080A80
In clock cycle: 62125
Register Write to Reg: 0x08 Val: 0x00080A80
In clock cycle: 63110
Register Write to Reg: 0x08 Val: 0x00082AAA
In clock cycle: 63111
Register Write to Reg: 0x08 Val: 0x00082AAA
In clock cycle: 64096
Register Write to Reg: 0x08 Val: 0x00084AD4
In clock cycle: 64097
Register Write to Reg: 0x08 Val: 0x00084AD4
In clock cycle: 65082
Register Write to Reg: 0x08 Val: 0x00086AFE
In clock cycle: 65083
Register Write to Reg: 0x08 Val: 0x00086AFE
In clock cycle: 66068
Register Write to Reg: 0x08 Val: 0x00088B28
In clock cycle: 66069
Register Write to Reg: 0x08 Val: 0x00088B28
In clock cycle: 67054
Register Write to Reg: 0x08 Val: 0x0008AB52
In clock cycle: 67055
Register Write to Reg: 0x08 Val: 0x0008AB52
In clock cycle: 68040
Register Write to Reg: 0x08 Val: 0x0008CB7C
In clock cycle: 68041
Register Write to Reg: 0x08 Val: 0x0008CB7C
In clock cycle: 69026
Register Write to Reg: 0x08 Val: 0x0008EBA6
In clock cycle: 69027
Register Write to Reg: 0x08 Val: 0x0008EBA6
In clock cycle: 70012
Register Write to Reg: 0x08 Val: 0x00090BD0
In clock cycle: 70013
Register Write to Reg: 0x08 Val: 0x00090BD0
In clock cycle: 70998
Register Write to Reg: 0x08 Val: 0x00092BFA
In clock cycle: 70999
Register Write to Reg: 0x08 Val: 0x00092BFA
In clock cycle: 71984
Register Write to Reg: 0x08 Val: 0x00094C24
In clock cycle: 71985
Register Write to Reg: 0x08 Val: 0x00094C24
In clock cycle: 72970
Register Write to Reg: 0x08 Val: 0x00096C4E
In clock cycle: 72971
Register Write to Reg: 0x08 Val: 0x00096C4E
In clock cycle: 73956
Register Write to Reg: 0x08 Val: 0x00098C78
In clock cycle: 73957
Register Write to Reg: 0x08 Val: 0x00098C78
In clock cycle: 74942
Register Write to Reg: 0x08 Val: 0x0009ACA2
In clock cycle: 74943
Register Write to Reg: 0x08 Val: 0x0009ACA2
In clock cycle: 75928
Register Write to Reg: 0x08 Val: 0x0009CCCC
In clock cycle: 75929
Register Write to Reg: 0x08 Val: 0x0009CCCC
In clock cycle: 76914
Register Write to Reg: 0x08 Val: 0x0009ECF6
In clock cycle: 76915
Register Write to Reg: 0x08 Val: 0x0009ECF6
In clock cycle: 77900
Register Write to Reg: 0x08 Val: 0x000A0D20
In clock cycle: 77901
Register Write to Reg: 0x08 Val: 0x000A0D20
In clock cycle: 78886
Register Write to Reg: 0x08 Val: 0x000A2D4A
In clock cycle: 78887
Register Write to Reg: 0x08 Val: 0x000A2D4A
In clock cycle: 79872
Register Write to Reg: 0x08 Val: 0x000A4D74
In clock cycle: 79873
Register Write to Reg: 0x08 Val: 0x000A4D74
In clock cycle: 80858
Register Write to Reg: 0x08 Val: 0x000A6D9E
In clock cycle: 80859
Register Write to Reg: 0x08 Val: 0x000A6D9E
In clock cycle: 81844
Register Write to Reg: 0x08 Val: 0x000A8DC8
In clock cycle: 81845
Register Write to Reg: 0x08 Val: 0x000A8DC8
In clock cycle: 82830
Register Write to Reg: 0x08 Val: 0x000AADF2
In clock cycle: 82831
Register Write to Reg: 0x08 Val: 0x000AADF2
In clock cycle: 83816
Register Write to Reg: 0x08 Val: 0x000ACE1C
In clock cycle: 83817
Register Write to Reg: 0x08 Val: 0x000ACE1C
In clock cycle: 84802
Register Write to Reg: 0x08 Val: 0x000AEE46
In clock cycle: 84803
Register Write to Reg: 0x08 Val: 0x000AEE46
In clock cycle: 85788
Register Write to Reg: 0x08 Val: 0x000B0E70
In clock cycle: 85789
Register Write to Reg: 0x08 Val: 0x000B0E70
In clock cycle: 86774
Register Write to Reg: 0x08 Val: 0x000B2E9A
In clock cycle: 86775
Register Write to Reg: 0x08 Val: 0x000B2E9A
In clock cycle: 87760
Register Write to Reg: 0x08 Val: 0x000B4EC4
In clock cycle: 87761
Register Write to Reg: 0x08 Val: 0x000B4EC4
In clock cycle: 88746
Register Write to Reg: 0x08 Val: 0x000B6EEE
In clock cycle: 88747
Register Write to Reg: 0x08 Val: 0x000B6EEE
In clock cycle: 89732
Register Write to Reg: 0x08 Val: 0x000B8F18
In clock cycle: 89733
Register Write to Reg: 0x08 Val: 0x000B8F18
In clock cycle: 90718
Register Write to Reg: 0x08 Val: 0x000BAF42
In clock cycle: 90719
Register Write to Reg: 0x08 Val: 0x000BAF42
In clock cycle: 91704
Register Write to Reg: 0x08 Val: 0x000BCF6C
In clock cycle: 91705
Register Write to Reg: 0x08 Val: 0x000BCF6C
In clock cycle: 92690
Register Write to Reg: 0x08 Val: 0x000BEF96
In clock cycle: 92691
Register Write to Reg: 0x08 Val: 0x000BEF96
In clock cycle: 93676
Register Write to Reg: 0x08 Val: 0x000C0FC0
In clock cycle: 93677
Register Write to Reg: 0x08 Val: 0x000C0FC0
In clock cycle: 94662
Register Write to Reg: 0x08 Val: 0x000C2FEA
In clock cycle: 94663
Register Write to Reg: 0x08 Val: 0x000C2FEA
In clock cycle: 95648
Register Write to Reg: 0x08 Val: 0x000C5014
In clock cycle: 95649
Register Write to Reg: 0x08 Val: 0x000C5014
In clock cycle: 96634
Register Write to Reg: 0x08 Val: 0x000C703E
In clock cycle: 96635
Register Write to Reg: 0x08 Val: 0x000C703E
In clock cycle: 97620
Register Write to Reg: 0x08 Val: 0x000C9068
In clock cycle: 97621
Register Write to Reg: 0x08 Val: 0x000C9068
In clock cycle: 98606
Register Write to Reg: 0x08 Val: 0x000CB092
In clock cycle: 98607
Register Write to Reg: 0x08 Val: 0x000CB092
In clock cycle: 99592
Register Write to Reg: 0x08 Val: 0x000CD0BC
In clock cycle: 99593
Register Write to Reg: 0x08 Val: 0x000CD0BC
In clock cycle: 100578
Register Write to Reg: 0x08 Val: 0x000CF0E6
In clock cycle: 100579
Register Write to Reg: 0x08 Val: 0x000CF0E6
In clock cycle: 101564
Register Write to Reg: 0x08 Val: 0x000D1110
In clock cycle: 101565
Register Write to Reg: 0x08 Val: 0x000D1110
In clock cycle: 102550
Register Write to Reg: 0x08 Val: 0x000D313A
In clock cycle: 102551
Register Write to Reg: 0x08 Val: 0x000D313A
In clock cycle: 103536
Register Write to Reg: 0x08 Val: 0x000D5164
In clock cycle: 103537
Register Write to Reg: 0x08 Val: 0x000D5164
In clock cycle: 104522
Register Write to Reg: 0x08 Val: 0x000D718E
In clock cycle: 104523
Register Write to Reg: 0x08 Val: 0x000D718E
In clock cycle: 105508
Register Write to Reg: 0x08 Val: 0x000D91B8
In clock cycle: 105509
Register Write to Reg: 0x08 Val: 0x000D91B8
In clock cycle: 106494
Register Write to Reg: 0x08 Val: 0x000DB1E2
In clock cycle: 106495
Register Write to Reg: 0x08 Val: 0x000DB1E2
In clock cycle: 107480
Register Write to Reg: 0x08 Val: 0x000DD20C
In clock cycle: 107481
Register Write to Reg: 0x08 Val: 0x000DD20C
In clock cycle: 108466
Register Write to Reg: 0x08 Val: 0x000DF236
In clock cycle: 108467
Register Write to Reg: 0x08 Val: 0x000DF236
In clock cycle: 109452
Register Write to Reg: 0x08 Val: 0x000E1260
In clock cycle: 109453
Register Write to Reg: 0x08 Val: 0x000E1260
In clock cycle: 110438
Register Write to Reg: 0x08 Val: 0x000E328A
In clock cycle: 110439
Register Write to Reg: 0x08 Val: 0x000E328A
In clock cycle: 111424
Register Write to Reg: 0x08 Val: 0x000E52B4
In clock cycle: 111425
Register Write to Reg: 0x08 Val: 0x000E52B4
In clock cycle: 112410
Register Write to Reg: 0x08 Val: 0x000E72DE
In clock cycle: 112411
Register Write to Reg: 0x08 Val: 0x000E72DE
In clock cycle: 113396
Register Write to Reg: 0x08 Val: 0x000E9308
In clock cycle: 113397
Register Write to Reg: 0x08 Val: 0x000E9308
In clock cycle: 114382
Register Write to Reg: 0x08 Val: 0x000EB332
In clock cycle: 114383
Register Write to Reg: 0x08 Val: 0x000EB332
In clock cycle: 115368
Register Write to Reg: 0x08 Val: 0x000ED35C
In clock cycle: 115369
Register Write to Reg: 0x08 Val: 0x000ED35C
In clock cycle: 116354
Register Write to Reg: 0x08 Val: 0x000EF386
In clock cycle: 116355
Register Write to Reg: 0x08 Val: 0x000EF386
In clock cycle: 117340
Register Write to Reg: 0x08 Val: 0x000F13B0
In clock cycle: 117341
Register Write to Reg: 0x08 Val: 0x000F13B0
In clock cycle: 118326
Register Write to Reg: 0x08 Val: 0x000F33DA
In clock cycle: 118327
Register Write to Reg: 0x08 Val: 0x000F33DA
In clock cycle: 119312
Register Write to Reg: 0x08 Val: 0x000F5404
In clock cycle: 119313
Register Write to Reg: 0x08 Val: 0x000F5404
In clock cycle: 120298
Register Write to Reg: 0x08 Val: 0x000F742E
In clock cycle: 120299
Register Write to Reg: 0x08 Val: 0x000F742E
In clock cycle: 121284
Register Write to Reg: 0x08 Val: 0x000F9458
In clock cycle: 121285
Register Write to Reg: 0x08 Val: 0x000F9458
In clock cycle: 122270
Register Write to Reg: 0x08 Val: 0x000FB482
In clock cycle: 122271
Register Write to Reg: 0x08 Val: 0x000FB482
In clock cycle: 123256
Register Write to Reg: 0x08 Val: 0x000FD4AC
In clock cycle: 123257
Register Write to Reg: 0x08 Val: 0x000FD4AC
In clock cycle: 124242
Register Write to Reg: 0x08 Val: 0x000FF4D6
In clock cycle: 124243
Register Write to Reg: 0x08 Val: 0x000FF4D6
In clock cycle: 125228
Register Write to Reg: 0x08 Val: 0x00101500
In clock cycle: 125229
Register Write to Reg: 0x08 Val: 0x00101500
In clock cycle: 126214
Register Write to Reg: 0x08 Val: 0x0010352A
In clock cycle: 126215
Register Write to Reg: 0x08 Val: 0x0010352A
In clock cycle: 127200
Register Write to Reg: 0x08 Val: 0x00105554
In clock cycle: 127201
Register Write to Reg: 0x08 Val: 0x00105554
In clock cycle: 128186
Register Write to Reg: 0x08 Val: 0x0010757E
In clock cycle: 128187
Register Write to Reg: 0x08 Val: 0x0010757E
In clock cycle: 129172
Register Write to Reg: 0x08 Val: 0x001095A8
In clock cycle: 129173
Register Write to Reg: 0x08 Val: 0x001095A8
In clock cycle: 130158
Register Write to Reg: 0x08 Val: 0x0010B5D2
In clock cycle: 130159
Register Write to Reg: 0x08 Val: 0x0010B5D2
In clock cycle: 131144
Register Write to Reg: 0x08 Val: 0x0010D5FC
In clock cycle: 131145
Register Write to Reg: 0x08 Val: 0x0010D5FC
In clock cycle: 132130
Register Write to Reg: 0x08 Val: 0x0010F626
In clock cycle: 132131
Register Write to Reg: 0x08 Val: 0x0010F626
In clock cycle: 133116
Register Write to Reg: 0x08 Val: 0x00111650
In clock cycle: 133117
Register Write to Reg: 0x08 Val: 0x00111650
In clock cycle: 134102
Register Write to Reg: 0x08 Val: 0x0011367A
In clock cycle: 134103
Register Write to Reg: 0x08 Val: 0x0011367A
In clock cycle: 135088
Register Write to Reg: 0x08 Val: 0x001156A4
In clock cycle: 135089
Register Write to Reg: 0x08 Val: 0x001156A4
In clock cycle: 136074
Register Write to Reg: 0x08 Val: 0x001176CE
In clock cycle: 136075
Register Write to Reg: 0x08 Val: 0x001176CE
In clock cycle: 137060
Register Write to Reg: 0x08 Val: 0x001196F8
In clock cycle: 137061
Register Write to Reg: 0x08 Val: 0x001196F8
In clock cycle: 138046
Register Write to Reg: 0x08 Val: 0x0011B722
In clock cycle: 138047
Register Write to Reg: 0x08 Val: 0x0011B722
In clock cycle: 139032
Register Write to Reg: 0x08 Val: 0x0011D74C
In clock cycle: 139033
Register Write to Reg: 0x08 Val: 0x0011D74C
In clock cycle: 140018
Register Write to Reg: 0x08 Val: 0x0011F776
In clock cycle: 140019
Register Write to Reg: 0x08 Val: 0x0011F776
In clock cycle: 141004
Register Write to Reg: 0x08 Val: 0x001217A0
In clock cycle: 141005
Register Write to Reg: 0x08 Val: 0x001217A0
In clock cycle: 141990
Register Write to Reg: 0x08 Val: 0x001237CA
In clock cycle: 141991
Register Write to Reg: 0x08 Val: 0x001237CA
In clock cycle: 142976
Register Write to Reg: 0x08 Val: 0x001257F4
In clock cycle: 142977
Register Write to Reg: 0x08 Val: 0x001257F4
In clock cycle: 143962
Register Write to Reg: 0x08 Val: 0x0012781E
In clock cycle: 143963
Register Write to Reg: 0x08 Val: 0x0012781E
In clock cycle: 144948
Register Write to Reg: 0x08 Val: 0x00129848
In clock cycle: 144949
Register Write to Reg: 0x08 Val: 0x00129848
In clock cycle: 145934
Register Write to Reg: 0x08 Val: 0x0012B872
In clock cycle: 145935
Register Write to Reg: 0x08 Val: 0x0012B872
In clock cycle: 146920
Register Write to Reg: 0x08 Val: 0x0012D89C
In clock cycle: 146921
Register Write to Reg: 0x08 Val: 0x0012D89C
In clock cycle: 147906
Register Write to Reg: 0x08 Val: 0x0012F8C6
In clock cycle: 147907
Register Write to Reg: 0x08 Val: 0x0012F8C6
In clock cycle: 148892
Register Write to Reg: 0x08 Val: 0x001318F0
In clock cycle: 148893
Register Write to Reg: 0x08 Val: 0x001318F0
In clock cycle: 149878
Register Write to Reg: 0x08 Val: 0x0013391A
In clock cycle: 149879
Register Write to Reg: 0x08 Val: 0x0013391A
In clock cycle: 150864
Register Write to Reg: 0x08 Val: 0x00135944
In clock cycle: 150865
Register Write to Reg: 0x08 Val: 0x00135944
In clock cycle: 151850
Register Write to Reg: 0x08 Val: 0x0013796E
In clock cycle: 151851
Register Write to Reg: 0x08 Val: 0x0013796E
In clock cycle: 152836
Register Write to Reg: 0x08 Val: 0x00139998
In clock cycle: 152837
Register Write to Reg: 0x08 Val: 0x00139998
In clock cycle: 153822
Register Write to Reg: 0x08 Val: 0x0013B9C2
In clock cycle: 153823
Register Write to Reg: 0x08 Val: 0x0013B9C2
In clock cycle: 154808
Register Write to Reg: 0x08 Val: 0x0013D9EC
In clock cycle: 154809
Register Write to Reg: 0x08 Val: 0x0013D9EC
In clock cycle: 155794
Register Write to Reg: 0x08 Val: 0x0013FA16
In clock cycle: 155795
Register Write to Reg: 0x08 Val: 0x0013FA16
In clock cycle: 156780
Register Write to Reg: 0x08 Val: 0x00141A40
In clock cycle: 156781
Register Write to Reg: 0x08 Val: 0x00141A40
In clock cycle: 157766
Register Write to Reg: 0x08 Val: 0x00143A6A
In clock cycle: 157767
Register Write to Reg: 0x08 Val: 0x00143A6A
In clock cycle: 158752
Register Write to Reg: 0x08 Val: 0x00145A94
In clock cycle: 158753
Register Write to Reg: 0x08 Val: 0x00145A94
In clock cycle: 159738
Register Write to Reg: 0x08 Val: 0x00147ABE
In clock cycle: 159739
Register Write to Reg: 0x08 Val: 0x00147ABE
In clock cycle: 160724
Register Write to Reg: 0x08 Val: 0x00149AE8
In clock cycle: 160725
Register Write to Reg: 0x08 Val: 0x00149AE8
In clock cycle: 161710
Register Write to Reg: 0x08 Val: 0x0014BB12
In clock cycle: 161711
Register Write to Reg: 0x08 Val: 0x0014BB12
In clock cycle: 162696
Register Write to Reg: 0x08 Val: 0x0014DB3C
In clock cycle: 162697
Register Write to Reg: 0x08 Val: 0x0014DB3C
In clock cycle: 163682
Register Write to Reg: 0x08 Val: 0x0014FB66
In clock cycle: 163683
Register Write to Reg: 0x08 Val: 0x0014FB66
In clock cycle: 164668
Register Write to Reg: 0x08 Val: 0x00151B90
In clock cycle: 164669
Register Write to Reg: 0x08 Val: 0x00151B90
In clock cycle: 165654
Register Write to Reg: 0x08 Val: 0x00153BBA
In clock cycle: 165655
Register Write to Reg: 0x08 Val: 0x00153BBA
In clock cycle: 166640
Register Write to Reg: 0x08 Val: 0x00155BE4
In clock cycle: 166641
Register Write to Reg: 0x08 Val: 0x00155BE4
In clock cycle: 167626
Register Write to Reg: 0x08 Val: 0x00157C0E
In clock cycle: 167627
Register Write to Reg: 0x08 Val: 0x00157C0E
In clock cycle: 168612
Register Write to Reg: 0x08 Val: 0x00159C38
In clock cycle: 168613
Register Write to Reg: 0x08 Val: 0x00159C38
In clock cycle: 169598
Register Write to Reg: 0x08 Val: 0x0015BC62
In clock cycle: 169599
Register Write to Reg: 0x08 Val: 0x0015BC62
In clock cycle: 170584
Register Write to Reg: 0x08 Val: 0x0015DC8C
In clock cycle: 170585
Register Write to Reg: 0x08 Val: 0x0015DC8C
In clock cycle: 171570
Register Write to Reg: 0x08 Val: 0x0015FCB6
In clock cycle: 171571
Register Write to Reg: 0x08 Val: 0x0015FCB6
In clock cycle: 172556
Register Write to Reg: 0x08 Val: 0x00161CE0
In clock cycle: 172557
Register Write to Reg: 0x08 Val: 0x00161CE0
In clock cycle: 173542
Register Write to Reg: 0x08 Val: 0x00163D0A
In clock cycle: 173543
Register Write to Reg: 0x08 Val: 0x00163D0A
In clock cycle: 174528
Register Write to Reg: 0x08 Val: 0x00165D34
In clock cycle: 174529
Register Write to Reg: 0x08 Val: 0x00165D34
In clock cycle: 175514
Register Write to Reg: 0x08 Val: 0x00167D5E
In clock cycle: 175515
Register Write to Reg: 0x08 Val: 0x00167D5E
In clock cycle: 176500
Register Write to Reg: 0x08 Val: 0x00169D88
In clock cycle: 176501
Register Write to Reg: 0x08 Val: 0x00169D88
In clock cycle: 177486
Register Write to Reg: 0x08 Val: 0x0016BDB2
In clock cycle: 177487
Register Write to Reg: 0x08 Val: 0x0016BDB2
In clock cycle: 178472
Register Write to Reg: 0x08 Val: 0x0016DDDC
In clock cycle: 178473
Register Write to Reg: 0x08 Val: 0x0016DDDC
In clock cycle: 179458
Register Write to Reg: 0x08 Val: 0x0016FE06
In clock cycle: 179459
Register Write to Reg: 0x08 Val: 0x0016FE06
In clock cycle: 180444
Register Write to Reg: 0x08 Val: 0x00171E30
In clock cycle: 180445
Register Write to Reg: 0x08 Val: 0x00171E30
In clock cycle: 181430
Register Write to Reg: 0x08 Val: 0x00173E5A
In clock cycle: 181431
Register Write to Reg: 0x08 Val: 0x00173E5A
In clock cycle: 182416
Register Write to Reg: 0x08 Val: 0x00175E84
In clock cycle: 182417
Register Write to Reg: 0x08 Val: 0x00175E84
In clock cycle: 183402
Register Write to Reg: 0x08 Val: 0x00177EAE
In clock cycle: 183403
Register Write to Reg: 0x08 Val: 0x00177EAE
In clock cycle: 184388
Register Write to Reg: 0x08 Val: 0x00179ED8
In clock cycle: 184389
Register Write to Reg: 0x08 Val: 0x00179ED8
In clock cycle: 185374
Register Write to Reg: 0x08 Val: 0x0017BF02
In clock cycle: 185375
Register Write to Reg: 0x08 Val: 0x0017BF02
In clock cycle: 186360
Register Write to Reg: 0x08 Val: 0x0017DF2C
In clock cycle: 186361
Register Write to Reg: 0x08 Val: 0x0017DF2C
In clock cycle: 187346
Register Write to Reg: 0x08 Val: 0x0017FF56
In clock cycle: 187347
Register Write to Reg: 0x08 Val: 0x0017FF56
In clock cycle: 188332
Register Write to Reg: 0x08 Val: 0x00181F80
In clock cycle: 188333
Register Write to Reg: 0x08 Val: 0x00181F80
In clock cycle: 189318
Register Write to Reg: 0x08 Val: 0x00183FAA
In clock cycle: 189319
Register Write to Reg: 0x08 Val: 0x00183FAA
In clock cycle: 190304
Register Write to Reg: 0x08 Val: 0x00185FD4
In clock cycle: 190305
Register Write to Reg: 0x08 Val: 0x00185FD4
In clock cycle: 191290
Register Write to Reg: 0x08 Val: 0x00187FFE
In clock cycle: 191291
Register Write to Reg: 0x08 Val: 0x00187FFE
In clock cycle: 192276
Register Write to Reg: 0x08 Val: 0x0018A028
In clock cycle: 192277
Register Write to Reg: 0x08 Val: 0x0018A028
In clock cycle: 193262
Register Write to Reg: 0x08 Val: 0x0018C052
In clock cycle: 193263
Register Write to Reg: 0x08 Val: 0x0018C052
In clock cycle: 194248
Register Write to Reg: 0x08 Val: 0x0018E07C
In clock cycle: 194249
Register Write to Reg: 0x08 Val: 0x0018E07C
In clock cycle: 195234
Register Write to Reg: 0x08 Val: 0x001900A6
In clock cycle: 195235
Register Write to Reg: 0x08 Val: 0x001900A6
In clock cycle: 196220
Register Write to Reg: 0x08 Val: 0x001920D0
In clock cycle: 196221
Register Write to Reg: 0x08 Val: 0x001920D0
In clock cycle: 197206
Register Write to Reg: 0x08 Val: 0x001940FA
In clock cycle: 197207
Register Write to Reg: 0x08 Val: 0x001940FA
In clock cycle: 198192
Register Write to Reg: 0x08 Val: 0x00196124
In clock cycle: 198193
Register Write to Reg: 0x08 Val: 0x00196124
In clock cycle: 199178
Register Write to Reg: 0x08 Val: 0x0019814E
In clock cycle: 199179
Register Write to Reg: 0x08 Val: 0x0019814E
In clock cycle: 200164
Register Write to Reg: 0x08 Val: 0x0019A178
In clock cycle: 200165
Register Write to Reg: 0x08 Val: 0x0019A178
In clock cycle: 201150
Register Write to Reg: 0x08 Val: 0x0019C1A2
In clock cycle: 201151
Register Write to Reg: 0x08 Val: 0x0019C1A2
In clock cycle: 202136
Register Write to Reg: 0x08 Val: 0x0019E1CC
In clock cycle: 202137
Register Write to Reg: 0x08 Val: 0x0019E1CC
In clock cycle: 203122
Register Write to Reg: 0x08 Val: 0x001A01F6
In clock cycle: 203123
Register Write to Reg: 0x08 Val: 0x001A01F6
In clock cycle: 204108
Register Write to Reg: 0x08 Val: 0x001A2220
In clock cycle: 204109
Register Write to Reg: 0x08 Val: 0x001A2220
In clock cycle: 205094
Register Write to Reg: 0x08 Val: 0x001A424A
In clock cycle: 205095
Register Write to Reg: 0x08 Val: 0x001A424A
In clock cycle: 206080
Register Write to Reg: 0x08 Val: 0x001A6274
In clock cycle: 206081
Register Write to Reg: 0x08 Val: 0x001A6274
In clock cycle: 207066
Register Write to Reg: 0x08 Val: 0x001A829E
In clock cycle: 207067
Register Write to Reg: 0x08 Val: 0x001A829E
In clock cycle: 208052
Register Write to Reg: 0x08 Val: 0x001AA2C8
In clock cycle: 208053
Register Write to Reg: 0x08 Val: 0x001AA2C8
In clock cycle: 209038
Register Write to Reg: 0x08 Val: 0x001AC2F2
In clock cycle: 209039
Register Write to Reg: 0x08 Val: 0x001AC2F2
In clock cycle: 210024
Register Write to Reg: 0x08 Val: 0x001AE31C
In clock cycle: 210025
Register Write to Reg: 0x08 Val: 0x001AE31C
In clock cycle: 211010
Register Write to Reg: 0x08 Val: 0x001B0346
In clock cycle: 211011
Register Write to Reg: 0x08 Val: 0x001B0346
In clock cycle: 211996
Register Write to Reg: 0x08 Val: 0x001B2370
In clock cycle: 211997
Register Write to Reg: 0x08 Val: 0x001B2370
In clock cycle: 212982
Register Write to Reg: 0x08 Val: 0x001B439A
In clock cycle: 212983
Register Write to Reg: 0x08 Val: 0x001B439A
In clock cycle: 213968
Register Write to Reg: 0x08 Val: 0x001B63C4
In clock cycle: 213969
Register Write to Reg: 0x08 Val: 0x001B63C4
In clock cycle: 214954
Register Write to Reg: 0x08 Val: 0x001B83EE
In clock cycle: 214955
Register Write to Reg: 0x08 Val: 0x001B83EE
In clock cycle: 215940
Register Write to Reg: 0x08 Val: 0x001BA418
In clock cycle: 215941
Register Write to Reg: 0x08 Val: 0x001BA418
In clock cycle: 216926
Register Write to Reg: 0x08 Val: 0x001BC442
In clock cycle: 216927
Register Write to Reg: 0x08 Val: 0x001BC442
In clock cycle: 217912
Register Write to Reg: 0x08 Val: 0x001BE46C
In clock cycle: 217913
Register Write to Reg: 0x08 Val: 0x001BE46C
In clock cycle: 218898
Register Write to Reg: 0x08 Val: 0x001C0496
In clock cycle: 218899
Register Write to Reg: 0x08 Val: 0x001C0496
In clock cycle: 219884
Register Write to Reg: 0x08 Val: 0x001C24C0
In clock cycle: 219885
Register Write to Reg: 0x08 Val: 0x001C24C0
In clock cycle: 220870
Register Write to Reg: 0x08 Val: 0x001C44EA
In clock cycle: 220871
Register Write to Reg: 0x08 Val: 0x001C44EA
In clock cycle: 221856
Register Write to Reg: 0x08 Val: 0x001C6514
In clock cycle: 221857
Register Write to Reg: 0x08 Val: 0x001C6514
In clock cycle: 222842
Register Write to Reg: 0x08 Val: 0x001C853E
In clock cycle: 222843
Register Write to Reg: 0x08 Val: 0x001C853E
In clock cycle: 223828
Register Write to Reg: 0x08 Val: 0x001CA568
In clock cycle: 223829
Register Write to Reg: 0x08 Val: 0x001CA568
In clock cycle: 224814
Register Write to Reg: 0x08 Val: 0x001CC592
In clock cycle: 224815
Register Write to Reg: 0x08 Val: 0x001CC592
In clock cycle: 225800
Register Write to Reg: 0x08 Val: 0x001CE5BC
In clock cycle: 225801
Register Write to Reg: 0x08 Val: 0x001CE5BC
In clock cycle: 226786
Register Write to Reg: 0x08 Val: 0x001D05E6
In clock cycle: 226787
Register Write to Reg: 0x08 Val: 0x001D05E6
In clock cycle: 227772
Register Write to Reg: 0x08 Val: 0x001D2610
In clock cycle: 227773
Register Write to Reg: 0x08 Val: 0x001D2610
In clock cycle: 228758
Register Write to Reg: 0x08 Val: 0x001D463A
In clock cycle: 228759
Register Write to Reg: 0x08 Val: 0x001D463A
In clock cycle: 229744
Register Write to Reg: 0x08 Val: 0x001D6664
In clock cycle: 229745
Register Write to Reg: 0x08 Val: 0x001D6664
In clock cycle: 230730
Register Write to Reg: 0x08 Val: 0x001D868E
In clock cycle: 230731
Register Write to Reg: 0x08 Val: 0x001D868E
In clock cycle: 231716
Register Write to Reg: 0x08 Val: 0x001DA6B8
In clock cycle: 231717
Register Write to Reg: 0x08 Val: 0x001DA6B8
In clock cycle: 232702
Register Write to Reg: 0x08 Val: 0x001DC6E2
In clock cycle: 232703
Register Write to Reg: 0x08 Val: 0x001DC6E2
In clock cycle: 233688
Register Write to Reg: 0x08 Val: 0x001DE70C
In clock cycle: 233689
Register Write to Reg: 0x08 Val: 0x001DE70C
In clock cycle: 234674
Register Write to Reg: 0x08 Val: 0x001E0736
In clock cycle: 234675
Register Write to Reg: 0x08 Val: 0x001E0736
In clock cycle: 235660
Register Write to Reg: 0x08 Val: 0x001E2760
In clock cycle: 235661
Register Write to Reg: 0x08 Val: 0x001E2760
In clock cycle: 236646
Register Write to Reg: 0x08 Val: 0x001E478A
In clock cycle: 236647
Register Write to Reg: 0x08 Val: 0x001E478A
In clock cycle: 237632
Register Write to Reg: 0x08 Val: 0x001E67B4
In clock cycle: 237633
Register Write to Reg: 0x08 Val: 0x001E67B4
In clock cycle: 238618
Register Write to Reg: 0x08 Val: 0x001E87DE
In clock cycle: 238619
Register Write to Reg: 0x08 Val: 0x001E87DE
In clock cycle: 239604
Register Write to Reg: 0x08 Val: 0x001EA808
In clock cycle: 239605
Register Write to Reg: 0x08 Val: 0x001EA808
In clock cycle: 240590
Register Write to Reg: 0x08 Val: 0x001EC832
In clock cycle: 240591
Register Write to Reg: 0x08 Val: 0x001EC832
In clock cycle: 241576
Register Write to Reg: 0x08 Val: 0x001EE85C
In clock cycle: 241577
Register Write to Reg: 0x08 Val: 0x001EE85C
In clock cycle: 242562
Register Write to Reg: 0x08 Val: 0x001F0886
In clock cycle: 242563
Register Write to Reg: 0x08 Val: 0x001F0886
In clock cycle: 243548
Register Write to Reg: 0x08 Val: 0x001F28B0
In clock cycle: 243549
Register Write to Reg: 0x08 Val: 0x001F28B0
In clock cycle: 244534
Register Write to Reg: 0x08 Val: 0x001F48DA
In clock cycle: 244535
Register Write to Reg: 0x08 Val: 0x001F48DA
In clock cycle: 245520
Register Write to Reg: 0x08 Val: 0x001F6904
In clock cycle: 245521
Register Write to Reg: 0x08 Val: 0x001F6904
In clock cycle: 246506
Register Write to Reg: 0x08 Val: 0x001F892E
In clock cycle: 246507
Register Write to Reg: 0x08 Val: 0x001F892E
In clock cycle: 247492
Register Write to Reg: 0x08 Val: 0x001FA958
In clock cycle: 247493
Register Write to Reg: 0x08 Val: 0x001FA958
In clock cycle: 248478
Register Write to Reg: 0x08 Val: 0x001FC982
In clock cycle: 248479
Register Write to Reg: 0x08 Val: 0x001FC982
In clock cycle: 249464
Register Write to Reg: 0x08 Val: 0x001FE9AC
In clock cycle: 249465
Register Write to Reg: 0x08 Val: 0x001FE9AC
In clock cycle: 250450
Register Write to Reg: 0x08 Val: 0x002009D6
In clock cycle: 250451
Register Write to Reg: 0x08 Val: 0x002009D6
In clock cycle: 251436
Register Write to Reg: 0x08 Val: 0x00202A00
In clock cycle: 251437
Register Write to Reg: 0x08 Val: 0x00202A00
In clock cycle: 252422
Register Write to Reg: 0x08 Val: 0x00204A2A
In clock cycle: 252423
Register Write to Reg: 0x08 Val: 0x00204A2A
In clock cycle: 253408
Register Write to Reg: 0x08 Val: 0x00206A54
In clock cycle: 253409
Register Write to Reg: 0x08 Val: 0x00206A54
In clock cycle: 254394
Register Write to Reg: 0x08 Val: 0x00208A7E
In clock cycle: 254395
Register Write to Reg: 0x08 Val: 0x00208A7E
In clock cycle: 255380
Register Write to Reg: 0x08 Val: 0x0020AAA8
In clock cycle: 255381
Register Write to Reg: 0x08 Val: 0x0020AAA8
In clock cycle: 256366
Register Write to Reg: 0x08 Val: 0x0020CAD2
In clock cycle: 256367
Register Write to Reg: 0x08 Val: 0x0020CAD2
In clock cycle: 257352
Register Write to Reg: 0x08 Val: 0x0020EAFC
In clock cycle: 257353
Register Write to Reg: 0x08 Val: 0x0020EAFC
In clock cycle: 258338
Register Write to Reg: 0x08 Val: 0x00210B26
In clock cycle: 258339
Register Write to Reg: 0x08 Val: 0x00210B26
In clock cycle: 259324
Register Write to Reg: 0x08 Val: 0x00212B50
In clock cycle: 259325
Register Write to Reg: 0x08 Val: 0x00212B50
In clock cycle: 260310
Register Write to Reg: 0x08 Val: 0x00214B7A
In clock cycle: 260311
Register Write to Reg: 0x08 Val: 0x00214B7A
In clock cycle: 261296
Register Write to Reg: 0x08 Val: 0x00216BA4
In clock cycle: 261297
Register Write to Reg: 0x08 Val: 0x00216BA4
In clock cycle: 262282
Register Write to Reg: 0x08 Val: 0x00218BCE
In clock cycle: 262283
Register Write to Reg: 0x08 Val: 0x00218BCE
In clock cycle: 263268
Register Write to Reg: 0x08 Val: 0x0021ABF8
In clock cycle: 263269
Register Write to Reg: 0x08 Val: 0x0021ABF8
In clock cycle: 264254
Register Write to Reg: 0x08 Val: 0x0021CC22
In clock cycle: 264255
Register Write to Reg: 0x08 Val: 0x0021CC22
In clock cycle: 265240
Register Write to Reg: 0x08 Val: 0x0021EC4C
In clock cycle: 265241
Register Write to Reg: 0x08 Val: 0x0021EC4C
In clock cycle: 266226
Register Write to Reg: 0x08 Val: 0x00220C76
In clock cycle: 266227
Register Write to Reg: 0x08 Val: 0x00220C76
In clock cycle: 267212
Register Write to Reg: 0x08 Val: 0x00222CA0
In clock cycle: 267213
Register Write to Reg: 0x08 Val: 0x00222CA0
In clock cycle: 268198
Register Write to Reg: 0x08 Val: 0x00224CCA
In clock cycle: 268199
Register Write to Reg: 0x08 Val: 0x00224CCA
In clock cycle: 269184
Register Write to Reg: 0x08 Val: 0x00226CF4
In clock cycle: 269185
Register Write to Reg: 0x08 Val: 0x00226CF4
In clock cycle: 270170
Register Write to Reg: 0x08 Val: 0x00228D1E
In clock cycle: 270171
Register Write to Reg: 0x08 Val: 0x00228D1E
In clock cycle: 271156
Register Write to Reg: 0x08 Val: 0x0022AD48
In clock cycle: 271157
Register Write to Reg: 0x08 Val: 0x0022AD48
In clock cycle: 272142
Register Write to Reg: 0x08 Val: 0x0022CD72
In clock cycle: 272143
Register Write to Reg: 0x08 Val: 0x0022CD72
In clock cycle: 273128
Register Write to Reg: 0x08 Val: 0x0022ED9C
In clock cycle: 273129
Register Write to Reg: 0x08 Val: 0x0022ED9C
In clock cycle: 274114
Register Write to Reg: 0x08 Val: 0x00230DC6
In clock cycle: 274115
Register Write to Reg: 0x08 Val: 0x00230DC6
In clock cycle: 275100
Register Write to Reg: 0x08 Val: 0x00232DF0
In clock cycle: 275101
Register Write to Reg: 0x08 Val: 0x00232DF0
In clock cycle: 276086
Register Write to Reg: 0x08 Val: 0x00234E1A
In clock cycle: 276087
Register Write to Reg: 0x08 Val: 0x00234E1A
In clock cycle: 277072
Register Write to Reg: 0x08 Val: 0x00236E44
In clock cycle: 277073
Register Write to Reg: 0x08 Val: 0x00236E44
In clock cycle: 278058
Register Write to Reg: 0x08 Val: 0x00238E6E
In clock cycle: 278059
Register Write to Reg: 0x08 Val: 0x00238E6E
In clock cycle: 279044
Register Write to Reg: 0x08 Val: 0x0023AE98
In clock cycle: 279045
Register Write to Reg: 0x08 Val: 0x0023AE98
In clock cycle: 280030
Register Write to Reg: 0x08 Val: 0x0023CEC2
In clock cycle: 280031
Register Write to Reg: 0x08 Val: 0x0023CEC2
In clock cycle: 281016
Register Write to Reg: 0x08 Val: 0x0023EEEC
In clock cycle: 281017
Register Write to Reg: 0x08 Val: 0x0023EEEC
In clock cycle: 282002
Register Write to Reg: 0x08 Val: 0x00240F16
In clock cycle: 282003
Register Write to Reg: 0x08 Val: 0x00240F16
In clock cycle: 282988
Register Write to Reg: 0x08 Val: 0x00242F40
In clock cycle: 282989
Register Write to Reg: 0x08 Val: 0x00242F40
In clock cycle: 283974
Register Write to Reg: 0x08 Val: 0x00244F6A
In clock cycle: 283975
Register Write to Reg: 0x08 Val: 0x00244F6A
In clock cycle: 284960
Register Write to Reg: 0x08 Val: 0x00246F94
In clock cycle: 284961
Register Write to Reg: 0x08 Val: 0x00246F94
In clock cycle: 285946
Register Write to Reg: 0x08 Val: 0x00248FBE
In clock cycle: 285947
Register Write to Reg: 0x08 Val: 0x00248FBE
In clock cycle: 286932
Register Write to Reg: 0x08 Val: 0x0024AFE8
In clock cycle: 286933
Register Write to Reg: 0x08 Val: 0x0024AFE8
In clock cycle: 287918
Register Write to Reg: 0x08 Val: 0x0024D012
In clock cycle: 287919
Register Write to Reg: 0x08 Val: 0x0024D012
In clock cycle: 288904
Register Write to Reg: 0x08 Val: 0x0024F03C
In clock cycle: 288905
Register Write to Reg: 0x08 Val: 0x0024F03C
In clock cycle: 289890
Register Write to Reg: 0x08 Val: 0x00251066
In clock cycle: 289891
Register Write to Reg: 0x08 Val: 0x00251066
In clock cycle: 290876
Register Write to Reg: 0x08 Val: 0x00253090
In clock cycle: 290877
Register Write to Reg: 0x08 Val: 0x00253090
In clock cycle: 291862
Register Write to Reg: 0x08 Val: 0x002550BA
In clock cycle: 291863
Register Write to Reg: 0x08 Val: 0x002550BA
In clock cycle: 292848
Register Write to Reg: 0x08 Val: 0x002570E4
In clock cycle: 292849
Register Write to Reg: 0x08 Val: 0x002570E4
In clock cycle: 293834
Register Write to Reg: 0x08 Val: 0x0025910E
In clock cycle: 293835
Register Write to Reg: 0x08 Val: 0x0025910E
In clock cycle: 294820
Register Write to Reg: 0x08 Val: 0x0025B138
In clock cycle: 294821
Register Write to Reg: 0x08 Val: 0x0025B138
In clock cycle: 295806
Register Write to Reg: 0x08 Val: 0x0025D162
In clock cycle: 295807
Register Write to Reg: 0x08 Val: 0x0025D162
In clock cycle: 296792
Register Write to Reg: 0x08 Val: 0x0025F18C
In clock cycle: 296793
Register Write to Reg: 0x08 Val: 0x0025F18C
In clock cycle: 297778
Register Write to Reg: 0x08 Val: 0x002611B6
In clock cycle: 297779
Register Write to Reg: 0x08 Val: 0x002611B6
In clock cycle: 298764
Register Write to Reg: 0x08 Val: 0x002631E0
In clock cycle: 298765
Register Write to Reg: 0x08 Val: 0x002631E0
In clock cycle: 299750
Register Write to Reg: 0x08 Val: 0x0026520A
In clock cycle: 299751
Register Write to Reg: 0x08 Val: 0x0026520A
In clock cycle: 300736
Register Write to Reg: 0x08 Val: 0x00267234
In clock cycle: 300737
Register Write to Reg: 0x08 Val: 0x00267234
In clock cycle: 301722
Register Write to Reg: 0x08 Val: 0x0026925E
In clock cycle: 301723
Register Write to Reg: 0x08 Val: 0x0026925E
In clock cycle: 302708
Register Write to Reg: 0x08 Val: 0x0026B288
In clock cycle: 302709
Register Write to Reg: 0x08 Val: 0x0026B288
In clock cycle: 303694
Register Write to Reg: 0x08 Val: 0x0026D2B2
In clock cycle: 303695
Register Write to Reg: 0x08 Val: 0x0026D2B2
In clock cycle: 304680
Register Write to Reg: 0x08 Val: 0x0026F2DC
In clock cycle: 304681
Register Write to Reg: 0x08 Val: 0x0026F2DC
In clock cycle: 305666
Register Write to Reg: 0x08 Val: 0x00271306
In clock cycle: 305667
Register Write to Reg: 0x08 Val: 0x00271306
In clock cycle: 306652
Register Write to Reg: 0x08 Val: 0x00273330
In clock cycle: 306653
Register Write to Reg: 0x08 Val: 0x00273330
In clock cycle: 307638
Register Write to Reg: 0x08 Val: 0x0027535A
In clock cycle: 307639
Register Write to Reg: 0x08 Val: 0x0027535A
In clock cycle: 308624
Register Write to Reg: 0x08 Val: 0x00277384
In clock cycle: 308625
Register Write to Reg: 0x08 Val: 0x00277384
In clock cycle: 309610
Register Write to Reg: 0x08 Val: 0x002793AE
In clock cycle: 309611
Register Write to Reg: 0x08 Val: 0x002793AE
In clock cycle: 310596
Register Write to Reg: 0x08 Val: 0x0027B3D8
In clock cycle: 310597
Register Write to Reg: 0x08 Val: 0x0027B3D8
In clock cycle: 311582
Register Write to Reg: 0x08 Val: 0x0027D402
In clock cycle: 311583
Register Write to Reg: 0x08 Val: 0x0027D402
In clock cycle: 312568
Register Write to Reg: 0x08 Val: 0x0027F42C
In clock cycle: 312569
Register Write to Reg: 0x08 Val: 0x0027F42C
In clock cycle: 313554
Register Write to Reg: 0x08 Val: 0x00281456
In clock cycle: 313555
Register Write to Reg: 0x08 Val: 0x00281456
In clock cycle: 314540
Register Write to Reg: 0x08 Val: 0x00283480
In clock cycle: 314541
Register Write to Reg: 0x08 Val: 0x00283480
In clock cycle: 315526
Register Write to Reg: 0x08 Val: 0x002854AA
In clock cycle: 315527
Register Write to Reg: 0x08 Val: 0x002854AA
In clock cycle: 316512
Register Write to Reg: 0x08 Val: 0x002874D4
In clock cycle: 316513
Register Write to Reg: 0x08 Val: 0x002874D4
In clock cycle: 317498
Register Write to Reg: 0x08 Val: 0x002894FE
In clock cycle: 317499
Register Write to Reg: 0x08 Val: 0x002894FE
In clock cycle: 318484
Register Write to Reg: 0x08 Val: 0x0028B528
In clock cycle: 318485
Register Write to Reg: 0x08 Val: 0x0028B528
In clock cycle: 319470
Register Write to Reg: 0x08 Val: 0x0028D552
In clock cycle: 319471
Register Write to Reg: 0x08 Val: 0x0028D552
In clock cycle: 320456
Register Write to Reg: 0x08 Val: 0x0028F57C
In clock cycle: 320457
Register Write to Reg: 0x08 Val: 0x0028F57C
In clock cycle: 321442
Register Write to Reg: 0x08 Val: 0x002915A6
In clock cycle: 321443
Register Write to Reg: 0x08 Val: 0x002915A6
In clock cycle: 322428
Register Write to Reg: 0x08 Val: 0x002935D0
In clock cycle: 322429
Register Write to Reg: 0x08 Val: 0x002935D0
In clock cycle: 323414
Register Write to Reg: 0x08 Val: 0x002955FA
In clock cycle: 323415
Register Write to Reg: 0x08 Val: 0x002955FA
In clock cycle: 324400
Register Write to Reg: 0x08 Val: 0x00297624
In clock cycle: 324401
Register Write to Reg: 0x08 Val: 0x00297624
In clock cycle: 325386
Register Write to Reg: 0x08 Val: 0x0029964E
In clock cycle: 325387
Register Write to Reg: 0x08 Val: 0x0029964E
In clock cycle: 326372
Register Write to Reg: 0x08 Val: 0x0029B678
In clock cycle: 326373
Register Write to Reg: 0x08 Val: 0x0029B678
In clock cycle: 327358
Register Write to Reg: 0x08 Val: 0x0029D6A2
In clock cycle: 327359
Register Write to Reg: 0x08 Val: 0x0029D6A2
In clock cycle: 328344
Register Write to Reg: 0x08 Val: 0x0029F6CC
In clock cycle: 328345
Register Write to Reg: 0x08 Val: 0x0029F6CC
In clock cycle: 329330
Register Write to Reg: 0x08 Val: 0x002A16F6
In clock cycle: 329331
Register Write to Reg: 0x08 Val: 0x002A16F6
In clock cycle: 330316
Register Write to Reg: 0x08 Val: 0x002A3720
In clock cycle: 330317
Register Write to Reg: 0x08 Val: 0x002A3720
In clock cycle: 331302
Register Write to Reg: 0x08 Val: 0x002A574A
In clock cycle: 331303
Register Write to Reg: 0x08 Val: 0x002A574A
In clock cycle: 332288
Register Write to Reg: 0x08 Val: 0x002A7774
In clock cycle: 332289
Register Write to Reg: 0x08 Val: 0x002A7774
In clock cycle: 333274
Register Write to Reg: 0x08 Val: 0x002A979E
In clock cycle: 333275
Register Write to Reg: 0x08 Val: 0x002A979E
In clock cycle: 334260
Register Write to Reg: 0x08 Val: 0x002AB7C8
In clock cycle: 334261
Register Write to Reg: 0x08 Val: 0x002AB7C8
In clock cycle: 335246
Register Write to Reg: 0x08 Val: 0x002AD7F2
In clock cycle: 335247
Register Write to Reg: 0x08 Val: 0x002AD7F2
In clock cycle: 336232
Register Write to Reg: 0x08 Val: 0x002AF81C
In clock cycle: 336233
Register Write to Reg: 0x08 Val: 0x002AF81C
In clock cycle: 337218
Register Write to Reg: 0x08 Val: 0x002B1846
In clock cycle: 337219
Register Write to Reg: 0x08 Val: 0x002B1846
In clock cycle: 338204
Register Write to Reg: 0x08 Val: 0x002B3870
In clock cycle: 338205
Register Write to Reg: 0x08 Val: 0x002B3870
In clock cycle: 339190
Register Write to Reg: 0x08 Val: 0x002B589A
In clock cycle: 339191
Register Write to Reg: 0x08 Val: 0x002B589A
In clock cycle: 340176
Register Write to Reg: 0x08 Val: 0x002B78C4
In clock cycle: 340177
Register Write to Reg: 0x08 Val: 0x002B78C4
In clock cycle: 341162
Register Write to Reg: 0x08 Val: 0x002B98EE
In clock cycle: 341163
Register Write to Reg: 0x08 Val: 0x002B98EE
In clock cycle: 342148
Register Write to Reg: 0x08 Val: 0x002BB918
In clock cycle: 342149
Register Write to Reg: 0x08 Val: 0x002BB918
In clock cycle: 343134
Register Write to Reg: 0x08 Val: 0x002BD942
In clock cycle: 343135
Register Write to Reg: 0x08 Val: 0x002BD942
In clock cycle: 344120
Register Write to Reg: 0x08 Val: 0x002BF96C
In clock cycle: 344121
Register Write to Reg: 0x08 Val: 0x002BF96C
In clock cycle: 345106
Register Write to Reg: 0x08 Val: 0x002C1996
In clock cycle: 345107
Register Write to Reg: 0x08 Val: 0x002C1996
In clock cycle: 346092
Register Write to Reg: 0x08 Val: 0x002C39C0
In clock cycle: 346093
Register Write to Reg: 0x08 Val: 0x002C39C0
In clock cycle: 347078
Register Write to Reg: 0x08 Val: 0x002C59EA
In clock cycle: 347079
Register Write to Reg: 0x08 Val: 0x002C59EA
In clock cycle: 348064
Register Write to Reg: 0x08 Val: 0x002C7A14
In clock cycle: 348065
Register Write to Reg: 0x08 Val: 0x002C7A14
In clock cycle: 349050
Register Write to Reg: 0x08 Val: 0x002C9A3E
In clock cycle: 349051
Register Write to Reg: 0x08 Val: 0x002C9A3E
In clock cycle: 350036
Register Write to Reg: 0x08 Val: 0x002CBA68
In clock cycle: 350037
Register Write to Reg: 0x08 Val: 0x002CBA68
In clock cycle: 351022
Register Write to Reg: 0x08 Val: 0x002CDA92
In clock cycle: 351023
Register Write to Reg: 0x08 Val: 0x002CDA92
In clock cycle: 352008
Register Write to Reg: 0x08 Val: 0x002CFABC
In clock cycle: 352009
Register Write to Reg: 0x08 Val: 0x002CFABC
In clock cycle: 352994
Register Write to Reg: 0x08 Val: 0x002D1AE6
In clock cycle: 352995
Register Write to Reg: 0x08 Val: 0x002D1AE6
In clock cycle: 353980
Register Write to Reg: 0x08 Val: 0x002D3B10
In clock cycle: 353981
Register Write to Reg: 0x08 Val: 0x002D3B10
In clock cycle: 354966
Register Write to Reg: 0x08 Val: 0x002D5B3A
In clock cycle: 354967
Register Write to Reg: 0x08 Val: 0x002D5B3A
In clock cycle: 355952
Register Write to Reg: 0x08 Val: 0x002D7B64
In clock cycle: 355953
Register Write to Reg: 0x08 Val: 0x002D7B64
In clock cycle: 356938
Register Write to Reg: 0x08 Val: 0x002D9B8E
In clock cycle: 356939
Register Write to Reg: 0x08 Val: 0x002D9B8E
In clock cycle: 357924
Register Write to Reg: 0x08 Val: 0x002DBBB8
In clock cycle: 357925
Register Write to Reg: 0x08 Val: 0x002DBBB8
In clock cycle: 358910
Register Write to Reg: 0x08 Val: 0x002DDBE2
In clock cycle: 358911
Register Write to Reg: 0x08 Val: 0x002DDBE2
In clock cycle: 359896
Register Write to Reg: 0x08 Val: 0x002DFC0C
In clock cycle: 359897
Register Write to Reg: 0x08 Val: 0x002DFC0C
In clock cycle: 360882
Register Write to Reg: 0x08 Val: 0x002E1C36
In clock cycle: 360883
Register Write to Reg: 0x08 Val: 0x002E1C36
In clock cycle: 361868
Register Write to Reg: 0x08 Val: 0x002E3C60
In clock cycle: 361869
Register Write to Reg: 0x08 Val: 0x002E3C60
In clock cycle: 362854
Register Write to Reg: 0x08 Val: 0x002E5C8A
In clock cycle: 362855
Register Write to Reg: 0x08 Val: 0x002E5C8A
In clock cycle: 363840
Register Write to Reg: 0x08 Val: 0x002E7CB4
In clock cycle: 363841
Register Write to Reg: 0x08 Val: 0x002E7CB4
In clock cycle: 364826
Register Write to Reg: 0x08 Val: 0x002E9CDE
In clock cycle: 364827
Register Write to Reg: 0x08 Val: 0x002E9CDE
In clock cycle: 365812
Register Write to Reg: 0x08 Val: 0x002EBD08
In clock cycle: 365813
Register Write to Reg: 0x08 Val: 0x002EBD08
In clock cycle: 366798
Register Write to Reg: 0x08 Val: 0x002EDD32
In clock cycle: 366799
Register Write to Reg: 0x08 Val: 0x002EDD32
In clock cycle: 367784
Register Write to Reg: 0x08 Val: 0x002EFD5C
In clock cycle: 367785
Register Write to Reg: 0x08 Val: 0x002EFD5C
In clock cycle: 368770
Register Write to Reg: 0x08 Val: 0x002F1D86
In clock cycle: 368771
Register Write to Reg: 0x08 Val: 0x002F1D86
In clock cycle: 369756
Register Write to Reg: 0x08 Val: 0x002F3DB0
In clock cycle: 369757
Register Write to Reg: 0x08 Val: 0x002F3DB0
In clock cycle: 370742
Register Write to Reg: 0x08 Val: 0x002F5DDA
In clock cycle: 370743
Register Write to Reg: 0x08 Val: 0x002F5DDA
In clock cycle: 371728
Register Write to Reg: 0x08 Val: 0x002F7E04
In clock cycle: 371729
Register Write to Reg: 0x08 Val: 0x002F7E04
In clock cycle: 372714
Register Write to Reg: 0x08 Val: 0x002F9E2E
In clock cycle: 372715
Register Write to Reg: 0x08 Val: 0x002F9E2E
In clock cycle: 373700
Register Write to Reg: 0x08 Val: 0x002FBE58
In clock cycle: 373701
Register Write to Reg: 0x08 Val: 0x002FBE58
In clock cycle: 374686
Register Write to Reg: 0x08 Val: 0x002FDE82
In clock cycle: 374687
Register Write to Reg: 0x08 Val: 0x002FDE82
In clock cycle: 375672
Register Write to Reg: 0x08 Val: 0x002FFEAC
In clock cycle: 375673
Register Write to Reg: 0x08 Val: 0x002FFEAC
In clock cycle: 376658
Register Write to Reg: 0x08 Val: 0x00301ED6
In clock cycle: 376659
Register Write to Reg: 0x08 Val: 0x00301ED6
In clock cycle: 377644
Register Write to Reg: 0x08 Val: 0x00303F00
In clock cycle: 377645
Register Write to Reg: 0x08 Val: 0x00303F00
In clock cycle: 378630
Register Write to Reg: 0x08 Val: 0x00305F2A
In clock cycle: 378631
Register Write to Reg: 0x08 Val: 0x00305F2A
In clock cycle: 379616
Register Write to Reg: 0x08 Val: 0x00307F54
In clock cycle: 379617
Register Write to Reg: 0x08 Val: 0x00307F54
In clock cycle: 380602
Register Write to Reg: 0x08 Val: 0x00309F7E
In clock cycle: 380603
Register Write to Reg: 0x08 Val: 0x00309F7E
In clock cycle: 381588
Register Write to Reg: 0x08 Val: 0x0030BFA8
In clock cycle: 381589
Register Write to Reg: 0x08 Val: 0x0030BFA8
In clock cycle: 382574
Register Write to Reg: 0x08 Val: 0x0030DFD2
In clock cycle: 382575
Register Write to Reg: 0x08 Val: 0x0030DFD2
In clock cycle: 383560
Register Write to Reg: 0x08 Val: 0x0030FFFC
In clock cycle: 383561
Register Write to Reg: 0x08 Val: 0x0030FFFC
In clock cycle: 384546
Register Write to Reg: 0x08 Val: 0x00312026
In clock cycle: 384547
Register Write to Reg: 0x08 Val: 0x00312026
In clock cycle: 385532
Register Write to Reg: 0x08 Val: 0x00314050
In clock cycle: 385533
Register Write to Reg: 0x08 Val: 0x00314050
In clock cycle: 386518
Register Write to Reg: 0x08 Val: 0x0031607A
In clock cycle: 386519
Register Write to Reg: 0x08 Val: 0x0031607A
In clock cycle: 387504
Register Write to Reg: 0x08 Val: 0x003180A4
In clock cycle: 387505
Register Write to Reg: 0x08 Val: 0x003180A4
In clock cycle: 388490
Register Write to Reg: 0x08 Val: 0x0031A0CE
In clock cycle: 388491
Register Write to Reg: 0x08 Val: 0x0031A0CE
In clock cycle: 389476
Register Write to Reg: 0x08 Val: 0x0031C0F8
In clock cycle: 389477
Register Write to Reg: 0x08 Val: 0x0031C0F8
In clock cycle: 390462
Register Write to Reg: 0x08 Val: 0x0031E122
In clock cycle: 390463
Register Write to Reg: 0x08 Val: 0x0031E122
In clock cycle: 391448
Register Write to Reg: 0x08 Val: 0x0032014C
In clock cycle: 391449
Register Write to Reg: 0x08 Val: 0x0032014C
In clock cycle: 392434
Register Write to Reg: 0x08 Val: 0x00322176
In clock cycle: 392435
Register Write to Reg: 0x08 Val: 0x00322176
In clock cycle: 393420
Register Write to Reg: 0x08 Val: 0x003241A0
In clock cycle: 393421
Register Write to Reg: 0x08 Val: 0x003241A0
In clock cycle: 394406
Register Write to Reg: 0x08 Val: 0x003261CA
In clock cycle: 394407
Register Write to Reg: 0x08 Val: 0x003261CA
In clock cycle: 395392
Register Write to Reg: 0x08 Val: 0x003281F4
In clock cycle: 395393
Register Write to Reg: 0x08 Val: 0x003281F4
In clock cycle: 396378
Register Write to Reg: 0x08 Val: 0x0032A21E
In clock cycle: 396379
Register Write to Reg: 0x08 Val: 0x0032A21E
In clock cycle: 397364
Register Write to Reg: 0x08 Val: 0x0032C248
In clock cycle: 397365
Register Write to Reg: 0x08 Val: 0x0032C248
In clock cycle: 398350
Register Write to Reg: 0x08 Val: 0x0032E272
In clock cycle: 398351
Register Write to Reg: 0x08 Val: 0x0032E272
In clock cycle: 399336
Register Write to Reg: 0x08 Val: 0x0033029C
In clock cycle: 399337
Register Write to Reg: 0x08 Val: 0x0033029C
In clock cycle: 400322
Register Write to Reg: 0x08 Val: 0x003322C6
In clock cycle: 400323
Register Write to Reg: 0x08 Val: 0x003322C6
In clock cycle: 401308
Register Write to Reg: 0x08 Val: 0x003342F0
In clock cycle: 401309
Register Write to Reg: 0x08 Val: 0x003342F0
In clock cycle: 402294
Register Write to Reg: 0x08 Val: 0x0033631A
In clock cycle: 402295
Register Write to Reg: 0x08 Val: 0x0033631A
In clock cycle: 403280
Register Write to Reg: 0x08 Val: 0x00338344
In clock cycle: 403281
Register Write to Reg: 0x08 Val: 0x00338344
In clock cycle: 404266
Register Write to Reg: 0x08 Val: 0x0033A36E
In clock cycle: 404267
Register Write to Reg: 0x08 Val: 0x0033A36E
In clock cycle: 405252
Register Write to Reg: 0x08 Val: 0x0033C398
In clock cycle: 405253
Register Write to Reg: 0x08 Val: 0x0033C398
In clock cycle: 406238
Register Write to Reg: 0x08 Val: 0x0033E3C2
In clock cycle: 406239
Register Write to Reg: 0x08 Val: 0x0033E3C2
In clock cycle: 407224
Register Write to Reg: 0x08 Val: 0x003403EC
In clock cycle: 407225
Register Write to Reg: 0x08 Val: 0x003403EC
In clock cycle: 408210
Register Write to Reg: 0x08 Val: 0x00342416
In clock cycle: 408211
Register Write to Reg: 0x08 Val: 0x00342416
In clock cycle: 409196
Register Write to Reg: 0x08 Val: 0x00344440
In clock cycle: 409197
Register Write to Reg: 0x08 Val: 0x00344440
In clock cycle: 410182
Register Write to Reg: 0x08 Val: 0x0034646A
In clock cycle: 410183
Register Write to Reg: 0x08 Val: 0x0034646A
In clock cycle: 411168
Register Write to Reg: 0x08 Val: 0x00348494
In clock cycle: 411169
Register Write to Reg: 0x08 Val: 0x00348494
In clock cycle: 412154
Register Write to Reg: 0x08 Val: 0x0034A4BE
In clock cycle: 412155
Register Write to Reg: 0x08 Val: 0x0034A4BE
In clock cycle: 413140
Register Write to Reg: 0x08 Val: 0x0034C4E8
In clock cycle: 413141
Register Write to Reg: 0x08 Val: 0x0034C4E8
In clock cycle: 414126
Register Write to Reg: 0x08 Val: 0x0034E512
In clock cycle: 414127
Register Write to Reg: 0x08 Val: 0x0034E512
In clock cycle: 415112
Register Write to Reg: 0x08 Val: 0x0035053C
In clock cycle: 415113
Register Write to Reg: 0x08 Val: 0x0035053C
In clock cycle: 416098
Register Write to Reg: 0x08 Val: 0x00352566
In clock cycle: 416099
Register Write to Reg: 0x08 Val: 0x00352566
In clock cycle: 417084
Register Write to Reg: 0x08 Val: 0x00354590
In clock cycle: 417085
Register Write to Reg: 0x08 Val: 0x00354590
In clock cycle: 418070
Register Write to Reg: 0x08 Val: 0x003565BA
In clock cycle: 418071
Register Write to Reg: 0x08 Val: 0x003565BA
In clock cycle: 419056
Register Write to Reg: 0x08 Val: 0x003585E4
In clock cycle: 419057
Register Write to Reg: 0x08 Val: 0x003585E4
In clock cycle: 420042
Register Write to Reg: 0x08 Val: 0x0035A60E
In clock cycle: 420043
Register Write to Reg: 0x08 Val: 0x0035A60E
In clock cycle: 421028
Register Write to Reg: 0x08 Val: 0x0035C638
In clock cycle: 421029
Register Write to Reg: 0x08 Val: 0x0035C638
In clock cycle: 422014
Register Write to Reg: 0x08 Val: 0x0035E662
In clock cycle: 422015
Register Write to Reg: 0x08 Val: 0x0035E662
In clock cycle: 423000
Register Write to Reg: 0x08 Val: 0x0036068C
In clock cycle: 423001
Register Write to Reg: 0x08 Val: 0x0036068C
In clock cycle: 423986
Register Write to Reg: 0x08 Val: 0x003626B6
In clock cycle: 423987
Register Write to Reg: 0x08 Val: 0x003626B6
In clock cycle: 424972
Register Write to Reg: 0x08 Val: 0x003646E0
In clock cycle: 424973
Register Write to Reg: 0x08 Val: 0x003646E0
In clock cycle: 425958
Register Write to Reg: 0x08 Val: 0x0036670A
In clock cycle: 425959
Register Write to Reg: 0x08 Val: 0x0036670A
In clock cycle: 426944
Register Write to Reg: 0x08 Val: 0x00368734
In clock cycle: 426945
Register Write to Reg: 0x08 Val: 0x00368734
In clock cycle: 427930
Register Write to Reg: 0x08 Val: 0x0036A75E
In clock cycle: 427931
Register Write to Reg: 0x08 Val: 0x0036A75E
In clock cycle: 428916
Register Write to Reg: 0x08 Val: 0x0036C788
In clock cycle: 428917
Register Write to Reg: 0x08 Val: 0x0036C788
In clock cycle: 429902
Register Write to Reg: 0x08 Val: 0x0036E7B2
In clock cycle: 429903
Register Write to Reg: 0x08 Val: 0x0036E7B2
In clock cycle: 430888
Register Write to Reg: 0x08 Val: 0x003707DC
In clock cycle: 430889
Register Write to Reg: 0x08 Val: 0x003707DC
In clock cycle: 431874
Register Write to Reg: 0x08 Val: 0x00372806
In clock cycle: 431875
Register Write to Reg: 0x08 Val: 0x00372806
In clock cycle: 432860
Register Write to Reg: 0x08 Val: 0x00374830
In clock cycle: 432861
Register Write to Reg: 0x08 Val: 0x00374830
In clock cycle: 433846
Register Write to Reg: 0x08 Val: 0x0037685A
In clock cycle: 433847
Register Write to Reg: 0x08 Val: 0x0037685A
In clock cycle: 434832
Register Write to Reg: 0x08 Val: 0x00378884
In clock cycle: 434833
Register Write to Reg: 0x08 Val: 0x00378884
In clock cycle: 435818
Register Write to Reg: 0x08 Val: 0x0037A8AE
In clock cycle: 435819
Register Write to Reg: 0x08 Val: 0x0037A8AE
In clock cycle: 436804
Register Write to Reg: 0x08 Val: 0x0037C8D8
In clock cycle: 436805
Register Write to Reg: 0x08 Val: 0x0037C8D8
In clock cycle: 437790
Register Write to Reg: 0x08 Val: 0x0037E902
In clock cycle: 437791
Register Write to Reg: 0x08 Val: 0x0037E902
In clock cycle: 438776
Register Write to Reg: 0x08 Val: 0x0038092C
In clock cycle: 438777
Register Write to Reg: 0x08 Val: 0x0038092C
In clock cycle: 439762
Register Write to Reg: 0x08 Val: 0x00382956
In clock cycle: 439763
Register Write to Reg: 0x08 Val: 0x00382956
In clock cycle: 440748
Register Write to Reg: 0x08 Val: 0x00384980
In clock cycle: 440749
Register Write to Reg: 0x08 Val: 0x00384980
In clock cycle: 441734
Register Write to Reg: 0x08 Val: 0x003869AA
In clock cycle: 441735
Register Write to Reg: 0x08 Val: 0x003869AA
In clock cycle: 442720
Register Write to Reg: 0x08 Val: 0x003889D4
In clock cycle: 442721
Register Write to Reg: 0x08 Val: 0x003889D4
In clock cycle: 443706
Register Write to Reg: 0x08 Val: 0x0038A9FE
In clock cycle: 443707
Register Write to Reg: 0x08 Val: 0x0038A9FE
In clock cycle: 444692
Register Write to Reg: 0x08 Val: 0x0038CA28
In clock cycle: 444693
Register Write to Reg: 0x08 Val: 0x0038CA28
In clock cycle: 445678
Register Write to Reg: 0x08 Val: 0x0038EA52
In clock cycle: 445679
Register Write to Reg: 0x08 Val: 0x0038EA52
In clock cycle: 446664
Register Write to Reg: 0x08 Val: 0x00390A7C
In clock cycle: 446665
Register Write to Reg: 0x08 Val: 0x00390A7C
In clock cycle: 447650
Register Write to Reg: 0x08 Val: 0x00392AA6
In clock cycle: 447651
Register Write to Reg: 0x08 Val: 0x00392AA6
In clock cycle: 448636
Register Write to Reg: 0x08 Val: 0x00394AD0
In clock cycle: 448637
Register Write to Reg: 0x08 Val: 0x00394AD0
In clock cycle: 449622
Register Write to Reg: 0x08 Val: 0x00396AFA
In clock cycle: 449623
Register Write to Reg: 0x08 Val: 0x00396AFA
In clock cycle: 450608
Register Write to Reg: 0x08 Val: 0x00398B24
In clock cycle: 450609
Register Write to Reg: 0x08 Val: 0x00398B24
In clock cycle: 451594
Register Write to Reg: 0x08 Val: 0x0039AB4E
In clock cycle: 451595
Register Write to Reg: 0x08 Val: 0x0039AB4E
In clock cycle: 452580
Register Write to Reg: 0x08 Val: 0x0039CB78
In clock cycle: 452581
Register Write to Reg: 0x08 Val: 0x0039CB78
In clock cycle: 453566
Register Write to Reg: 0x08 Val: 0x0039EBA2
In clock cycle: 453567
Register Write to Reg: 0x08 Val: 0x0039EBA2
In clock cycle: 454552
Register Write to Reg: 0x08 Val: 0x003A0BCC
In clock cycle: 454553
Register Write to Reg: 0x08 Val: 0x003A0BCC
In clock cycle: 455538
Register Write to Reg: 0x08 Val: 0x003A2BF6
In clock cycle: 455539
Register Write to Reg: 0x08 Val: 0x003A2BF6
In clock cycle: 456524
Register Write to Reg: 0x08 Val: 0x003A4C20
In clock cycle: 456525
Register Write to Reg: 0x08 Val: 0x003A4C20
In clock cycle: 457510
Register Write to Reg: 0x08 Val: 0x003A6C4A
In clock cycle: 457511
Register Write to Reg: 0x08 Val: 0x003A6C4A
In clock cycle: 458496
Register Write to Reg: 0x08 Val: 0x003A8C74
In clock cycle: 458497
Register Write to Reg: 0x08 Val: 0x003A8C74
In clock cycle: 459482
Register Write to Reg: 0x08 Val: 0x003AAC9E
In clock cycle: 459483
Register Write to Reg: 0x08 Val: 0x003AAC9E
In clock cycle: 460468
Register Write to Reg: 0x08 Val: 0x003ACCC8
In clock cycle: 460469
Register Write to Reg: 0x08 Val: 0x003ACCC8
In clock cycle: 461454
Register Write to Reg: 0x08 Val: 0x003AECF2
In clock cycle: 461455
Register Write to Reg: 0x08 Val: 0x003AECF2
In clock cycle: 462440
Register Write to Reg: 0x08 Val: 0x003B0D1C
In clock cycle: 462441
Register Write to Reg: 0x08 Val: 0x003B0D1C
In clock cycle: 463426
Register Write to Reg: 0x08 Val: 0x003B2D46
In clock cycle: 463427
Register Write to Reg: 0x08 Val: 0x003B2D46
In clock cycle: 464412
Register Write to Reg: 0x08 Val: 0x003B4D70
In clock cycle: 464413
Register Write to Reg: 0x08 Val: 0x003B4D70
In clock cycle: 465398
Register Write to Reg: 0x08 Val: 0x003B6D9A
In clock cycle: 465399
Register Write to Reg: 0x08 Val: 0x003B6D9A
In clock cycle: 466384
Register Write to Reg: 0x08 Val: 0x003B8DC4
In clock cycle: 466385
Register Write to Reg: 0x08 Val: 0x003B8DC4
In clock cycle: 467370
Register Write to Reg: 0x08 Val: 0x003BADEE
In clock cycle: 467371
Register Write to Reg: 0x08 Val: 0x003BADEE
In clock cycle: 468356
Register Write to Reg: 0x08 Val: 0x003BCE18
In clock cycle: 468357
Register Write to Reg: 0x08 Val: 0x003BCE18
In clock cycle: 469342
Register Write to Reg: 0x08 Val: 0x003BEE42
In clock cycle: 469343
Register Write to Reg: 0x08 Val: 0x003BEE42
In clock cycle: 470328
Register Write to Reg: 0x08 Val: 0x003C0E6C
In clock cycle: 470329
Register Write to Reg: 0x08 Val: 0x003C0E6C
In clock cycle: 471314
Register Write to Reg: 0x08 Val: 0x003C2E96
In clock cycle: 471315
Register Write to Reg: 0x08 Val: 0x003C2E96
In clock cycle: 472300
Register Write to Reg: 0x08 Val: 0x003C4EC0
In clock cycle: 472301
Register Write to Reg: 0x08 Val: 0x003C4EC0
In clock cycle: 473286
Register Write to Reg: 0x08 Val: 0x003C6EEA
In clock cycle: 473287
Register Write to Reg: 0x08 Val: 0x003C6EEA
In clock cycle: 474272
Register Write to Reg: 0x08 Val: 0x003C8F14
In clock cycle: 474273
Register Write to Reg: 0x08 Val: 0x003C8F14
In clock cycle: 475258
Register Write to Reg: 0x08 Val: 0x003CAF3E
In clock cycle: 475259
Register Write to Reg: 0x08 Val: 0x003CAF3E
In clock cycle: 476244
Register Write to Reg: 0x08 Val: 0x003CCF68
In clock cycle: 476245
Register Write to Reg: 0x08 Val: 0x003CCF68
In clock cycle: 477230
Register Write to Reg: 0x08 Val: 0x003CEF92
In clock cycle: 477231
Register Write to Reg: 0x08 Val: 0x003CEF92
In clock cycle: 478216
Register Write to Reg: 0x08 Val: 0x003D0FBC
In clock cycle: 478217
Register Write to Reg: 0x08 Val: 0x003D0FBC
In clock cycle: 479202
Register Write to Reg: 0x08 Val: 0x003D2FE6
In clock cycle: 479203
Register Write to Reg: 0x08 Val: 0x003D2FE6
In clock cycle: 480188
Register Write to Reg: 0x08 Val: 0x003D5010
In clock cycle: 480189
Register Write to Reg: 0x08 Val: 0x003D5010
In clock cycle: 481174
Register Write to Reg: 0x08 Val: 0x003D703A
In clock cycle: 481175
Register Write to Reg: 0x08 Val: 0x003D703A
In clock cycle: 482160
Register Write to Reg: 0x08 Val: 0x003D9064
In clock cycle: 482161
Register Write to Reg: 0x08 Val: 0x003D9064
In clock cycle: 483146
Register Write to Reg: 0x08 Val: 0x003DB08E
In clock cycle: 483147
Register Write to Reg: 0x08 Val: 0x003DB08E
In clock cycle: 484132
Register Write to Reg: 0x08 Val: 0x003DD0B8
In clock cycle: 484133
Register Write to Reg: 0x08 Val: 0x003DD0B8
In clock cycle: 485118
Register Write to Reg: 0x08 Val: 0x003DF0E2
In clock cycle: 485119
Register Write to Reg: 0x08 Val: 0x003DF0E2
In clock cycle: 486104
Register Write to Reg: 0x08 Val: 0x003E110C
In clock cycle: 486105
Register Write to Reg: 0x08 Val: 0x003E110C
In clock cycle: 487090
Register Write to Reg: 0x08 Val: 0x003E3136
In clock cycle: 487091
Register Write to Reg: 0x08 Val: 0x003E3136
In clock cycle: 488076
Register Write to Reg: 0x08 Val: 0x003E5160
In clock cycle: 488077
Register Write to Reg: 0x08 Val: 0x003E5160
In clock cycle: 489062
Register Write to Reg: 0x08 Val: 0x003E718A
In clock cycle: 489063
Register Write to Reg: 0x08 Val: 0x003E718A
In clock cycle: 490048
Register Write to Reg: 0x08 Val: 0x003E91B4
In clock cycle: 490049
Register Write to Reg: 0x08 Val: 0x003E91B4
In clock cycle: 491034
Register Write to Reg: 0x08 Val: 0x003EB1DE
In clock cycle: 491035
Register Write to Reg: 0x08 Val: 0x003EB1DE
In clock cycle: 492020
Register Write to Reg: 0x08 Val: 0x003ED208
In clock cycle: 492021
Register Write to Reg: 0x08 Val: 0x003ED208
In clock cycle: 493006
Register Write to Reg: 0x08 Val: 0x003EF232
In clock cycle: 493007
Register Write to Reg: 0x08 Val: 0x003EF232
In clock cycle: 493992
Register Write to Reg: 0x08 Val: 0x003F125C
In clock cycle: 493993
Register Write to Reg: 0x08 Val: 0x003F125C
In clock cycle: 494978
Register Write to Reg: 0x08 Val: 0x003F3286
In clock cycle: 494979
Register Write to Reg: 0x08 Val: 0x003F3286
In clock cycle: 495964
Register Write to Reg: 0x08 Val: 0x003F52B0
In clock cycle: 495965
Register Write to Reg: 0x08 Val: 0x003F52B0
In clock cycle: 496950
Register Write to Reg: 0x08 Val: 0x003F72DA
In clock cycle: 496951
Register Write to Reg: 0x08 Val: 0x003F72DA
In clock cycle: 497936
Register Write to Reg: 0x08 Val: 0x003F9304
In clock cycle: 497937
Register Write to Reg: 0x08 Val: 0x003F9304
In clock cycle: 498922
Register Write to Reg: 0x08 Val: 0x003FB32E
In clock cycle: 498923
Register Write to Reg: 0x08 Val: 0x003FB32E
In clock cycle: 499908
Register Write to Reg: 0x08 Val: 0x003FD358
In clock cycle: 499909
Register Write to Reg: 0x08 Val: 0x003FD358
