Info: *******************************************************************
Info: Running Quartus Prime Analysis & Synthesis
    Info: Version 20.1.1 Build 720 11/11/2020 SJ Standard Edition
    Info: Copyright (C) 2020  Intel Corporation. All rights reserved.
    Info: Your use of Intel Corporation's design tools, logic functions 
    Info: and other software and tools, and any partner logic 
    Info: functions, and any output files from any of the foregoing 
    Info: (including device programming or simulation files), and any 
    Info: associated documentation or information are expressly subject 
    Info: to the terms and conditions of the Intel Program License 
    Info: Subscription Agreement, the Intel Quartus Prime License Agreement,
    Info: the Intel FPGA IP License Agreement, or other applicable license
    Info: agreement, including, without limitation, that your use is for
    Info: the sole purpose of programming logic devices manufactured by
    Info: Intel and sold by Intel or its authorized distributors.  Please
    Info: refer to the applicable agreement for further details, at
    Info: https://fpgasoftware.intel.com/eula.
    Info: Processing started: Mon Nov 18 13:18:19 2024
Info: Command: quartus_map --read_settings_files=on --write_settings_files=off toolflow -c toolflow
Warning (18236): Number of processors has not been specified which may cause overloading on shared machines.  Set the global assignment NUM_PARALLEL_PROCESSORS in your QSF to an appropriate value for best performance.
Info (20030): Parallel compilation is enabled and will use 12 of the 12 processors detected
Info (12021): Found 2 design units, including 0 entities, in source file /home/sforde22/CprE 381/Project/MIPS-Processor-CprE-381/Project 2/proj/src/MIPS_types.vhd
    Info (12022): Found design unit 1: MIPS_types File: /home/sforde22/CprE 381/Project/MIPS-Processor-CprE-381/Project 2/proj/src/MIPS_types.vhd Line: 15
    Info (12022): Found design unit 2: MIPS_types-body File: /home/sforde22/CprE 381/Project/MIPS-Processor-CprE-381/Project 2/proj/src/MIPS_types.vhd Line: 29
Info (12021): Found 2 design units, including 1 entities, in source file /home/sforde22/CprE 381/Project/MIPS-Processor-CprE-381/Project 2/proj/src/TopLevel/MIPS_Processor.vhd
    Info (12022): Found design unit 1: MIPS_Processor-structure File: /home/sforde22/CprE 381/Project/MIPS-Processor-CprE-381/Project 2/proj/src/TopLevel/MIPS_Processor.vhd Line: 20
    Info (12023): Found entity 1: MIPS_Processor File: /home/sforde22/CprE 381/Project/MIPS-Processor-CprE-381/Project 2/proj/src/TopLevel/MIPS_Processor.vhd Line: 8
Info (12021): Found 2 design units, including 1 entities, in source file /home/sforde22/CprE 381/Project/MIPS-Processor-CprE-381/Project 2/proj/src/TopLevel/mem.vhd
    Info (12022): Found design unit 1: mem-rtl File: /home/sforde22/CprE 381/Project/MIPS-Processor-CprE-381/Project 2/proj/src/TopLevel/mem.vhd Line: 27
    Info (12023): Found entity 1: mem File: /home/sforde22/CprE 381/Project/MIPS-Processor-CprE-381/Project 2/proj/src/TopLevel/mem.vhd Line: 8
Info (12021): Found 2 design units, including 1 entities, in source file /home/sforde22/CprE 381/Project/MIPS-Processor-CprE-381/Project 2/proj/src/ctrl_log/ctrl_logic.vhd
    Info (12022): Found design unit 1: ctrl_logic-mixed File: /home/sforde22/CprE 381/Project/MIPS-Processor-CprE-381/Project 2/proj/src/ctrl_log/ctrl_logic.vhd Line: 24
    Info (12023): Found entity 1: ctrl_logic File: /home/sforde22/CprE 381/Project/MIPS-Processor-CprE-381/Project 2/proj/src/ctrl_log/ctrl_logic.vhd Line: 7
Info (12021): Found 2 design units, including 1 entities, in source file /home/sforde22/CprE 381/Project/MIPS-Processor-CprE-381/Project 2/proj/src/datapath/Stages/ExMemReg.vhd
    Info (12022): Found design unit 1: ExMemReg-structural File: /home/sforde22/CprE 381/Project/MIPS-Processor-CprE-381/Project 2/proj/src/datapath/Stages/ExMemReg.vhd Line: 54
    Info (12023): Found entity 1: ExMemReg File: /home/sforde22/CprE 381/Project/MIPS-Processor-CprE-381/Project 2/proj/src/datapath/Stages/ExMemReg.vhd Line: 18
Info (12021): Found 2 design units, including 1 entities, in source file /home/sforde22/CprE 381/Project/MIPS-Processor-CprE-381/Project 2/proj/src/datapath/Stages/IDExReg.vhd
    Info (12022): Found design unit 1: IDExReg-structural File: /home/sforde22/CprE 381/Project/MIPS-Processor-CprE-381/Project 2/proj/src/datapath/Stages/IDExReg.vhd Line: 67
    Info (12023): Found entity 1: IDExReg File: /home/sforde22/CprE 381/Project/MIPS-Processor-CprE-381/Project 2/proj/src/datapath/Stages/IDExReg.vhd Line: 20
Info (12021): Found 2 design units, including 1 entities, in source file /home/sforde22/CprE 381/Project/MIPS-Processor-CprE-381/Project 2/proj/src/datapath/Stages/IFIDReg.vhd
    Info (12022): Found design unit 1: IFIDReg-structural File: /home/sforde22/CprE 381/Project/MIPS-Processor-CprE-381/Project 2/proj/src/datapath/Stages/IFIDReg.vhd Line: 30
    Info (12023): Found entity 1: IFIDReg File: /home/sforde22/CprE 381/Project/MIPS-Processor-CprE-381/Project 2/proj/src/datapath/Stages/IFIDReg.vhd Line: 20
Info (12021): Found 2 design units, including 1 entities, in source file /home/sforde22/CprE 381/Project/MIPS-Processor-CprE-381/Project 2/proj/src/datapath/Stages/MEMWBReg.vhd
    Info (12022): Found design unit 1: MEMWBReg-structural File: /home/sforde22/CprE 381/Project/MIPS-Processor-CprE-381/Project 2/proj/src/datapath/Stages/MEMWBReg.vhd Line: 30
    Info (12023): Found entity 1: MEMWBReg File: /home/sforde22/CprE 381/Project/MIPS-Processor-CprE-381/Project 2/proj/src/datapath/Stages/MEMWBReg.vhd Line: 4
Info (12021): Found 2 design units, including 1 entities, in source file /home/sforde22/CprE 381/Project/MIPS-Processor-CprE-381/Project 2/proj/src/datapath/alu/ALU.vhd
    Info (12022): Found design unit 1: ALU-structural File: /home/sforde22/CprE 381/Project/MIPS-Processor-CprE-381/Project 2/proj/src/datapath/alu/ALU.vhd Line: 21
    Info (12023): Found entity 1: ALU File: /home/sforde22/CprE 381/Project/MIPS-Processor-CprE-381/Project 2/proj/src/datapath/alu/ALU.vhd Line: 5
Info (12021): Found 2 design units, including 1 entities, in source file /home/sforde22/CprE 381/Project/MIPS-Processor-CprE-381/Project 2/proj/src/datapath/alu/SLT.vhd
    Info (12022): Found design unit 1: SLT-dataflow File: /home/sforde22/CprE 381/Project/MIPS-Processor-CprE-381/Project 2/proj/src/datapath/alu/SLT.vhd Line: 10
    Info (12023): Found entity 1: SLT File: /home/sforde22/CprE 381/Project/MIPS-Processor-CprE-381/Project 2/proj/src/datapath/alu/SLT.vhd Line: 5
Info (12021): Found 2 design units, including 1 entities, in source file /home/sforde22/CprE 381/Project/MIPS-Processor-CprE-381/Project 2/proj/src/datapath/alu/fullAdder.vhd
    Info (12022): Found design unit 1: fullAdder-structural File: /home/sforde22/CprE 381/Project/MIPS-Processor-CprE-381/Project 2/proj/src/datapath/alu/fullAdder.vhd Line: 10
    Info (12023): Found entity 1: fullAdder File: /home/sforde22/CprE 381/Project/MIPS-Processor-CprE-381/Project 2/proj/src/datapath/alu/fullAdder.vhd Line: 4
Info (12021): Found 2 design units, including 1 entities, in source file /home/sforde22/CprE 381/Project/MIPS-Processor-CprE-381/Project 2/proj/src/datapath/alu/nAdd_Sub.vhd
    Info (12022): Found design unit 1: nAdd_Sub-structural File: /home/sforde22/CprE 381/Project/MIPS-Processor-CprE-381/Project 2/proj/src/datapath/alu/nAdd_Sub.vhd Line: 14
    Info (12023): Found entity 1: nAdd_Sub File: /home/sforde22/CprE 381/Project/MIPS-Processor-CprE-381/Project 2/proj/src/datapath/alu/nAdd_Sub.vhd Line: 4
Info (12021): Found 2 design units, including 1 entities, in source file /home/sforde22/CprE 381/Project/MIPS-Processor-CprE-381/Project 2/proj/src/datapath/alu/onesComp.vhd
    Info (12022): Found design unit 1: onesComp-structural File: /home/sforde22/CprE 381/Project/MIPS-Processor-CprE-381/Project 2/proj/src/datapath/alu/onesComp.vhd Line: 11
    Info (12023): Found entity 1: onesComp File: /home/sforde22/CprE 381/Project/MIPS-Processor-CprE-381/Project 2/proj/src/datapath/alu/onesComp.vhd Line: 4
Info (12021): Found 2 design units, including 1 entities, in source file /home/sforde22/CprE 381/Project/MIPS-Processor-CprE-381/Project 2/proj/src/datapath/alu/rippleAdder_N.vhd
    Info (12022): Found design unit 1: rippleAdder_N-structural File: /home/sforde22/CprE 381/Project/MIPS-Processor-CprE-381/Project 2/proj/src/datapath/alu/rippleAdder_N.vhd Line: 14
    Info (12023): Found entity 1: rippleAdder_N File: /home/sforde22/CprE 381/Project/MIPS-Processor-CprE-381/Project 2/proj/src/datapath/alu/rippleAdder_N.vhd Line: 4
Info (12021): Found 2 design units, including 1 entities, in source file /home/sforde22/CprE 381/Project/MIPS-Processor-CprE-381/Project 2/proj/src/datapath/alu/zeroDetect.vhd
    Info (12022): Found design unit 1: zeroDetect-dataflow File: /home/sforde22/CprE 381/Project/MIPS-Processor-CprE-381/Project 2/proj/src/datapath/alu/zeroDetect.vhd Line: 10
    Info (12023): Found entity 1: zeroDetect File: /home/sforde22/CprE 381/Project/MIPS-Processor-CprE-381/Project 2/proj/src/datapath/alu/zeroDetect.vhd Line: 5
Info (12021): Found 2 design units, including 1 entities, in source file /home/sforde22/CprE 381/Project/MIPS-Processor-CprE-381/Project 2/proj/src/datapath/aluctrl/alu_control.vhd
    Info (12022): Found design unit 1: alu_control-mixed File: /home/sforde22/CprE 381/Project/MIPS-Processor-CprE-381/Project 2/proj/src/datapath/aluctrl/alu_control.vhd Line: 14
    Info (12023): Found entity 1: alu_control File: /home/sforde22/CprE 381/Project/MIPS-Processor-CprE-381/Project 2/proj/src/datapath/aluctrl/alu_control.vhd Line: 5
Info (12021): Found 2 design units, including 1 entities, in source file /home/sforde22/CprE 381/Project/MIPS-Processor-CprE-381/Project 2/proj/src/datapath/nRegister.vhd
    Info (12022): Found design unit 1: nRegister-structural File: /home/sforde22/CprE 381/Project/MIPS-Processor-CprE-381/Project 2/proj/src/datapath/nRegister.vhd Line: 13
    Info (12023): Found entity 1: nRegister File: /home/sforde22/CprE 381/Project/MIPS-Processor-CprE-381/Project 2/proj/src/datapath/nRegister.vhd Line: 4
Info (12021): Found 2 design units, including 1 entities, in source file /home/sforde22/CprE 381/Project/MIPS-Processor-CprE-381/Project 2/proj/src/datapath/registerFile.vhd
    Info (12022): Found design unit 1: registerFile-structural File: /home/sforde22/CprE 381/Project/MIPS-Processor-CprE-381/Project 2/proj/src/datapath/registerFile.vhd Line: 18
    Info (12023): Found entity 1: registerFile File: /home/sforde22/CprE 381/Project/MIPS-Processor-CprE-381/Project 2/proj/src/datapath/registerFile.vhd Line: 6
Info (12021): Found 2 design units, including 1 entities, in source file /home/sforde22/CprE 381/Project/MIPS-Processor-CprE-381/Project 2/proj/src/datapath/signZeroExt.vhd
    Info (12022): Found design unit 1: signZeroExt-dataflow File: /home/sforde22/CprE 381/Project/MIPS-Processor-CprE-381/Project 2/proj/src/datapath/signZeroExt.vhd Line: 11
    Info (12023): Found entity 1: signZeroExt File: /home/sforde22/CprE 381/Project/MIPS-Processor-CprE-381/Project 2/proj/src/datapath/signZeroExt.vhd Line: 5
Info (12021): Found 2 design units, including 1 entities, in source file /home/sforde22/CprE 381/Project/MIPS-Processor-CprE-381/Project 2/proj/src/decoders/decoder5t32.vhd
    Info (12022): Found design unit 1: decoder5t32-dataflow File: /home/sforde22/CprE 381/Project/MIPS-Processor-CprE-381/Project 2/proj/src/decoders/decoder5t32.vhd Line: 9
    Info (12023): Found entity 1: decoder5t32 File: /home/sforde22/CprE 381/Project/MIPS-Processor-CprE-381/Project 2/proj/src/decoders/decoder5t32.vhd Line: 4
Info (12021): Found 2 design units, including 1 entities, in source file /home/sforde22/CprE 381/Project/MIPS-Processor-CprE-381/Project 2/proj/src/fetch/FetchLogic.vhd
    Info (12022): Found design unit 1: FetchLogic-mixed File: /home/sforde22/CprE 381/Project/MIPS-Processor-CprE-381/Project 2/proj/src/fetch/FetchLogic.vhd Line: 23
    Info (12023): Found entity 1: FetchLogic File: /home/sforde22/CprE 381/Project/MIPS-Processor-CprE-381/Project 2/proj/src/fetch/FetchLogic.vhd Line: 5
Info (12021): Found 2 design units, including 1 entities, in source file /home/sforde22/CprE 381/Project/MIPS-Processor-CprE-381/Project 2/proj/src/fetch/PC.vhd
    Info (12022): Found design unit 1: PC-rtl File: /home/sforde22/CprE 381/Project/MIPS-Processor-CprE-381/Project 2/proj/src/fetch/PC.vhd Line: 12
    Info (12023): Found entity 1: PC File: /home/sforde22/CprE 381/Project/MIPS-Processor-CprE-381/Project 2/proj/src/fetch/PC.vhd Line: 5
Info (12021): Found 2 design units, including 1 entities, in source file /home/sforde22/CprE 381/Project/MIPS-Processor-CprE-381/Project 2/proj/src/gates/andg2.vhd
    Info (12022): Found design unit 1: andg2-dataflow File: /home/sforde22/CprE 381/Project/MIPS-Processor-CprE-381/Project 2/proj/src/gates/andg2.vhd Line: 31
    Info (12023): Found entity 1: andg2 File: /home/sforde22/CprE 381/Project/MIPS-Processor-CprE-381/Project 2/proj/src/gates/andg2.vhd Line: 23
Info (12021): Found 2 design units, including 1 entities, in source file /home/sforde22/CprE 381/Project/MIPS-Processor-CprE-381/Project 2/proj/src/gates/andgN.vhd
    Info (12022): Found design unit 1: andgN-structural File: /home/sforde22/CprE 381/Project/MIPS-Processor-CprE-381/Project 2/proj/src/gates/andgN.vhd Line: 12
    Info (12023): Found entity 1: andgN File: /home/sforde22/CprE 381/Project/MIPS-Processor-CprE-381/Project 2/proj/src/gates/andgN.vhd Line: 4
Info (12021): Found 2 design units, including 1 entities, in source file /home/sforde22/CprE 381/Project/MIPS-Processor-CprE-381/Project 2/proj/src/gates/dffg.vhd
    Info (12022): Found design unit 1: dffg-mixed File: /home/sforde22/CprE 381/Project/MIPS-Processor-CprE-381/Project 2/proj/src/gates/dffg.vhd Line: 33
    Info (12023): Found entity 1: dffg File: /home/sforde22/CprE 381/Project/MIPS-Processor-CprE-381/Project 2/proj/src/gates/dffg.vhd Line: 23
Info (12021): Found 2 design units, including 1 entities, in source file /home/sforde22/CprE 381/Project/MIPS-Processor-CprE-381/Project 2/proj/src/gates/invg.vhd
    Info (12022): Found design unit 1: invg-dataflow File: /home/sforde22/CprE 381/Project/MIPS-Processor-CprE-381/Project 2/proj/src/gates/invg.vhd Line: 30
    Info (12023): Found entity 1: invg File: /home/sforde22/CprE 381/Project/MIPS-Processor-CprE-381/Project 2/proj/src/gates/invg.vhd Line: 23
Info (12021): Found 2 design units, including 1 entities, in source file /home/sforde22/CprE 381/Project/MIPS-Processor-CprE-381/Project 2/proj/src/gates/org2.vhd
    Info (12022): Found design unit 1: org2-dataflow File: /home/sforde22/CprE 381/Project/MIPS-Processor-CprE-381/Project 2/proj/src/gates/org2.vhd Line: 31
    Info (12023): Found entity 1: org2 File: /home/sforde22/CprE 381/Project/MIPS-Processor-CprE-381/Project 2/proj/src/gates/org2.vhd Line: 23
Info (12021): Found 2 design units, including 1 entities, in source file /home/sforde22/CprE 381/Project/MIPS-Processor-CprE-381/Project 2/proj/src/gates/orgN.vhd
    Info (12022): Found design unit 1: orgN-structural File: /home/sforde22/CprE 381/Project/MIPS-Processor-CprE-381/Project 2/proj/src/gates/orgN.vhd Line: 12
    Info (12023): Found entity 1: orgN File: /home/sforde22/CprE 381/Project/MIPS-Processor-CprE-381/Project 2/proj/src/gates/orgN.vhd Line: 4
Info (12021): Found 2 design units, including 1 entities, in source file /home/sforde22/CprE 381/Project/MIPS-Processor-CprE-381/Project 2/proj/src/gates/xorg2.vhd
    Info (12022): Found design unit 1: xorg2-dataflow File: /home/sforde22/CprE 381/Project/MIPS-Processor-CprE-381/Project 2/proj/src/gates/xorg2.vhd Line: 31
    Info (12023): Found entity 1: xorg2 File: /home/sforde22/CprE 381/Project/MIPS-Processor-CprE-381/Project 2/proj/src/gates/xorg2.vhd Line: 23
Info (12021): Found 2 design units, including 1 entities, in source file /home/sforde22/CprE 381/Project/MIPS-Processor-CprE-381/Project 2/proj/src/gates/xorgN.vhd
    Info (12022): Found design unit 1: xorgN-structural File: /home/sforde22/CprE 381/Project/MIPS-Processor-CprE-381/Project 2/proj/src/gates/xorgN.vhd Line: 12
    Info (12023): Found entity 1: xorgN File: /home/sforde22/CprE 381/Project/MIPS-Processor-CprE-381/Project 2/proj/src/gates/xorgN.vhd Line: 4
Info (12021): Found 2 design units, including 1 entities, in source file /home/sforde22/CprE 381/Project/MIPS-Processor-CprE-381/Project 2/proj/src/muxes/mux2t1_N.vhd
    Info (12022): Found design unit 1: mux2t1_N-structural File: /home/sforde22/CprE 381/Project/MIPS-Processor-CprE-381/Project 2/proj/src/muxes/mux2t1_N.vhd Line: 30
    Info (12023): Found entity 1: mux2t1_N File: /home/sforde22/CprE 381/Project/MIPS-Processor-CprE-381/Project 2/proj/src/muxes/mux2t1_N.vhd Line: 21
Info (12021): Found 2 design units, including 1 entities, in source file /home/sforde22/CprE 381/Project/MIPS-Processor-CprE-381/Project 2/proj/src/muxes/mux2t1d.vhd
    Info (12022): Found design unit 1: mux2t1d-dataflow File: /home/sforde22/CprE 381/Project/MIPS-Processor-CprE-381/Project 2/proj/src/muxes/mux2t1d.vhd Line: 10
    Info (12023): Found entity 1: mux2t1d File: /home/sforde22/CprE 381/Project/MIPS-Processor-CprE-381/Project 2/proj/src/muxes/mux2t1d.vhd Line: 4
Info (12021): Found 3 design units, including 1 entities, in source file /home/sforde22/CprE 381/Project/MIPS-Processor-CprE-381/Project 2/proj/src/muxes/mux32t1.vhd
    Info (12022): Found design unit 1: bus_mux_input File: /home/sforde22/CprE 381/Project/MIPS-Processor-CprE-381/Project 2/proj/src/muxes/mux32t1.vhd Line: 5
    Info (12022): Found design unit 2: mux32t1-dataflow File: /home/sforde22/CprE 381/Project/MIPS-Processor-CprE-381/Project 2/proj/src/muxes/mux32t1.vhd Line: 20
    Info (12023): Found entity 1: mux32t1 File: /home/sforde22/CprE 381/Project/MIPS-Processor-CprE-381/Project 2/proj/src/muxes/mux32t1.vhd Line: 14
Info (12021): Found 2 design units, including 1 entities, in source file /home/sforde22/CprE 381/Project/MIPS-Processor-CprE-381/Project 2/proj/src/shifter/barrelshifter.vhd
    Info (12022): Found design unit 1: barrelshifter-mixed File: /home/sforde22/CprE 381/Project/MIPS-Processor-CprE-381/Project 2/proj/src/shifter/barrelshifter.vhd Line: 18
    Info (12023): Found entity 1: barrelshifter File: /home/sforde22/CprE 381/Project/MIPS-Processor-CprE-381/Project 2/proj/src/shifter/barrelshifter.vhd Line: 7
Info (12127): Elaborating entity "MIPS_Processor" for the top level hierarchy
Warning (10036): Verilog HDL or VHDL warning at MIPS_Processor.vhd(40): object "s_Halt" assigned a value but never read File: /home/sforde22/CprE 381/Project/MIPS-Processor-CprE-381/Project 2/proj/src/TopLevel/MIPS_Processor.vhd Line: 40
Warning (10036): Verilog HDL or VHDL warning at MIPS_Processor.vhd(43): object "s_Ovfl" assigned a value but never read File: /home/sforde22/CprE 381/Project/MIPS-Processor-CprE-381/Project 2/proj/src/TopLevel/MIPS_Processor.vhd Line: 43
Warning (10036): Verilog HDL or VHDL warning at MIPS_Processor.vhd(66): object "s_C" assigned a value but never read File: /home/sforde22/CprE 381/Project/MIPS-Processor-CprE-381/Project 2/proj/src/TopLevel/MIPS_Processor.vhd Line: 66
Warning (10036): Verilog HDL or VHDL warning at MIPS_Processor.vhd(312): object "MemReadToMEM" assigned a value but never read File: /home/sforde22/CprE 381/Project/MIPS-Processor-CprE-381/Project 2/proj/src/TopLevel/MIPS_Processor.vhd Line: 312
Warning (10036): Verilog HDL or VHDL warning at MIPS_Processor.vhd(312): object "BranchToMEM" assigned a value but never read File: /home/sforde22/CprE 381/Project/MIPS-Processor-CprE-381/Project 2/proj/src/TopLevel/MIPS_Processor.vhd Line: 312
Warning (10036): Verilog HDL or VHDL warning at MIPS_Processor.vhd(312): object "BNEToMEM" assigned a value but never read File: /home/sforde22/CprE 381/Project/MIPS-Processor-CprE-381/Project 2/proj/src/TopLevel/MIPS_Processor.vhd Line: 312
Warning (10036): Verilog HDL or VHDL warning at MIPS_Processor.vhd(312): object "JumpToMEM" assigned a value but never read File: /home/sforde22/CprE 381/Project/MIPS-Processor-CprE-381/Project 2/proj/src/TopLevel/MIPS_Processor.vhd Line: 312
Warning (10036): Verilog HDL or VHDL warning at MIPS_Processor.vhd(315): object "RegDstToWB" assigned a value but never read File: /home/sforde22/CprE 381/Project/MIPS-Processor-CprE-381/Project 2/proj/src/TopLevel/MIPS_Processor.vhd Line: 315
Warning (10036): Verilog HDL or VHDL warning at MIPS_Processor.vhd(323): object "pcadder1_cout" assigned a value but never read File: /home/sforde22/CprE 381/Project/MIPS-Processor-CprE-381/Project 2/proj/src/TopLevel/MIPS_Processor.vhd Line: 323
Warning (10036): Verilog HDL or VHDL warning at MIPS_Processor.vhd(323): object "pcadder2_cout" assigned a value but never read File: /home/sforde22/CprE 381/Project/MIPS-Processor-CprE-381/Project 2/proj/src/TopLevel/MIPS_Processor.vhd Line: 323
Info (12128): Elaborating entity "mem" for hierarchy "mem:IMem" File: /home/sforde22/CprE 381/Project/MIPS-Processor-CprE-381/Project 2/proj/src/TopLevel/MIPS_Processor.vhd Line: 331
Info (12128): Elaborating entity "rippleAdder_N" for hierarchy "rippleAdder_N:PCAdder1Component" File: /home/sforde22/CprE 381/Project/MIPS-Processor-CprE-381/Project 2/proj/src/TopLevel/MIPS_Processor.vhd Line: 360
Info (12128): Elaborating entity "fullAdder" for hierarchy "rippleAdder_N:PCAdder1Component|fullAdder:rAdder_0" File: /home/sforde22/CprE 381/Project/MIPS-Processor-CprE-381/Project 2/proj/src/datapath/alu/rippleAdder_N.vhd Line: 26
Info (12128): Elaborating entity "xorg2" for hierarchy "rippleAdder_N:PCAdder1Component|fullAdder:rAdder_0|xorg2:axob" File: /home/sforde22/CprE 381/Project/MIPS-Processor-CprE-381/Project 2/proj/src/datapath/alu/fullAdder.vhd Line: 33
Info (12128): Elaborating entity "andg2" for hierarchy "rippleAdder_N:PCAdder1Component|fullAdder:rAdder_0|andg2:ab" File: /home/sforde22/CprE 381/Project/MIPS-Processor-CprE-381/Project 2/proj/src/datapath/alu/fullAdder.vhd Line: 38
Info (12128): Elaborating entity "org2" for hierarchy "rippleAdder_N:PCAdder1Component|fullAdder:rAdder_0|org2:cout" File: /home/sforde22/CprE 381/Project/MIPS-Processor-CprE-381/Project 2/proj/src/datapath/alu/fullAdder.vhd Line: 53
Info (12128): Elaborating entity "IFIDReg" for hierarchy "IFIDReg:regstage1" File: /home/sforde22/CprE 381/Project/MIPS-Processor-CprE-381/Project 2/proj/src/TopLevel/MIPS_Processor.vhd Line: 371
Info (12128): Elaborating entity "nRegister" for hierarchy "IFIDReg:regstage1|nRegister:PC" File: /home/sforde22/CprE 381/Project/MIPS-Processor-CprE-381/Project 2/proj/src/datapath/Stages/IFIDReg.vhd Line: 43
Info (12128): Elaborating entity "dffg" for hierarchy "IFIDReg:regstage1|nRegister:PC|dffg:\G_NBit_REG:0:REGI" File: /home/sforde22/CprE 381/Project/MIPS-Processor-CprE-381/Project 2/proj/src/datapath/nRegister.vhd Line: 26
Info (12128): Elaborating entity "signZeroExt" for hierarchy "signZeroExt:SIGNEXT" File: /home/sforde22/CprE 381/Project/MIPS-Processor-CprE-381/Project 2/proj/src/TopLevel/MIPS_Processor.vhd Line: 384
Info (12128): Elaborating entity "mux2t1_N" for hierarchy "mux2t1_N:PCMux1" File: /home/sforde22/CprE 381/Project/MIPS-Processor-CprE-381/Project 2/proj/src/TopLevel/MIPS_Processor.vhd Line: 410
Info (12128): Elaborating entity "mux2t1d" for hierarchy "mux2t1_N:PCMux1|mux2t1d:\G_NBit_MUX:0:MUXI" File: /home/sforde22/CprE 381/Project/MIPS-Processor-CprE-381/Project 2/proj/src/muxes/mux2t1_N.vhd Line: 43
Info (12128): Elaborating entity "IDExReg" for hierarchy "IDExReg:regstage2" File: /home/sforde22/CprE 381/Project/MIPS-Processor-CprE-381/Project 2/proj/src/TopLevel/MIPS_Processor.vhd Line: 431
Info (12128): Elaborating entity "nRegister" for hierarchy "IDExReg:regstage2|nRegister:ALUCTRL" File: /home/sforde22/CprE 381/Project/MIPS-Processor-CprE-381/Project 2/proj/src/datapath/Stages/IDExReg.vhd Line: 95
Info (12128): Elaborating entity "nRegister" for hierarchy "IDExReg:regstage2|nRegister:WBAddr" File: /home/sforde22/CprE 381/Project/MIPS-Processor-CprE-381/Project 2/proj/src/datapath/Stages/IDExReg.vhd Line: 219
Info (12128): Elaborating entity "ExMemReg" for hierarchy "ExMemReg:regstage3" File: /home/sforde22/CprE 381/Project/MIPS-Processor-CprE-381/Project 2/proj/src/TopLevel/MIPS_Processor.vhd Line: 476
Info (12128): Elaborating entity "MEMWBReg" for hierarchy "MEMWBReg:regstage4" File: /home/sforde22/CprE 381/Project/MIPS-Processor-CprE-381/Project 2/proj/src/TopLevel/MIPS_Processor.vhd Line: 512
Info (12128): Elaborating entity "ctrl_logic" for hierarchy "ctrl_logic:CTRLLOGIC" File: /home/sforde22/CprE 381/Project/MIPS-Processor-CprE-381/Project 2/proj/src/TopLevel/MIPS_Processor.vhd Line: 547
Info (12128): Elaborating entity "alu_control" for hierarchy "alu_control:ALULOGIC" File: /home/sforde22/CprE 381/Project/MIPS-Processor-CprE-381/Project 2/proj/src/TopLevel/MIPS_Processor.vhd Line: 564
Info (12128): Elaborating entity "PC" for hierarchy "PC:PCounter" File: /home/sforde22/CprE 381/Project/MIPS-Processor-CprE-381/Project 2/proj/src/TopLevel/MIPS_Processor.vhd Line: 588
Warning (10492): VHDL Process Statement warning at PC.vhd(26): signal "s_NEWVAL" is read inside the Process Statement but isn't in the Process Statement's sensitivity list File: /home/sforde22/CprE 381/Project/MIPS-Processor-CprE-381/Project 2/proj/src/fetch/PC.vhd Line: 26
Info (12128): Elaborating entity "mux2t1_N" for hierarchy "mux2t1_N:rdmux" File: /home/sforde22/CprE 381/Project/MIPS-Processor-CprE-381/Project 2/proj/src/TopLevel/MIPS_Processor.vhd Line: 596
Info (12128): Elaborating entity "registerFile" for hierarchy "registerFile:REGFILE" File: /home/sforde22/CprE 381/Project/MIPS-Processor-CprE-381/Project 2/proj/src/TopLevel/MIPS_Processor.vhd Line: 622
Info (12128): Elaborating entity "decoder5t32" for hierarchy "registerFile:REGFILE|decoder5t32:DECWRITE" File: /home/sforde22/CprE 381/Project/MIPS-Processor-CprE-381/Project 2/proj/src/datapath/registerFile.vhd Line: 52
Info (12128): Elaborating entity "mux32t1" for hierarchy "registerFile:REGFILE|mux32t1:RSMUX" File: /home/sforde22/CprE 381/Project/MIPS-Processor-CprE-381/Project 2/proj/src/datapath/registerFile.vhd Line: 83
Info (12128): Elaborating entity "ALU" for hierarchy "ALU:ALU32b" File: /home/sforde22/CprE 381/Project/MIPS-Processor-CprE-381/Project 2/proj/src/TopLevel/MIPS_Processor.vhd Line: 644
Info (12128): Elaborating entity "andgN" for hierarchy "ALU:ALU32b|andgN:ANDG" File: /home/sforde22/CprE 381/Project/MIPS-Processor-CprE-381/Project 2/proj/src/datapath/alu/ALU.vhd Line: 98
Info (12128): Elaborating entity "nAdd_Sub" for hierarchy "ALU:ALU32b|nAdd_Sub:ADDER" File: /home/sforde22/CprE 381/Project/MIPS-Processor-CprE-381/Project 2/proj/src/datapath/alu/ALU.vhd Line: 103
Info (12128): Elaborating entity "onesComp" for hierarchy "ALU:ALU32b|nAdd_Sub:ADDER|onesComp:invertA" File: /home/sforde22/CprE 381/Project/MIPS-Processor-CprE-381/Project 2/proj/src/datapath/alu/nAdd_Sub.vhd Line: 45
Info (12128): Elaborating entity "invg" for hierarchy "ALU:ALU32b|nAdd_Sub:ADDER|onesComp:invertA|invg:\G_NBit_ONESCOMP:0:ONESI" File: /home/sforde22/CprE 381/Project/MIPS-Processor-CprE-381/Project 2/proj/src/datapath/alu/onesComp.vhd Line: 21
Info (12128): Elaborating entity "zeroDetect" for hierarchy "ALU:ALU32b|zeroDetect:ZERO" File: /home/sforde22/CprE 381/Project/MIPS-Processor-CprE-381/Project 2/proj/src/datapath/alu/ALU.vhd Line: 111
Info (12128): Elaborating entity "orgN" for hierarchy "ALU:ALU32b|orgN:ORG" File: /home/sforde22/CprE 381/Project/MIPS-Processor-CprE-381/Project 2/proj/src/datapath/alu/ALU.vhd Line: 115
Info (12128): Elaborating entity "xorgN" for hierarchy "ALU:ALU32b|xorgN:XORG" File: /home/sforde22/CprE 381/Project/MIPS-Processor-CprE-381/Project 2/proj/src/datapath/alu/ALU.vhd Line: 124
Info (12128): Elaborating entity "barrelshifter" for hierarchy "ALU:ALU32b|barrelshifter:BARREL" File: /home/sforde22/CprE 381/Project/MIPS-Processor-CprE-381/Project 2/proj/src/datapath/alu/ALU.vhd Line: 136
Warning (10036): Verilog HDL or VHDL warning at barrelshifter.vhd(46): object "D1_ext" assigned a value but never read File: /home/sforde22/CprE 381/Project/MIPS-Processor-CprE-381/Project 2/proj/src/shifter/barrelshifter.vhd Line: 46
Info (12128): Elaborating entity "SLT" for hierarchy "ALU:ALU32b|SLT:SLTFILL" File: /home/sforde22/CprE 381/Project/MIPS-Processor-CprE-381/Project 2/proj/src/datapath/alu/ALU.vhd Line: 143
Info (19000): Inferred 2 megafunctions from design logic
    Info (276029): Inferred altsyncram megafunction from the following design logic: "mem:IMem|ram_rtl_0" 
        Info (286033): Parameter OPERATION_MODE set to SINGLE_PORT
        Info (286033): Parameter WIDTH_A set to 32
        Info (286033): Parameter WIDTHAD_A set to 10
        Info (286033): Parameter NUMWORDS_A set to 1024
        Info (286033): Parameter OUTDATA_REG_A set to UNREGISTERED
        Info (286033): Parameter ADDRESS_ACLR_A set to NONE
        Info (286033): Parameter OUTDATA_ACLR_A set to NONE
        Info (286033): Parameter READ_DURING_WRITE_MODE_PORT_A set to OLD_DATA
        Info (286033): Parameter INDATA_ACLR_A set to NONE
        Info (286033): Parameter WRCONTROL_ACLR_A set to NONE
    Info (276029): Inferred altsyncram megafunction from the following design logic: "mem:DMem|ram_rtl_0" 
        Info (286033): Parameter OPERATION_MODE set to SINGLE_PORT
        Info (286033): Parameter WIDTH_A set to 32
        Info (286033): Parameter WIDTHAD_A set to 10
        Info (286033): Parameter NUMWORDS_A set to 1024
        Info (286033): Parameter OUTDATA_REG_A set to UNREGISTERED
        Info (286033): Parameter ADDRESS_ACLR_A set to NONE
        Info (286033): Parameter OUTDATA_ACLR_A set to NONE
        Info (286033): Parameter READ_DURING_WRITE_MODE_PORT_A set to OLD_DATA
        Info (286033): Parameter INDATA_ACLR_A set to NONE
        Info (286033): Parameter WRCONTROL_ACLR_A set to NONE
Info (12130): Elaborated megafunction instantiation "mem:IMem|altsyncram:ram_rtl_0"
Info (12133): Instantiated megafunction "mem:IMem|altsyncram:ram_rtl_0" with the following parameter:
    Info (12134): Parameter "OPERATION_MODE" = "SINGLE_PORT"
    Info (12134): Parameter "WIDTH_A" = "32"
    Info (12134): Parameter "WIDTHAD_A" = "10"
    Info (12134): Parameter "NUMWORDS_A" = "1024"
    Info (12134): Parameter "OUTDATA_REG_A" = "UNREGISTERED"
    Info (12134): Parameter "ADDRESS_ACLR_A" = "NONE"
    Info (12134): Parameter "OUTDATA_ACLR_A" = "NONE"
    Info (12134): Parameter "READ_DURING_WRITE_MODE_PORT_A" = "OLD_DATA"
    Info (12134): Parameter "INDATA_ACLR_A" = "NONE"
    Info (12134): Parameter "WRCONTROL_ACLR_A" = "NONE"
Info (12021): Found 1 design units, including 1 entities, in source file db/altsyncram_eg81.tdf
    Info (12023): Found entity 1: altsyncram_eg81 File: /home/sforde22/CprE 381/Project/MIPS-Processor-CprE-381/Project 2/internal/QuartusWork/db/altsyncram_eg81.tdf Line: 28
Info (286030): Timing-Driven Synthesis is running
Info (16010): Generating hard_block partition "hard_block:auto_generated_inst"
    Info (16011): Adding 0 node(s), including 0 DDIO, 0 PLL, 0 transceiver and 0 LCELL
Warning (21074): Design contains 22 input pin(s) that do not drive logic
    Warning (15610): No output dependent on input pin "iInstAddr[0]" File: /home/sforde22/CprE 381/Project/MIPS-Processor-CprE-381/Project 2/proj/src/TopLevel/MIPS_Processor.vhd Line: 14
    Warning (15610): No output dependent on input pin "iInstAddr[1]" File: /home/sforde22/CprE 381/Project/MIPS-Processor-CprE-381/Project 2/proj/src/TopLevel/MIPS_Processor.vhd Line: 14
    Warning (15610): No output dependent on input pin "iInstAddr[12]" File: /home/sforde22/CprE 381/Project/MIPS-Processor-CprE-381/Project 2/proj/src/TopLevel/MIPS_Processor.vhd Line: 14
    Warning (15610): No output dependent on input pin "iInstAddr[13]" File: /home/sforde22/CprE 381/Project/MIPS-Processor-CprE-381/Project 2/proj/src/TopLevel/MIPS_Processor.vhd Line: 14
    Warning (15610): No output dependent on input pin "iInstAddr[14]" File: /home/sforde22/CprE 381/Project/MIPS-Processor-CprE-381/Project 2/proj/src/TopLevel/MIPS_Processor.vhd Line: 14
    Warning (15610): No output dependent on input pin "iInstAddr[15]" File: /home/sforde22/CprE 381/Project/MIPS-Processor-CprE-381/Project 2/proj/src/TopLevel/MIPS_Processor.vhd Line: 14
    Warning (15610): No output dependent on input pin "iInstAddr[16]" File: /home/sforde22/CprE 381/Project/MIPS-Processor-CprE-381/Project 2/proj/src/TopLevel/MIPS_Processor.vhd Line: 14
    Warning (15610): No output dependent on input pin "iInstAddr[17]" File: /home/sforde22/CprE 381/Project/MIPS-Processor-CprE-381/Project 2/proj/src/TopLevel/MIPS_Processor.vhd Line: 14
    Warning (15610): No output dependent on input pin "iInstAddr[18]" File: /home/sforde22/CprE 381/Project/MIPS-Processor-CprE-381/Project 2/proj/src/TopLevel/MIPS_Processor.vhd Line: 14
    Warning (15610): No output dependent on input pin "iInstAddr[19]" File: /home/sforde22/CprE 381/Project/MIPS-Processor-CprE-381/Project 2/proj/src/TopLevel/MIPS_Processor.vhd Line: 14
    Warning (15610): No output dependent on input pin "iInstAddr[20]" File: /home/sforde22/CprE 381/Project/MIPS-Processor-CprE-381/Project 2/proj/src/TopLevel/MIPS_Processor.vhd Line: 14
    Warning (15610): No output dependent on input pin "iInstAddr[21]" File: /home/sforde22/CprE 381/Project/MIPS-Processor-CprE-381/Project 2/proj/src/TopLevel/MIPS_Processor.vhd Line: 14
    Warning (15610): No output dependent on input pin "iInstAddr[22]" File: /home/sforde22/CprE 381/Project/MIPS-Processor-CprE-381/Project 2/proj/src/TopLevel/MIPS_Processor.vhd Line: 14
    Warning (15610): No output dependent on input pin "iInstAddr[23]" File: /home/sforde22/CprE 381/Project/MIPS-Processor-CprE-381/Project 2/proj/src/TopLevel/MIPS_Processor.vhd Line: 14
    Warning (15610): No output dependent on input pin "iInstAddr[24]" File: /home/sforde22/CprE 381/Project/MIPS-Processor-CprE-381/Project 2/proj/src/TopLevel/MIPS_Processor.vhd Line: 14
    Warning (15610): No output dependent on input pin "iInstAddr[25]" File: /home/sforde22/CprE 381/Project/MIPS-Processor-CprE-381/Project 2/proj/src/TopLevel/MIPS_Processor.vhd Line: 14
    Warning (15610): No output dependent on input pin "iInstAddr[26]" File: /home/sforde22/CprE 381/Project/MIPS-Processor-CprE-381/Project 2/proj/src/TopLevel/MIPS_Processor.vhd Line: 14
    Warning (15610): No output dependent on input pin "iInstAddr[27]" File: /home/sforde22/CprE 381/Project/MIPS-Processor-CprE-381/Project 2/proj/src/TopLevel/MIPS_Processor.vhd Line: 14
    Warning (15610): No output dependent on input pin "iInstAddr[28]" File: /home/sforde22/CprE 381/Project/MIPS-Processor-CprE-381/Project 2/proj/src/TopLevel/MIPS_Processor.vhd Line: 14
    Warning (15610): No output dependent on input pin "iInstAddr[29]" File: /home/sforde22/CprE 381/Project/MIPS-Processor-CprE-381/Project 2/proj/src/TopLevel/MIPS_Processor.vhd Line: 14
    Warning (15610): No output dependent on input pin "iInstAddr[30]" File: /home/sforde22/CprE 381/Project/MIPS-Processor-CprE-381/Project 2/proj/src/TopLevel/MIPS_Processor.vhd Line: 14
    Warning (15610): No output dependent on input pin "iInstAddr[31]" File: /home/sforde22/CprE 381/Project/MIPS-Processor-CprE-381/Project 2/proj/src/TopLevel/MIPS_Processor.vhd Line: 14
Info (21057): Implemented 3642 device resources after synthesis - the final resource count might be different
    Info (21058): Implemented 67 input pins
    Info (21059): Implemented 32 output pins
    Info (21061): Implemented 3479 logic cells
    Info (21064): Implemented 64 RAM segments
Info: Quartus Prime Analysis & Synthesis was successful. 0 errors, 36 warnings
    Info: Peak virtual memory: 819 megabytes
    Info: Processing ended: Mon Nov 18 13:18:29 2024
    Info: Elapsed time: 00:00:10
    Info: Total CPU time (on all processors): 00:00:16
Info: *******************************************************************
Info: Running Quartus Prime Fitter
    Info: Version 20.1.1 Build 720 11/11/2020 SJ Standard Edition
    Info: Copyright (C) 2020  Intel Corporation. All rights reserved.
    Info: Your use of Intel Corporation's design tools, logic functions 
    Info: and other software and tools, and any partner logic 
    Info: functions, and any output files from any of the foregoing 
    Info: (including device programming or simulation files), and any 
    Info: associated documentation or information are expressly subject 
    Info: to the terms and conditions of the Intel Program License 
    Info: Subscription Agreement, the Intel Quartus Prime License Agreement,
    Info: the Intel FPGA IP License Agreement, or other applicable license
    Info: agreement, including, without limitation, that your use is for
    Info: the sole purpose of programming logic devices manufactured by
    Info: Intel and sold by Intel or its authorized distributors.  Please
    Info: refer to the applicable agreement for further details, at
    Info: https://fpgasoftware.intel.com/eula.
    Info: Processing started: Mon Nov 18 13:18:30 2024
Info: Command: quartus_fit --read_settings_files=on --write_settings_files=off toolflow -c toolflow
Info: qfit2_default_script.tcl version: #1
Info: Project  = toolflow
Info: Revision = toolflow
Warning (18236): Number of processors has not been specified which may cause overloading on shared machines.  Set the global assignment NUM_PARALLEL_PROCESSORS in your QSF to an appropriate value for best performance.
Info (20030): Parallel compilation is enabled and will use 12 of the 12 processors detected
Info (119006): Selected device EP4CE115F29C7 for design "toolflow"
Info (21076): High junction temperature operating condition is not set. Assuming a default value of '85'.
Info (21076): Low junction temperature operating condition is not set. Assuming a default value of '0'.
Info (171003): Fitter is performing an Auto Fit compilation, which may decrease Fitter effort to reduce compilation time
Info (176444): Device migration not selected. If you intend to use device migration later, you may need to change the pin assignments as they may be incompatible with other devices
    Info (176445): Device EP4CE40F29C7 is compatible
    Info (176445): Device EP4CE40F29I7 is compatible
    Info (176445): Device EP4CE30F29C7 is compatible
    Info (176445): Device EP4CE30F29I7 is compatible
    Info (176445): Device EP4CE55F29C7 is compatible
    Info (176445): Device EP4CE55F29I7 is compatible
    Info (176445): Device EP4CE75F29C7 is compatible
    Info (176445): Device EP4CE75F29I7 is compatible
    Info (176445): Device EP4CE115F29I7 is compatible
Info (169124): Fitter converted 5 user pins into dedicated programming pins
    Info (169125): Pin ~ALTERA_ASDO_DATA1~ is reserved at location F4
    Info (169125): Pin ~ALTERA_FLASH_nCE_nCSO~ is reserved at location E2
    Info (169125): Pin ~ALTERA_DCLK~ is reserved at location P3
    Info (169125): Pin ~ALTERA_DATA0~ is reserved at location N7
    Info (169125): Pin ~ALTERA_nCEO~ is reserved at location P28
Warning (15714): Some pins have incomplete I/O assignments. Refer to the I/O Assignment Warnings report for details
Info (176045): Design uses memory blocks. Violating setup or hold times of memory block address registers for either read or write operations could cause memory contents to be corrupted. Make sure that all memory block address registers meet the setup and hold time requirements.
Critical Warning (169085): No exact pin location assignment(s) for 99 pins of 99 total pins. For the list of pins please refer to the I/O Assignment Warnings table in the fitter report.
Info (332104): Reading SDC File: 'toolflow.sdc'
Info (332129): Detected timing requirements -- optimizing circuit to achieve only the specified requirements
Info (332111): Found 1 clocks
    Info (332111):   Period   Clock Name
    Info (332111): ======== ============
    Info (332111):   20.000         iCLK
Info (176353): Automatically promoted node iCLK~input (placed in PIN J1 (CLK1, DIFFCLK_0n)) File: /home/sforde22/CprE 381/Project/MIPS-Processor-CprE-381/Project 2/proj/src/TopLevel/MIPS_Processor.vhd Line: 11
    Info (176355): Automatically promoted destinations to use location or clock signal Global Clock CLKCTRL_G2
Info (176353): Automatically promoted node iRST~input (placed in PIN Y2 (CLK2, DIFFCLK_1p)) File: /home/sforde22/CprE 381/Project/MIPS-Processor-CprE-381/Project 2/proj/src/TopLevel/MIPS_Processor.vhd Line: 12
    Info (176355): Automatically promoted destinations to use location or clock signal Global Clock CLKCTRL_G4
    Info (176356): Following destination nodes may be non-global or may not use global or regional clocks
        Info (176357): Destination node PC:PCounter|s_NEWVAL[2] File: /home/sforde22/CprE 381/Project/MIPS-Processor-CprE-381/Project 2/proj/src/fetch/PC.vhd Line: 19
        Info (176357): Destination node PC:PCounter|s_NEWVAL[3] File: /home/sforde22/CprE 381/Project/MIPS-Processor-CprE-381/Project 2/proj/src/fetch/PC.vhd Line: 19
        Info (176357): Destination node PC:PCounter|s_NEWVAL[4] File: /home/sforde22/CprE 381/Project/MIPS-Processor-CprE-381/Project 2/proj/src/fetch/PC.vhd Line: 19
        Info (176357): Destination node PC:PCounter|s_NEWVAL[5] File: /home/sforde22/CprE 381/Project/MIPS-Processor-CprE-381/Project 2/proj/src/fetch/PC.vhd Line: 19
        Info (176357): Destination node PC:PCounter|s_NEWVAL[6] File: /home/sforde22/CprE 381/Project/MIPS-Processor-CprE-381/Project 2/proj/src/fetch/PC.vhd Line: 19
        Info (176357): Destination node PC:PCounter|s_NEWVAL[7] File: /home/sforde22/CprE 381/Project/MIPS-Processor-CprE-381/Project 2/proj/src/fetch/PC.vhd Line: 19
        Info (176357): Destination node PC:PCounter|s_NEWVAL[8] File: /home/sforde22/CprE 381/Project/MIPS-Processor-CprE-381/Project 2/proj/src/fetch/PC.vhd Line: 19
        Info (176357): Destination node PC:PCounter|s_NEWVAL[9] File: /home/sforde22/CprE 381/Project/MIPS-Processor-CprE-381/Project 2/proj/src/fetch/PC.vhd Line: 19
        Info (176357): Destination node PC:PCounter|s_NEWVAL[10] File: /home/sforde22/CprE 381/Project/MIPS-Processor-CprE-381/Project 2/proj/src/fetch/PC.vhd Line: 19
        Info (176357): Destination node PC:PCounter|s_NEWVAL[11] File: /home/sforde22/CprE 381/Project/MIPS-Processor-CprE-381/Project 2/proj/src/fetch/PC.vhd Line: 19
        Info (176358): Non-global destination nodes limited to 10 nodes
Info (176233): Starting register packing
Info (176235): Finished register packing
    Extra Info (176219): No registers were packed into other blocks
Info (176214): Statistics of I/O pins that need to be placed that use the same VCCIO and VREF, before I/O pin placement
    Info (176211): Number of I/O pins in group: 97 (unused VREF, 2.5V VCCIO, 65 input, 32 output, 0 bidirectional)
        Info (176212): I/O standards used: 2.5 V.
Info (176215): I/O bank details before I/O pin placement
    Info (176214): Statistics of I/O banks
        Info (176213): I/O bank number 1 does not use VREF pins and has undetermined VCCIO pins. 5 total pin(s) used --  51 pins available
        Info (176213): I/O bank number 2 does not use VREF pins and has undetermined VCCIO pins. 1 total pin(s) used --  62 pins available
        Info (176213): I/O bank number 3 does not use VREF pins and has undetermined VCCIO pins. 0 total pin(s) used --  73 pins available
        Info (176213): I/O bank number 4 does not use VREF pins and has undetermined VCCIO pins. 0 total pin(s) used --  71 pins available
        Info (176213): I/O bank number 5 does not use VREF pins and has undetermined VCCIO pins. 0 total pin(s) used --  65 pins available
        Info (176213): I/O bank number 6 does not use VREF pins and has undetermined VCCIO pins. 1 total pin(s) used --  57 pins available
        Info (176213): I/O bank number 7 does not use VREF pins and has undetermined VCCIO pins. 0 total pin(s) used --  72 pins available
        Info (176213): I/O bank number 8 does not use VREF pins and has undetermined VCCIO pins. 0 total pin(s) used --  71 pins available
Info (171121): Fitter preparation operations ending: elapsed time is 00:00:02
Info (14896): Fitter has disabled Advanced Physical Optimization because it is not supported for the current family.
Info (170189): Fitter placement preparation operations beginning
Info (170190): Fitter placement preparation operations ending: elapsed time is 00:00:00
Info (170191): Fitter placement operations beginning
Info (170137): Fitter placement was successful
Info (170192): Fitter placement operations ending: elapsed time is 00:00:03
Info (170193): Fitter routing operations beginning
Info (170195): Router estimated average interconnect usage is 1% of the available device resources
    Info (170196): Router estimated peak interconnect usage is 15% of the available device resources in the region that extends from location X46_Y37 to location X57_Y48
Info (170199): The Fitter performed an Auto Fit compilation.  Optimizations were skipped to reduce compilation time.
    Info (170201): Optimizations that may affect the design's routability were skipped
    Info (170200): Optimizations that may affect the design's timing were skipped
Info (170194): Fitter routing operations ending: elapsed time is 00:00:03
Info (11888): Total time spent on timing analysis during the Fitter is 0.71 seconds.
Info (334003): Started post-fitting delay annotation
Info (334004): Delay annotation completed successfully
Info (334003): Started post-fitting delay annotation
Info (334004): Delay annotation completed successfully
Info (11218): Fitter post-fit operations ending: elapsed time is 00:00:01
Info (144001): Generated suppressed messages file /home/sforde22/CprE 381/Project/MIPS-Processor-CprE-381/Project 2/internal/QuartusWork/output_files/toolflow.fit.smsg
Info: Quartus Prime Fitter was successful. 0 errors, 3 warnings
    Info: Peak virtual memory: 2111 megabytes
    Info: Processing ended: Mon Nov 18 13:18:44 2024
    Info: Elapsed time: 00:00:14
    Info: Total CPU time (on all processors): 00:00:28
Info: *******************************************************************
Info: Running Quartus Prime Assembler
    Info: Version 20.1.1 Build 720 11/11/2020 SJ Standard Edition
    Info: Copyright (C) 2020  Intel Corporation. All rights reserved.
    Info: Your use of Intel Corporation's design tools, logic functions 
    Info: and other software and tools, and any partner logic 
    Info: functions, and any output files from any of the foregoing 
    Info: (including device programming or simulation files), and any 
    Info: associated documentation or information are expressly subject 
    Info: to the terms and conditions of the Intel Program License 
    Info: Subscription Agreement, the Intel Quartus Prime License Agreement,
    Info: the Intel FPGA IP License Agreement, or other applicable license
    Info: agreement, including, without limitation, that your use is for
    Info: the sole purpose of programming logic devices manufactured by
    Info: Intel and sold by Intel or its authorized distributors.  Please
    Info: refer to the applicable agreement for further details, at
    Info: https://fpgasoftware.intel.com/eula.
    Info: Processing started: Mon Nov 18 13:18:44 2024
Info: Command: quartus_asm --read_settings_files=on --write_settings_files=off toolflow -c toolflow
Warning (18236): Number of processors has not been specified which may cause overloading on shared machines.  Set the global assignment NUM_PARALLEL_PROCESSORS in your QSF to an appropriate value for best performance.
Info (115031): Writing out detailed assembly data for power analysis
Info (115030): Assembler is generating device programming files
Info: Quartus Prime Assembler was successful. 0 errors, 1 warning
    Info: Peak virtual memory: 631 megabytes
    Info: Processing ended: Mon Nov 18 13:18:46 2024
    Info: Elapsed time: 00:00:02
    Info: Total CPU time (on all processors): 00:00:02
