[inst #1] addi $8,$0,9
Register Write to Reg: 0x08 Val: 0x00000009
[inst #2] lui $1,4097
Register Write to Reg: 0x01 Val: 0x10010000
[inst #3] nop 
[inst #4] nop 
[inst #5] ori $9,$1,0
Register Write to Reg: 0x09 Val: 0x10010000
[inst #6] nop 
[inst #7] nop 
[inst #8] addiu $10,$0,9
Register Write to Reg: 0x0A Val: 0x00000009
[inst #9] addiu $10,$0,9
Register Write to Reg: 0x0A Val: 0x00000009
[inst #10] nop 
[inst #11] nop 
[inst #12] sw $10,0($9)
Memory Write to Addr: 0x10010000 Val: 0x00000009
[inst #13] addiu $10,$0,3
Register Write to Reg: 0x0A Val: 0x00000003
[inst #14] nop 
[inst #15] nop 
[inst #16] sw $10,4($9)
Memory Write to Addr: 0x10010004 Val: 0x00000003
[inst #17] addiu $10,$0,7
Register Write to Reg: 0x0A Val: 0x00000007
[inst #18] nop 
[inst #19] nop 
[inst #20] sw $10,8($9)
Memory Write to Addr: 0x10010008 Val: 0x00000007
[inst #21] addiu $10,$0,1
Register Write to Reg: 0x0A Val: 0x00000001
[inst #22] nop 
[inst #23] nop 
[inst #24] sw $10,12($9)
Memory Write to Addr: 0x1001000C Val: 0x00000001
[inst #25] addiu $10,$0,8
Register Write to Reg: 0x0A Val: 0x00000008
[inst #26] nop 
[inst #27] nop 
[inst #28] sw $10,16($9)
Memory Write to Addr: 0x10010010 Val: 0x00000008
[inst #29] addiu $10,$0,5
Register Write to Reg: 0x0A Val: 0x00000005
[inst #30] nop 
[inst #31] nop 
[inst #32] sw $10,20($9)
Memory Write to Addr: 0x10010014 Val: 0x00000005
[inst #33] addiu $10,$0,4
Register Write to Reg: 0x0A Val: 0x00000004
[inst #34] nop 
[inst #35] nop 
[inst #36] sw $10,24($9)
Memory Write to Addr: 0x10010018 Val: 0x00000004
[inst #37] addiu $10,$0,2
Register Write to Reg: 0x0A Val: 0x00000002
[inst #38] nop 
[inst #39] nop 
[inst #40] sw $10,28($9)
Memory Write to Addr: 0x1001001C Val: 0x00000002
[inst #41] addiu $10,$0,6
Register Write to Reg: 0x0A Val: 0x00000006
[inst #42] nop 
[inst #43] nop 
[inst #44] sw $10,32($9)
Memory Write to Addr: 0x10010020 Val: 0x00000006
[inst #45] add $10,$0,$0
Register Write to Reg: 0x0A Val: 0x00000000
[inst #46] nop 
[inst #47] nop 
[inst #48] sub $11,$8,$10
Register Write to Reg: 0x0B Val: 0x00000009
[inst #49] nop 
[inst #50] nop 
[inst #51] addi $11,$11,-1
Register Write to Reg: 0x0B Val: 0x00000008
[inst #52] beq $11,$0,26
[inst #53] nop 
[inst #54] nop 
[inst #55] sll $12,$10,2
Register Write to Reg: 0x0C Val: 0x00000000
[inst #56] nop 
[inst #57] nop 
[inst #58] add $13,$9,$12
Register Write to Reg: 0x0D Val: 0x10010000
[inst #59] nop 
[inst #60] nop 
[inst #61] lw $14,0($13)
Register Write to Reg: 0x0E Val: 0x00000009
[inst #62] lw $15,4($13)
Register Write to Reg: 0x0F Val: 0x00000003
[inst #63] nop 
[inst #64] nop 
[inst #65] slt $1,$15,$14
Register Write to Reg: 0x01 Val: 0x00000001
[inst #66] nop 
[inst #67] nop 
[inst #68] beq $1,$0,4
[inst #69] nop 
[inst #70] nop 
[inst #71] sw $15,0($13)
Memory Write to Addr: 0x10010000 Val: 0x00000003
[inst #72] sw $14,4($13)
Memory Write to Addr: 0x10010004 Val: 0x00000009
[inst #73] addi $10,$10,1
Register Write to Reg: 0x0A Val: 0x00000001
[inst #74] addi $11,$11,-1
Register Write to Reg: 0x0B Val: 0x00000007
[inst #75] nop 
[inst #76] j 4194508
[inst #77] beq $11,$0,26
[inst #78] nop 
[inst #79] nop 
[inst #80] sll $12,$10,2
Register Write to Reg: 0x0C Val: 0x00000004
[inst #81] nop 
[inst #82] nop 
[inst #83] add $13,$9,$12
Register Write to Reg: 0x0D Val: 0x10010004
[inst #84] nop 
[inst #85] nop 
[inst #86] lw $14,0($13)
Register Write to Reg: 0x0E Val: 0x00000009
[inst #87] lw $15,4($13)
Register Write to Reg: 0x0F Val: 0x00000007
[inst #88] nop 
[inst #89] nop 
[inst #90] slt $1,$15,$14
Register Write to Reg: 0x01 Val: 0x00000001
[inst #91] nop 
[inst #92] nop 
[inst #93] beq $1,$0,4
[inst #94] nop 
[inst #95] nop 
[inst #96] sw $15,0($13)
Memory Write to Addr: 0x10010004 Val: 0x00000007
[inst #97] sw $14,4($13)
Memory Write to Addr: 0x10010008 Val: 0x00000009
[inst #98] addi $10,$10,1
Register Write to Reg: 0x0A Val: 0x00000002
[inst #99] addi $11,$11,-1
Register Write to Reg: 0x0B Val: 0x00000006
[inst #100] nop 
[inst #101] j 4194508
[inst #102] beq $11,$0,26
[inst #103] nop 
[inst #104] nop 
[inst #105] sll $12,$10,2
Register Write to Reg: 0x0C Val: 0x00000008
[inst #106] nop 
[inst #107] nop 
[inst #108] add $13,$9,$12
Register Write to Reg: 0x0D Val: 0x10010008
[inst #109] nop 
[inst #110] nop 
[inst #111] lw $14,0($13)
Register Write to Reg: 0x0E Val: 0x00000009
[inst #112] lw $15,4($13)
Register Write to Reg: 0x0F Val: 0x00000001
[inst #113] nop 
[inst #114] nop 
[inst #115] slt $1,$15,$14
Register Write to Reg: 0x01 Val: 0x00000001
[inst #116] nop 
[inst #117] nop 
[inst #118] beq $1,$0,4
[inst #119] nop 
[inst #120] nop 
[inst #121] sw $15,0($13)
Memory Write to Addr: 0x10010008 Val: 0x00000001
[inst #122] sw $14,4($13)
Memory Write to Addr: 0x1001000C Val: 0x00000009
[inst #123] addi $10,$10,1
Register Write to Reg: 0x0A Val: 0x00000003
[inst #124] addi $11,$11,-1
Register Write to Reg: 0x0B Val: 0x00000005
[inst #125] nop 
[inst #126] j 4194508
[inst #127] beq $11,$0,26
[inst #128] nop 
[inst #129] nop 
[inst #130] sll $12,$10,2
Register Write to Reg: 0x0C Val: 0x0000000C
[inst #131] nop 
[inst #132] nop 
[inst #133] add $13,$9,$12
Register Write to Reg: 0x0D Val: 0x1001000C
[inst #134] nop 
[inst #135] nop 
[inst #136] lw $14,0($13)
Register Write to Reg: 0x0E Val: 0x00000009
[inst #137] lw $15,4($13)
Register Write to Reg: 0x0F Val: 0x00000008
[inst #138] nop 
[inst #139] nop 
[inst #140] slt $1,$15,$14
Register Write to Reg: 0x01 Val: 0x00000001
[inst #141] nop 
[inst #142] nop 
[inst #143] beq $1,$0,4
[inst #144] nop 
[inst #145] nop 
[inst #146] sw $15,0($13)
Memory Write to Addr: 0x1001000C Val: 0x00000008
[inst #147] sw $14,4($13)
Memory Write to Addr: 0x10010010 Val: 0x00000009
[inst #148] addi $10,$10,1
Register Write to Reg: 0x0A Val: 0x00000004
[inst #149] addi $11,$11,-1
Register Write to Reg: 0x0B Val: 0x00000004
[inst #150] nop 
[inst #151] j 4194508
[inst #152] beq $11,$0,26
[inst #153] nop 
[inst #154] nop 
[inst #155] sll $12,$10,2
Register Write to Reg: 0x0C Val: 0x00000010
[inst #156] nop 
[inst #157] nop 
[inst #158] add $13,$9,$12
Register Write to Reg: 0x0D Val: 0x10010010
[inst #159] nop 
[inst #160] nop 
[inst #161] lw $14,0($13)
Register Write to Reg: 0x0E Val: 0x00000009
[inst #162] lw $15,4($13)
Register Write to Reg: 0x0F Val: 0x00000005
[inst #163] nop 
[inst #164] nop 
[inst #165] slt $1,$15,$14
Register Write to Reg: 0x01 Val: 0x00000001
[inst #166] nop 
[inst #167] nop 
[inst #168] beq $1,$0,4
[inst #169] nop 
[inst #170] nop 
[inst #171] sw $15,0($13)
Memory Write to Addr: 0x10010010 Val: 0x00000005
[inst #172] sw $14,4($13)
Memory Write to Addr: 0x10010014 Val: 0x00000009
[inst #173] addi $10,$10,1
Register Write to Reg: 0x0A Val: 0x00000005
[inst #174] addi $11,$11,-1
Register Write to Reg: 0x0B Val: 0x00000003
[inst #175] nop 
[inst #176] j 4194508
[inst #177] beq $11,$0,26
[inst #178] nop 
[inst #179] nop 
[inst #180] sll $12,$10,2
Register Write to Reg: 0x0C Val: 0x00000014
[inst #181] nop 
[inst #182] nop 
[inst #183] add $13,$9,$12
Register Write to Reg: 0x0D Val: 0x10010014
[inst #184] nop 
[inst #185] nop 
[inst #186] lw $14,0($13)
Register Write to Reg: 0x0E Val: 0x00000009
[inst #187] lw $15,4($13)
Register Write to Reg: 0x0F Val: 0x00000004
[inst #188] nop 
[inst #189] nop 
[inst #190] slt $1,$15,$14
Register Write to Reg: 0x01 Val: 0x00000001
[inst #191] nop 
[inst #192] nop 
[inst #193] beq $1,$0,4
[inst #194] nop 
[inst #195] nop 
[inst #196] sw $15,0($13)
Memory Write to Addr: 0x10010014 Val: 0x00000004
[inst #197] sw $14,4($13)
Memory Write to Addr: 0x10010018 Val: 0x00000009
[inst #198] addi $10,$10,1
Register Write to Reg: 0x0A Val: 0x00000006
[inst #199] addi $11,$11,-1
Register Write to Reg: 0x0B Val: 0x00000002
[inst #200] nop 
[inst #201] j 4194508
[inst #202] beq $11,$0,26
[inst #203] nop 
[inst #204] nop 
[inst #205] sll $12,$10,2
Register Write to Reg: 0x0C Val: 0x00000018
[inst #206] nop 
[inst #207] nop 
[inst #208] add $13,$9,$12
Register Write to Reg: 0x0D Val: 0x10010018
[inst #209] nop 
[inst #210] nop 
[inst #211] lw $14,0($13)
Register Write to Reg: 0x0E Val: 0x00000009
[inst #212] lw $15,4($13)
Register Write to Reg: 0x0F Val: 0x00000002
[inst #213] nop 
[inst #214] nop 
[inst #215] slt $1,$15,$14
Register Write to Reg: 0x01 Val: 0x00000001
[inst #216] nop 
[inst #217] nop 
[inst #218] beq $1,$0,4
[inst #219] nop 
[inst #220] nop 
[inst #221] sw $15,0($13)
Memory Write to Addr: 0x10010018 Val: 0x00000002
[inst #222] sw $14,4($13)
Memory Write to Addr: 0x1001001C Val: 0x00000009
[inst #223] addi $10,$10,1
Register Write to Reg: 0x0A Val: 0x00000007
[inst #224] addi $11,$11,-1
Register Write to Reg: 0x0B Val: 0x00000001
[inst #225] nop 
[inst #226] j 4194508
[inst #227] beq $11,$0,26
[inst #228] nop 
[inst #229] nop 
[inst #230] sll $12,$10,2
Register Write to Reg: 0x0C Val: 0x0000001C
[inst #231] nop 
[inst #232] nop 
[inst #233] add $13,$9,$12
Register Write to Reg: 0x0D Val: 0x1001001C
[inst #234] nop 
[inst #235] nop 
[inst #236] lw $14,0($13)
Register Write to Reg: 0x0E Val: 0x00000009
[inst #237] lw $15,4($13)
Register Write to Reg: 0x0F Val: 0x00000006
[inst #238] nop 
[inst #239] nop 
[inst #240] slt $1,$15,$14
Register Write to Reg: 0x01 Val: 0x00000001
[inst #241] nop 
[inst #242] nop 
[inst #243] beq $1,$0,4
[inst #244] nop 
[inst #245] nop 
[inst #246] sw $15,0($13)
Memory Write to Addr: 0x1001001C Val: 0x00000006
[inst #247] sw $14,4($13)
Memory Write to Addr: 0x10010020 Val: 0x00000009
[inst #248] addi $10,$10,1
Register Write to Reg: 0x0A Val: 0x00000008
[inst #249] addi $11,$11,-1
Register Write to Reg: 0x0B Val: 0x00000000
[inst #250] nop 
[inst #251] j 4194508
[inst #252] beq $11,$0,26
[inst #253] addi $8,$8,-1
Register Write to Reg: 0x08 Val: 0x00000008
[inst #254] bne $1,$0,-36
[inst #255] add $10,$0,$0
Register Write to Reg: 0x0A Val: 0x00000000
[inst #256] nop 
[inst #257] nop 
[inst #258] sub $11,$8,$10
Register Write to Reg: 0x0B Val: 0x00000008
[inst #259] nop 
[inst #260] nop 
[inst #261] addi $11,$11,-1
Register Write to Reg: 0x0B Val: 0x00000007
[inst #262] beq $11,$0,26
[inst #263] nop 
[inst #264] nop 
[inst #265] sll $12,$10,2
Register Write to Reg: 0x0C Val: 0x00000000
[inst #266] nop 
[inst #267] nop 
[inst #268] add $13,$9,$12
Register Write to Reg: 0x0D Val: 0x10010000
[inst #269] nop 
[inst #270] nop 
[inst #271] lw $14,0($13)
Register Write to Reg: 0x0E Val: 0x00000003
[inst #272] lw $15,4($13)
Register Write to Reg: 0x0F Val: 0x00000007
[inst #273] nop 
[inst #274] nop 
[inst #275] slt $1,$15,$14
Register Write to Reg: 0x01 Val: 0x00000000
[inst #276] nop 
[inst #277] nop 
[inst #278] beq $1,$0,4
[inst #279] addi $10,$10,1
Register Write to Reg: 0x0A Val: 0x00000001
[inst #280] addi $11,$11,-1
Register Write to Reg: 0x0B Val: 0x00000006
[inst #281] nop 
[inst #282] j 4194508
[inst #283] beq $11,$0,26
[inst #284] nop 
[inst #285] nop 
[inst #286] sll $12,$10,2
Register Write to Reg: 0x0C Val: 0x00000004
[inst #287] nop 
[inst #288] nop 
[inst #289] add $13,$9,$12
Register Write to Reg: 0x0D Val: 0x10010004
[inst #290] nop 
[inst #291] nop 
[inst #292] lw $14,0($13)
Register Write to Reg: 0x0E Val: 0x00000007
[inst #293] lw $15,4($13)
Register Write to Reg: 0x0F Val: 0x00000001
[inst #294] nop 
[inst #295] nop 
[inst #296] slt $1,$15,$14
Register Write to Reg: 0x01 Val: 0x00000001
[inst #297] nop 
[inst #298] nop 
[inst #299] beq $1,$0,4
[inst #300] nop 
[inst #301] nop 
[inst #302] sw $15,0($13)
Memory Write to Addr: 0x10010004 Val: 0x00000001
[inst #303] sw $14,4($13)
Memory Write to Addr: 0x10010008 Val: 0x00000007
[inst #304] addi $10,$10,1
Register Write to Reg: 0x0A Val: 0x00000002
[inst #305] addi $11,$11,-1
Register Write to Reg: 0x0B Val: 0x00000005
[inst #306] nop 
[inst #307] j 4194508
[inst #308] beq $11,$0,26
[inst #309] nop 
[inst #310] nop 
[inst #311] sll $12,$10,2
Register Write to Reg: 0x0C Val: 0x00000008
[inst #312] nop 
[inst #313] nop 
[inst #314] add $13,$9,$12
Register Write to Reg: 0x0D Val: 0x10010008
[inst #315] nop 
[inst #316] nop 
[inst #317] lw $14,0($13)
Register Write to Reg: 0x0E Val: 0x00000007
[inst #318] lw $15,4($13)
Register Write to Reg: 0x0F Val: 0x00000008
[inst #319] nop 
[inst #320] nop 
[inst #321] slt $1,$15,$14
Register Write to Reg: 0x01 Val: 0x00000000
[inst #322] nop 
[inst #323] nop 
[inst #324] beq $1,$0,4
[inst #325] addi $10,$10,1
Register Write to Reg: 0x0A Val: 0x00000003
[inst #326] addi $11,$11,-1
Register Write to Reg: 0x0B Val: 0x00000004
[inst #327] nop 
[inst #328] j 4194508
[inst #329] beq $11,$0,26
[inst #330] nop 
[inst #331] nop 
[inst #332] sll $12,$10,2
Register Write to Reg: 0x0C Val: 0x0000000C
[inst #333] nop 
[inst #334] nop 
[inst #335] add $13,$9,$12
Register Write to Reg: 0x0D Val: 0x1001000C
[inst #336] nop 
[inst #337] nop 
[inst #338] lw $14,0($13)
Register Write to Reg: 0x0E Val: 0x00000008
[inst #339] lw $15,4($13)
Register Write to Reg: 0x0F Val: 0x00000005
[inst #340] nop 
[inst #341] nop 
[inst #342] slt $1,$15,$14
Register Write to Reg: 0x01 Val: 0x00000001
[inst #343] nop 
[inst #344] nop 
[inst #345] beq $1,$0,4
[inst #346] nop 
[inst #347] nop 
[inst #348] sw $15,0($13)
Memory Write to Addr: 0x1001000C Val: 0x00000005
[inst #349] sw $14,4($13)
Memory Write to Addr: 0x10010010 Val: 0x00000008
[inst #350] addi $10,$10,1
Register Write to Reg: 0x0A Val: 0x00000004
[inst #351] addi $11,$11,-1
Register Write to Reg: 0x0B Val: 0x00000003
[inst #352] nop 
[inst #353] j 4194508
[inst #354] beq $11,$0,26
[inst #355] nop 
[inst #356] nop 
[inst #357] sll $12,$10,2
Register Write to Reg: 0x0C Val: 0x00000010
[inst #358] nop 
[inst #359] nop 
[inst #360] add $13,$9,$12
Register Write to Reg: 0x0D Val: 0x10010010
[inst #361] nop 
[inst #362] nop 
[inst #363] lw $14,0($13)
Register Write to Reg: 0x0E Val: 0x00000008
[inst #364] lw $15,4($13)
Register Write to Reg: 0x0F Val: 0x00000004
[inst #365] nop 
[inst #366] nop 
[inst #367] slt $1,$15,$14
Register Write to Reg: 0x01 Val: 0x00000001
[inst #368] nop 
[inst #369] nop 
[inst #370] beq $1,$0,4
[inst #371] nop 
[inst #372] nop 
[inst #373] sw $15,0($13)
Memory Write to Addr: 0x10010010 Val: 0x00000004
[inst #374] sw $14,4($13)
Memory Write to Addr: 0x10010014 Val: 0x00000008
[inst #375] addi $10,$10,1
Register Write to Reg: 0x0A Val: 0x00000005
[inst #376] addi $11,$11,-1
Register Write to Reg: 0x0B Val: 0x00000002
[inst #377] nop 
[inst #378] j 4194508
[inst #379] beq $11,$0,26
[inst #380] nop 
[inst #381] nop 
[inst #382] sll $12,$10,2
Register Write to Reg: 0x0C Val: 0x00000014
[inst #383] nop 
[inst #384] nop 
[inst #385] add $13,$9,$12
Register Write to Reg: 0x0D Val: 0x10010014
[inst #386] nop 
[inst #387] nop 
[inst #388] lw $14,0($13)
Register Write to Reg: 0x0E Val: 0x00000008
[inst #389] lw $15,4($13)
Register Write to Reg: 0x0F Val: 0x00000002
[inst #390] nop 
[inst #391] nop 
[inst #392] slt $1,$15,$14
Register Write to Reg: 0x01 Val: 0x00000001
[inst #393] nop 
[inst #394] nop 
[inst #395] beq $1,$0,4
[inst #396] nop 
[inst #397] nop 
[inst #398] sw $15,0($13)
Memory Write to Addr: 0x10010014 Val: 0x00000002
[inst #399] sw $14,4($13)
Memory Write to Addr: 0x10010018 Val: 0x00000008
[inst #400] addi $10,$10,1
Register Write to Reg: 0x0A Val: 0x00000006
[inst #401] addi $11,$11,-1
Register Write to Reg: 0x0B Val: 0x00000001
[inst #402] nop 
[inst #403] j 4194508
[inst #404] beq $11,$0,26
[inst #405] nop 
[inst #406] nop 
[inst #407] sll $12,$10,2
Register Write to Reg: 0x0C Val: 0x00000018
[inst #408] nop 
[inst #409] nop 
[inst #410] add $13,$9,$12
Register Write to Reg: 0x0D Val: 0x10010018
[inst #411] nop 
[inst #412] nop 
[inst #413] lw $14,0($13)
Register Write to Reg: 0x0E Val: 0x00000008
[inst #414] lw $15,4($13)
Register Write to Reg: 0x0F Val: 0x00000006
[inst #415] nop 
[inst #416] nop 
[inst #417] slt $1,$15,$14
Register Write to Reg: 0x01 Val: 0x00000001
[inst #418] nop 
[inst #419] nop 
[inst #420] beq $1,$0,4
[inst #421] nop 
[inst #422] nop 
[inst #423] sw $15,0($13)
Memory Write to Addr: 0x10010018 Val: 0x00000006
[inst #424] sw $14,4($13)
Memory Write to Addr: 0x1001001C Val: 0x00000008
[inst #425] addi $10,$10,1
Register Write to Reg: 0x0A Val: 0x00000007
[inst #426] addi $11,$11,-1
Register Write to Reg: 0x0B Val: 0x00000000
[inst #427] nop 
[inst #428] j 4194508
[inst #429] beq $11,$0,26
[inst #430] addi $8,$8,-1
Register Write to Reg: 0x08 Val: 0x00000007
[inst #431] bne $1,$0,-36
[inst #432] add $10,$0,$0
Register Write to Reg: 0x0A Val: 0x00000000
[inst #433] nop 
[inst #434] nop 
[inst #435] sub $11,$8,$10
Register Write to Reg: 0x0B Val: 0x00000007
[inst #436] nop 
[inst #437] nop 
[inst #438] addi $11,$11,-1
Register Write to Reg: 0x0B Val: 0x00000006
[inst #439] beq $11,$0,26
[inst #440] nop 
[inst #441] nop 
[inst #442] sll $12,$10,2
Register Write to Reg: 0x0C Val: 0x00000000
[inst #443] nop 
[inst #444] nop 
[inst #445] add $13,$9,$12
Register Write to Reg: 0x0D Val: 0x10010000
[inst #446] nop 
[inst #447] nop 
[inst #448] lw $14,0($13)
Register Write to Reg: 0x0E Val: 0x00000003
[inst #449] lw $15,4($13)
Register Write to Reg: 0x0F Val: 0x00000001
[inst #450] nop 
[inst #451] nop 
[inst #452] slt $1,$15,$14
Register Write to Reg: 0x01 Val: 0x00000001
[inst #453] nop 
[inst #454] nop 
[inst #455] beq $1,$0,4
[inst #456] nop 
[inst #457] nop 
[inst #458] sw $15,0($13)
Memory Write to Addr: 0x10010000 Val: 0x00000001
[inst #459] sw $14,4($13)
Memory Write to Addr: 0x10010004 Val: 0x00000003
[inst #460] addi $10,$10,1
Register Write to Reg: 0x0A Val: 0x00000001
[inst #461] addi $11,$11,-1
Register Write to Reg: 0x0B Val: 0x00000005
[inst #462] nop 
[inst #463] j 4194508
[inst #464] beq $11,$0,26
[inst #465] nop 
[inst #466] nop 
[inst #467] sll $12,$10,2
Register Write to Reg: 0x0C Val: 0x00000004
[inst #468] nop 
[inst #469] nop 
[inst #470] add $13,$9,$12
Register Write to Reg: 0x0D Val: 0x10010004
[inst #471] nop 
[inst #472] nop 
[inst #473] lw $14,0($13)
Register Write to Reg: 0x0E Val: 0x00000003
[inst #474] lw $15,4($13)
Register Write to Reg: 0x0F Val: 0x00000007
[inst #475] nop 
[inst #476] nop 
[inst #477] slt $1,$15,$14
Register Write to Reg: 0x01 Val: 0x00000000
[inst #478] nop 
[inst #479] nop 
[inst #480] beq $1,$0,4
[inst #481] addi $10,$10,1
Register Write to Reg: 0x0A Val: 0x00000002
[inst #482] addi $11,$11,-1
Register Write to Reg: 0x0B Val: 0x00000004
[inst #483] nop 
[inst #484] j 4194508
[inst #485] beq $11,$0,26
[inst #486] nop 
[inst #487] nop 
[inst #488] sll $12,$10,2
Register Write to Reg: 0x0C Val: 0x00000008
[inst #489] nop 
[inst #490] nop 
[inst #491] add $13,$9,$12
Register Write to Reg: 0x0D Val: 0x10010008
[inst #492] nop 
[inst #493] nop 
[inst #494] lw $14,0($13)
Register Write to Reg: 0x0E Val: 0x00000007
[inst #495] lw $15,4($13)
Register Write to Reg: 0x0F Val: 0x00000005
[inst #496] nop 
[inst #497] nop 
[inst #498] slt $1,$15,$14
Register Write to Reg: 0x01 Val: 0x00000001
[inst #499] nop 
[inst #500] nop 
[inst #501] beq $1,$0,4
[inst #502] nop 
[inst #503] nop 
[inst #504] sw $15,0($13)
Memory Write to Addr: 0x10010008 Val: 0x00000005
[inst #505] sw $14,4($13)
Memory Write to Addr: 0x1001000C Val: 0x00000007
[inst #506] addi $10,$10,1
Register Write to Reg: 0x0A Val: 0x00000003
[inst #507] addi $11,$11,-1
Register Write to Reg: 0x0B Val: 0x00000003
[inst #508] nop 
[inst #509] j 4194508
[inst #510] beq $11,$0,26
[inst #511] nop 
[inst #512] nop 
[inst #513] sll $12,$10,2
Register Write to Reg: 0x0C Val: 0x0000000C
[inst #514] nop 
[inst #515] nop 
[inst #516] add $13,$9,$12
Register Write to Reg: 0x0D Val: 0x1001000C
[inst #517] nop 
[inst #518] nop 
[inst #519] lw $14,0($13)
Register Write to Reg: 0x0E Val: 0x00000007
[inst #520] lw $15,4($13)
Register Write to Reg: 0x0F Val: 0x00000004
[inst #521] nop 
[inst #522] nop 
[inst #523] slt $1,$15,$14
Register Write to Reg: 0x01 Val: 0x00000001
[inst #524] nop 
[inst #525] nop 
[inst #526] beq $1,$0,4
[inst #527] nop 
[inst #528] nop 
[inst #529] sw $15,0($13)
Memory Write to Addr: 0x1001000C Val: 0x00000004
[inst #530] sw $14,4($13)
Memory Write to Addr: 0x10010010 Val: 0x00000007
[inst #531] addi $10,$10,1
Register Write to Reg: 0x0A Val: 0x00000004
[inst #532] addi $11,$11,-1
Register Write to Reg: 0x0B Val: 0x00000002
[inst #533] nop 
[inst #534] j 4194508
[inst #535] beq $11,$0,26
[inst #536] nop 
[inst #537] nop 
[inst #538] sll $12,$10,2
Register Write to Reg: 0x0C Val: 0x00000010
[inst #539] nop 
[inst #540] nop 
[inst #541] add $13,$9,$12
Register Write to Reg: 0x0D Val: 0x10010010
[inst #542] nop 
[inst #543] nop 
[inst #544] lw $14,0($13)
Register Write to Reg: 0x0E Val: 0x00000007
[inst #545] lw $15,4($13)
Register Write to Reg: 0x0F Val: 0x00000002
[inst #546] nop 
[inst #547] nop 
[inst #548] slt $1,$15,$14
Register Write to Reg: 0x01 Val: 0x00000001
[inst #549] nop 
[inst #550] nop 
[inst #551] beq $1,$0,4
[inst #552] nop 
[inst #553] nop 
[inst #554] sw $15,0($13)
Memory Write to Addr: 0x10010010 Val: 0x00000002
[inst #555] sw $14,4($13)
Memory Write to Addr: 0x10010014 Val: 0x00000007
[inst #556] addi $10,$10,1
Register Write to Reg: 0x0A Val: 0x00000005
[inst #557] addi $11,$11,-1
Register Write to Reg: 0x0B Val: 0x00000001
[inst #558] nop 
[inst #559] j 4194508
[inst #560] beq $11,$0,26
[inst #561] nop 
[inst #562] nop 
[inst #563] sll $12,$10,2
Register Write to Reg: 0x0C Val: 0x00000014
[inst #564] nop 
[inst #565] nop 
[inst #566] add $13,$9,$12
Register Write to Reg: 0x0D Val: 0x10010014
[inst #567] nop 
[inst #568] nop 
[inst #569] lw $14,0($13)
Register Write to Reg: 0x0E Val: 0x00000007
[inst #570] lw $15,4($13)
Register Write to Reg: 0x0F Val: 0x00000006
[inst #571] nop 
[inst #572] nop 
[inst #573] slt $1,$15,$14
Register Write to Reg: 0x01 Val: 0x00000001
[inst #574] nop 
[inst #575] nop 
[inst #576] beq $1,$0,4
[inst #577] nop 
[inst #578] nop 
[inst #579] sw $15,0($13)
Memory Write to Addr: 0x10010014 Val: 0x00000006
[inst #580] sw $14,4($13)
Memory Write to Addr: 0x10010018 Val: 0x00000007
[inst #581] addi $10,$10,1
Register Write to Reg: 0x0A Val: 0x00000006
[inst #582] addi $11,$11,-1
Register Write to Reg: 0x0B Val: 0x00000000
[inst #583] nop 
[inst #584] j 4194508
[inst #585] beq $11,$0,26
[inst #586] addi $8,$8,-1
Register Write to Reg: 0x08 Val: 0x00000006
[inst #587] bne $1,$0,-36
[inst #588] add $10,$0,$0
Register Write to Reg: 0x0A Val: 0x00000000
[inst #589] nop 
[inst #590] nop 
[inst #591] sub $11,$8,$10
Register Write to Reg: 0x0B Val: 0x00000006
[inst #592] nop 
[inst #593] nop 
[inst #594] addi $11,$11,-1
Register Write to Reg: 0x0B Val: 0x00000005
[inst #595] beq $11,$0,26
[inst #596] nop 
[inst #597] nop 
[inst #598] sll $12,$10,2
Register Write to Reg: 0x0C Val: 0x00000000
[inst #599] nop 
[inst #600] nop 
[inst #601] add $13,$9,$12
Register Write to Reg: 0x0D Val: 0x10010000
[inst #602] nop 
[inst #603] nop 
[inst #604] lw $14,0($13)
Register Write to Reg: 0x0E Val: 0x00000001
[inst #605] lw $15,4($13)
Register Write to Reg: 0x0F Val: 0x00000003
[inst #606] nop 
[inst #607] nop 
[inst #608] slt $1,$15,$14
Register Write to Reg: 0x01 Val: 0x00000000
[inst #609] nop 
[inst #610] nop 
[inst #611] beq $1,$0,4
[inst #612] addi $10,$10,1
Register Write to Reg: 0x0A Val: 0x00000001
[inst #613] addi $11,$11,-1
Register Write to Reg: 0x0B Val: 0x00000004
[inst #614] nop 
[inst #615] j 4194508
[inst #616] beq $11,$0,26
[inst #617] nop 
[inst #618] nop 
[inst #619] sll $12,$10,2
Register Write to Reg: 0x0C Val: 0x00000004
[inst #620] nop 
[inst #621] nop 
[inst #622] add $13,$9,$12
Register Write to Reg: 0x0D Val: 0x10010004
[inst #623] nop 
[inst #624] nop 
[inst #625] lw $14,0($13)
Register Write to Reg: 0x0E Val: 0x00000003
[inst #626] lw $15,4($13)
Register Write to Reg: 0x0F Val: 0x00000005
[inst #627] nop 
[inst #628] nop 
[inst #629] slt $1,$15,$14
Register Write to Reg: 0x01 Val: 0x00000000
[inst #630] nop 
[inst #631] nop 
[inst #632] beq $1,$0,4
[inst #633] addi $10,$10,1
Register Write to Reg: 0x0A Val: 0x00000002
[inst #634] addi $11,$11,-1
Register Write to Reg: 0x0B Val: 0x00000003
[inst #635] nop 
[inst #636] j 4194508
[inst #637] beq $11,$0,26
[inst #638] nop 
[inst #639] nop 
[inst #640] sll $12,$10,2
Register Write to Reg: 0x0C Val: 0x00000008
[inst #641] nop 
[inst #642] nop 
[inst #643] add $13,$9,$12
Register Write to Reg: 0x0D Val: 0x10010008
[inst #644] nop 
[inst #645] nop 
[inst #646] lw $14,0($13)
Register Write to Reg: 0x0E Val: 0x00000005
[inst #647] lw $15,4($13)
Register Write to Reg: 0x0F Val: 0x00000004
[inst #648] nop 
[inst #649] nop 
[inst #650] slt $1,$15,$14
Register Write to Reg: 0x01 Val: 0x00000001
[inst #651] nop 
[inst #652] nop 
[inst #653] beq $1,$0,4
[inst #654] nop 
[inst #655] nop 
[inst #656] sw $15,0($13)
Memory Write to Addr: 0x10010008 Val: 0x00000004
[inst #657] sw $14,4($13)
Memory Write to Addr: 0x1001000C Val: 0x00000005
[inst #658] addi $10,$10,1
Register Write to Reg: 0x0A Val: 0x00000003
[inst #659] addi $11,$11,-1
Register Write to Reg: 0x0B Val: 0x00000002
[inst #660] nop 
[inst #661] j 4194508
[inst #662] beq $11,$0,26
[inst #663] nop 
[inst #664] nop 
[inst #665] sll $12,$10,2
Register Write to Reg: 0x0C Val: 0x0000000C
[inst #666] nop 
[inst #667] nop 
[inst #668] add $13,$9,$12
Register Write to Reg: 0x0D Val: 0x1001000C
[inst #669] nop 
[inst #670] nop 
[inst #671] lw $14,0($13)
Register Write to Reg: 0x0E Val: 0x00000005
[inst #672] lw $15,4($13)
Register Write to Reg: 0x0F Val: 0x00000002
[inst #673] nop 
[inst #674] nop 
[inst #675] slt $1,$15,$14
Register Write to Reg: 0x01 Val: 0x00000001
[inst #676] nop 
[inst #677] nop 
[inst #678] beq $1,$0,4
[inst #679] nop 
[inst #680] nop 
[inst #681] sw $15,0($13)
Memory Write to Addr: 0x1001000C Val: 0x00000002
[inst #682] sw $14,4($13)
Memory Write to Addr: 0x10010010 Val: 0x00000005
[inst #683] addi $10,$10,1
Register Write to Reg: 0x0A Val: 0x00000004
[inst #684] addi $11,$11,-1
Register Write to Reg: 0x0B Val: 0x00000001
[inst #685] nop 
[inst #686] j 4194508
[inst #687] beq $11,$0,26
[inst #688] nop 
[inst #689] nop 
[inst #690] sll $12,$10,2
Register Write to Reg: 0x0C Val: 0x00000010
[inst #691] nop 
[inst #692] nop 
[inst #693] add $13,$9,$12
Register Write to Reg: 0x0D Val: 0x10010010
[inst #694] nop 
[inst #695] nop 
[inst #696] lw $14,0($13)
Register Write to Reg: 0x0E Val: 0x00000005
[inst #697] lw $15,4($13)
Register Write to Reg: 0x0F Val: 0x00000006
[inst #698] nop 
[inst #699] nop 
[inst #700] slt $1,$15,$14
Register Write to Reg: 0x01 Val: 0x00000000
[inst #701] nop 
[inst #702] nop 
[inst #703] beq $1,$0,4
[inst #704] addi $10,$10,1
Register Write to Reg: 0x0A Val: 0x00000005
[inst #705] addi $11,$11,-1
Register Write to Reg: 0x0B Val: 0x00000000
[inst #706] nop 
[inst #707] j 4194508
[inst #708] beq $11,$0,26
[inst #709] addi $8,$8,-1
Register Write to Reg: 0x08 Val: 0x00000005
[inst #710] bne $1,$0,-36
[inst #711] nop 
[inst #712] nop 
[inst #713] j 4194636
[inst #714] halt 

