[inst #1] addi $8,$0,30
Register Write to Reg: 0x08 Val: 0x0000001E
[inst #2] nop 
[inst #3] nop 
[inst #4] sra $8,$8,1
Register Write to Reg: 0x08 Val: 0x0000000F
[inst #5] nop 
[inst #6] nop 
[inst #7] sra $8,$8,1
Register Write to Reg: 0x08 Val: 0x00000007
[inst #8] nop 
[inst #9] nop 
[inst #10] sra $8,$8,1
Register Write to Reg: 0x08 Val: 0x00000003
[inst #11] nop 
[inst #12] nop 
[inst #13] sra $8,$8,1
Register Write to Reg: 0x08 Val: 0x00000001
[inst #14] nop 
[inst #15] nop 
[inst #16] sra $8,$8,1
Register Write to Reg: 0x08 Val: 0x00000000
[inst #17] nop 
[inst #18] nop 
[inst #19] addi $8,$0,-50
Register Write to Reg: 0x08 Val: 0xFFFFFFCE
[inst #20] nop 
[inst #21] nop 
[inst #22] sra $8,$8,1
Register Write to Reg: 0x08 Val: 0xFFFFFFE7
[inst #23] nop 
[inst #24] nop 
[inst #25] sra $8,$8,1
Register Write to Reg: 0x08 Val: 0xFFFFFFF3
[inst #26] nop 
[inst #27] nop 
[inst #28] sra $8,$8,1
Register Write to Reg: 0x08 Val: 0xFFFFFFF9
[inst #29] nop 
[inst #30] nop 
[inst #31] sra $8,$8,1
Register Write to Reg: 0x08 Val: 0xFFFFFFFC
[inst #32] nop 
[inst #33] nop 
[inst #34] sra $8,$8,1
Register Write to Reg: 0x08 Val: 0xFFFFFFFE
[inst #35] nop 
[inst #36] nop 
[inst #37] sra $8,$8,1
Register Write to Reg: 0x08 Val: 0xFFFFFFFF
[inst #38] nop 
[inst #39] nop 
[inst #40] halt 

