[inst #1] addi $8,$0,9
Register Write to Reg: 0x08 Val: 0x00000009
[inst #2] lui $1,4097
Register Write to Reg: 0x01 Val: 0x10010000
[inst #3] ori $9,$1,0
Register Write to Reg: 0x09 Val: 0x10010000
[inst #4] addiu $10,$0,9
Register Write to Reg: 0x0A Val: 0x00000009
[inst #5] sw $10,0($9)
Memory Write to Addr: 0x10010000 Val: 0x00000009
[inst #6] addiu $10,$0,3
Register Write to Reg: 0x0A Val: 0x00000003
[inst #7] sw $10,4($9)
Memory Write to Addr: 0x10010004 Val: 0x00000003
[inst #8] addiu $10,$0,7
Register Write to Reg: 0x0A Val: 0x00000007
[inst #9] sw $10,8($9)
Memory Write to Addr: 0x10010008 Val: 0x00000007
[inst #10] addiu $10,$0,1
Register Write to Reg: 0x0A Val: 0x00000001
[inst #11] sw $10,12($9)
Memory Write to Addr: 0x1001000C Val: 0x00000001
[inst #12] addiu $10,$0,8
Register Write to Reg: 0x0A Val: 0x00000008
[inst #13] sw $10,16($9)
Memory Write to Addr: 0x10010010 Val: 0x00000008
[inst #14] addiu $10,$0,5
Register Write to Reg: 0x0A Val: 0x00000005
[inst #15] sw $10,20($9)
Memory Write to Addr: 0x10010014 Val: 0x00000005
[inst #16] addiu $10,$0,4
Register Write to Reg: 0x0A Val: 0x00000004
[inst #17] sw $10,24($9)
Memory Write to Addr: 0x10010018 Val: 0x00000004
[inst #18] addiu $10,$0,2
Register Write to Reg: 0x0A Val: 0x00000002
[inst #19] sw $10,28($9)
Memory Write to Addr: 0x1001001C Val: 0x00000002
[inst #20] addiu $10,$0,6
Register Write to Reg: 0x0A Val: 0x00000006
[inst #21] sw $10,32($9)
Memory Write to Addr: 0x10010020 Val: 0x00000006
[inst #22] add $10,$0,$0
Register Write to Reg: 0x0A Val: 0x00000000
[inst #23] sub $11,$8,$10
Register Write to Reg: 0x0B Val: 0x00000009
[inst #24] addi $11,$11,-1
Register Write to Reg: 0x0B Val: 0x00000008
[inst #25] beq $11,$0,11
[inst #26] sll $12,$10,2
Register Write to Reg: 0x0C Val: 0x00000000
[inst #27] add $13,$9,$12
Register Write to Reg: 0x0D Val: 0x10010000
[inst #28] lw $14,0($13)
Register Write to Reg: 0x0E Val: 0x00000009
[inst #29] lw $15,4($13)
Register Write to Reg: 0x0F Val: 0x00000003
[inst #30] slt $1,$15,$14
Register Write to Reg: 0x01 Val: 0x00000001
[inst #31] beq $1,$0,2
[inst #32] sw $15,0($13)
Memory Write to Addr: 0x10010000 Val: 0x00000003
[inst #33] sw $14,4($13)
Memory Write to Addr: 0x10010004 Val: 0x00000009
[inst #34] addi $10,$10,1
Register Write to Reg: 0x0A Val: 0x00000001
[inst #35] addi $11,$11,-1
Register Write to Reg: 0x0B Val: 0x00000007
[inst #36] j 4194400
[inst #37] beq $11,$0,11
[inst #38] sll $12,$10,2
Register Write to Reg: 0x0C Val: 0x00000004
[inst #39] add $13,$9,$12
Register Write to Reg: 0x0D Val: 0x10010004
[inst #40] lw $14,0($13)
Register Write to Reg: 0x0E Val: 0x00000009
[inst #41] lw $15,4($13)
Register Write to Reg: 0x0F Val: 0x00000007
[inst #42] slt $1,$15,$14
Register Write to Reg: 0x01 Val: 0x00000001
[inst #43] beq $1,$0,2
[inst #44] sw $15,0($13)
Memory Write to Addr: 0x10010004 Val: 0x00000007
[inst #45] sw $14,4($13)
Memory Write to Addr: 0x10010008 Val: 0x00000009
[inst #46] addi $10,$10,1
Register Write to Reg: 0x0A Val: 0x00000002
[inst #47] addi $11,$11,-1
Register Write to Reg: 0x0B Val: 0x00000006
[inst #48] j 4194400
[inst #49] beq $11,$0,11
[inst #50] sll $12,$10,2
Register Write to Reg: 0x0C Val: 0x00000008
[inst #51] add $13,$9,$12
Register Write to Reg: 0x0D Val: 0x10010008
[inst #52] lw $14,0($13)
Register Write to Reg: 0x0E Val: 0x00000009
[inst #53] lw $15,4($13)
Register Write to Reg: 0x0F Val: 0x00000001
[inst #54] slt $1,$15,$14
Register Write to Reg: 0x01 Val: 0x00000001
[inst #55] beq $1,$0,2
[inst #56] sw $15,0($13)
Memory Write to Addr: 0x10010008 Val: 0x00000001
[inst #57] sw $14,4($13)
Memory Write to Addr: 0x1001000C Val: 0x00000009
[inst #58] addi $10,$10,1
Register Write to Reg: 0x0A Val: 0x00000003
[inst #59] addi $11,$11,-1
Register Write to Reg: 0x0B Val: 0x00000005
[inst #60] j 4194400
[inst #61] beq $11,$0,11
[inst #62] sll $12,$10,2
Register Write to Reg: 0x0C Val: 0x0000000C
[inst #63] add $13,$9,$12
Register Write to Reg: 0x0D Val: 0x1001000C
[inst #64] lw $14,0($13)
Register Write to Reg: 0x0E Val: 0x00000009
[inst #65] lw $15,4($13)
Register Write to Reg: 0x0F Val: 0x00000008
[inst #66] slt $1,$15,$14
Register Write to Reg: 0x01 Val: 0x00000001
[inst #67] beq $1,$0,2
[inst #68] sw $15,0($13)
Memory Write to Addr: 0x1001000C Val: 0x00000008
[inst #69] sw $14,4($13)
Memory Write to Addr: 0x10010010 Val: 0x00000009
[inst #70] addi $10,$10,1
Register Write to Reg: 0x0A Val: 0x00000004
[inst #71] addi $11,$11,-1
Register Write to Reg: 0x0B Val: 0x00000004
[inst #72] j 4194400
[inst #73] beq $11,$0,11
[inst #74] sll $12,$10,2
Register Write to Reg: 0x0C Val: 0x00000010
[inst #75] add $13,$9,$12
Register Write to Reg: 0x0D Val: 0x10010010
[inst #76] lw $14,0($13)
Register Write to Reg: 0x0E Val: 0x00000009
[inst #77] lw $15,4($13)
Register Write to Reg: 0x0F Val: 0x00000005
[inst #78] slt $1,$15,$14
Register Write to Reg: 0x01 Val: 0x00000001
[inst #79] beq $1,$0,2
[inst #80] sw $15,0($13)
Memory Write to Addr: 0x10010010 Val: 0x00000005
[inst #81] sw $14,4($13)
Memory Write to Addr: 0x10010014 Val: 0x00000009
[inst #82] addi $10,$10,1
Register Write to Reg: 0x0A Val: 0x00000005
[inst #83] addi $11,$11,-1
Register Write to Reg: 0x0B Val: 0x00000003
[inst #84] j 4194400
[inst #85] beq $11,$0,11
[inst #86] sll $12,$10,2
Register Write to Reg: 0x0C Val: 0x00000014
[inst #87] add $13,$9,$12
Register Write to Reg: 0x0D Val: 0x10010014
[inst #88] lw $14,0($13)
Register Write to Reg: 0x0E Val: 0x00000009
[inst #89] lw $15,4($13)
Register Write to Reg: 0x0F Val: 0x00000004
[inst #90] slt $1,$15,$14
Register Write to Reg: 0x01 Val: 0x00000001
[inst #91] beq $1,$0,2
[inst #92] sw $15,0($13)
Memory Write to Addr: 0x10010014 Val: 0x00000004
[inst #93] sw $14,4($13)
Memory Write to Addr: 0x10010018 Val: 0x00000009
[inst #94] addi $10,$10,1
Register Write to Reg: 0x0A Val: 0x00000006
[inst #95] addi $11,$11,-1
Register Write to Reg: 0x0B Val: 0x00000002
[inst #96] j 4194400
[inst #97] beq $11,$0,11
[inst #98] sll $12,$10,2
Register Write to Reg: 0x0C Val: 0x00000018
[inst #99] add $13,$9,$12
Register Write to Reg: 0x0D Val: 0x10010018
[inst #100] lw $14,0($13)
Register Write to Reg: 0x0E Val: 0x00000009
[inst #101] lw $15,4($13)
Register Write to Reg: 0x0F Val: 0x00000002
[inst #102] slt $1,$15,$14
Register Write to Reg: 0x01 Val: 0x00000001
[inst #103] beq $1,$0,2
[inst #104] sw $15,0($13)
Memory Write to Addr: 0x10010018 Val: 0x00000002
[inst #105] sw $14,4($13)
Memory Write to Addr: 0x1001001C Val: 0x00000009
[inst #106] addi $10,$10,1
Register Write to Reg: 0x0A Val: 0x00000007
[inst #107] addi $11,$11,-1
Register Write to Reg: 0x0B Val: 0x00000001
[inst #108] j 4194400
[inst #109] beq $11,$0,11
[inst #110] sll $12,$10,2
Register Write to Reg: 0x0C Val: 0x0000001C
[inst #111] add $13,$9,$12
Register Write to Reg: 0x0D Val: 0x1001001C
[inst #112] lw $14,0($13)
Register Write to Reg: 0x0E Val: 0x00000009
[inst #113] lw $15,4($13)
Register Write to Reg: 0x0F Val: 0x00000006
[inst #114] slt $1,$15,$14
Register Write to Reg: 0x01 Val: 0x00000001
[inst #115] beq $1,$0,2
[inst #116] sw $15,0($13)
Memory Write to Addr: 0x1001001C Val: 0x00000006
[inst #117] sw $14,4($13)
Memory Write to Addr: 0x10010020 Val: 0x00000009
[inst #118] addi $10,$10,1
Register Write to Reg: 0x0A Val: 0x00000008
[inst #119] addi $11,$11,-1
Register Write to Reg: 0x0B Val: 0x00000000
[inst #120] j 4194400
[inst #121] beq $11,$0,11
[inst #122] addi $8,$8,-1
Register Write to Reg: 0x08 Val: 0x00000008
[inst #123] slt $1,$0,$8
Register Write to Reg: 0x01 Val: 0x00000001
[inst #124] bne $1,$0,-18
[inst #125] add $10,$0,$0
Register Write to Reg: 0x0A Val: 0x00000000
[inst #126] sub $11,$8,$10
Register Write to Reg: 0x0B Val: 0x00000008
[inst #127] addi $11,$11,-1
Register Write to Reg: 0x0B Val: 0x00000007
[inst #128] beq $11,$0,11
[inst #129] sll $12,$10,2
Register Write to Reg: 0x0C Val: 0x00000000
[inst #130] add $13,$9,$12
Register Write to Reg: 0x0D Val: 0x10010000
[inst #131] lw $14,0($13)
Register Write to Reg: 0x0E Val: 0x00000003
[inst #132] lw $15,4($13)
Register Write to Reg: 0x0F Val: 0x00000007
[inst #133] slt $1,$15,$14
Register Write to Reg: 0x01 Val: 0x00000000
[inst #134] beq $1,$0,2
[inst #135] addi $10,$10,1
Register Write to Reg: 0x0A Val: 0x00000001
[inst #136] addi $11,$11,-1
Register Write to Reg: 0x0B Val: 0x00000006
[inst #137] j 4194400
[inst #138] beq $11,$0,11
[inst #139] sll $12,$10,2
Register Write to Reg: 0x0C Val: 0x00000004
[inst #140] add $13,$9,$12
Register Write to Reg: 0x0D Val: 0x10010004
[inst #141] lw $14,0($13)
Register Write to Reg: 0x0E Val: 0x00000007
[inst #142] lw $15,4($13)
Register Write to Reg: 0x0F Val: 0x00000001
[inst #143] slt $1,$15,$14
Register Write to Reg: 0x01 Val: 0x00000001
[inst #144] beq $1,$0,2
[inst #145] sw $15,0($13)
Memory Write to Addr: 0x10010004 Val: 0x00000001
[inst #146] sw $14,4($13)
Memory Write to Addr: 0x10010008 Val: 0x00000007
[inst #147] addi $10,$10,1
Register Write to Reg: 0x0A Val: 0x00000002
[inst #148] addi $11,$11,-1
Register Write to Reg: 0x0B Val: 0x00000005
[inst #149] j 4194400
[inst #150] beq $11,$0,11
[inst #151] sll $12,$10,2
Register Write to Reg: 0x0C Val: 0x00000008
[inst #152] add $13,$9,$12
Register Write to Reg: 0x0D Val: 0x10010008
[inst #153] lw $14,0($13)
Register Write to Reg: 0x0E Val: 0x00000007
[inst #154] lw $15,4($13)
Register Write to Reg: 0x0F Val: 0x00000008
[inst #155] slt $1,$15,$14
Register Write to Reg: 0x01 Val: 0x00000000
[inst #156] beq $1,$0,2
[inst #157] addi $10,$10,1
Register Write to Reg: 0x0A Val: 0x00000003
[inst #158] addi $11,$11,-1
Register Write to Reg: 0x0B Val: 0x00000004
[inst #159] j 4194400
[inst #160] beq $11,$0,11
[inst #161] sll $12,$10,2
Register Write to Reg: 0x0C Val: 0x0000000C
[inst #162] add $13,$9,$12
Register Write to Reg: 0x0D Val: 0x1001000C
[inst #163] lw $14,0($13)
Register Write to Reg: 0x0E Val: 0x00000008
[inst #164] lw $15,4($13)
Register Write to Reg: 0x0F Val: 0x00000005
[inst #165] slt $1,$15,$14
Register Write to Reg: 0x01 Val: 0x00000001
[inst #166] beq $1,$0,2
[inst #167] sw $15,0($13)
Memory Write to Addr: 0x1001000C Val: 0x00000005
[inst #168] sw $14,4($13)
Memory Write to Addr: 0x10010010 Val: 0x00000008
[inst #169] addi $10,$10,1
Register Write to Reg: 0x0A Val: 0x00000004
[inst #170] addi $11,$11,-1
Register Write to Reg: 0x0B Val: 0x00000003
[inst #171] j 4194400
[inst #172] beq $11,$0,11
[inst #173] sll $12,$10,2
Register Write to Reg: 0x0C Val: 0x00000010
[inst #174] add $13,$9,$12
Register Write to Reg: 0x0D Val: 0x10010010
[inst #175] lw $14,0($13)
Register Write to Reg: 0x0E Val: 0x00000008
[inst #176] lw $15,4($13)
Register Write to Reg: 0x0F Val: 0x00000004
[inst #177] slt $1,$15,$14
Register Write to Reg: 0x01 Val: 0x00000001
[inst #178] beq $1,$0,2
[inst #179] sw $15,0($13)
Memory Write to Addr: 0x10010010 Val: 0x00000004
[inst #180] sw $14,4($13)
Memory Write to Addr: 0x10010014 Val: 0x00000008
[inst #181] addi $10,$10,1
Register Write to Reg: 0x0A Val: 0x00000005
[inst #182] addi $11,$11,-1
Register Write to Reg: 0x0B Val: 0x00000002
[inst #183] j 4194400
[inst #184] beq $11,$0,11
[inst #185] sll $12,$10,2
Register Write to Reg: 0x0C Val: 0x00000014
[inst #186] add $13,$9,$12
Register Write to Reg: 0x0D Val: 0x10010014
[inst #187] lw $14,0($13)
Register Write to Reg: 0x0E Val: 0x00000008
[inst #188] lw $15,4($13)
Register Write to Reg: 0x0F Val: 0x00000002
[inst #189] slt $1,$15,$14
Register Write to Reg: 0x01 Val: 0x00000001
[inst #190] beq $1,$0,2
[inst #191] sw $15,0($13)
Memory Write to Addr: 0x10010014 Val: 0x00000002
[inst #192] sw $14,4($13)
Memory Write to Addr: 0x10010018 Val: 0x00000008
[inst #193] addi $10,$10,1
Register Write to Reg: 0x0A Val: 0x00000006
[inst #194] addi $11,$11,-1
Register Write to Reg: 0x0B Val: 0x00000001
[inst #195] j 4194400
[inst #196] beq $11,$0,11
[inst #197] sll $12,$10,2
Register Write to Reg: 0x0C Val: 0x00000018
[inst #198] add $13,$9,$12
Register Write to Reg: 0x0D Val: 0x10010018
[inst #199] lw $14,0($13)
Register Write to Reg: 0x0E Val: 0x00000008
[inst #200] lw $15,4($13)
Register Write to Reg: 0x0F Val: 0x00000006
[inst #201] slt $1,$15,$14
Register Write to Reg: 0x01 Val: 0x00000001
[inst #202] beq $1,$0,2
[inst #203] sw $15,0($13)
Memory Write to Addr: 0x10010018 Val: 0x00000006
[inst #204] sw $14,4($13)
Memory Write to Addr: 0x1001001C Val: 0x00000008
[inst #205] addi $10,$10,1
Register Write to Reg: 0x0A Val: 0x00000007
[inst #206] addi $11,$11,-1
Register Write to Reg: 0x0B Val: 0x00000000
[inst #207] j 4194400
[inst #208] beq $11,$0,11
[inst #209] addi $8,$8,-1
Register Write to Reg: 0x08 Val: 0x00000007
[inst #210] slt $1,$0,$8
Register Write to Reg: 0x01 Val: 0x00000001
[inst #211] bne $1,$0,-18
[inst #212] add $10,$0,$0
Register Write to Reg: 0x0A Val: 0x00000000
[inst #213] sub $11,$8,$10
Register Write to Reg: 0x0B Val: 0x00000007
[inst #214] addi $11,$11,-1
Register Write to Reg: 0x0B Val: 0x00000006
[inst #215] beq $11,$0,11
[inst #216] sll $12,$10,2
Register Write to Reg: 0x0C Val: 0x00000000
[inst #217] add $13,$9,$12
Register Write to Reg: 0x0D Val: 0x10010000
[inst #218] lw $14,0($13)
Register Write to Reg: 0x0E Val: 0x00000003
[inst #219] lw $15,4($13)
Register Write to Reg: 0x0F Val: 0x00000001
[inst #220] slt $1,$15,$14
Register Write to Reg: 0x01 Val: 0x00000001
[inst #221] beq $1,$0,2
[inst #222] sw $15,0($13)
Memory Write to Addr: 0x10010000 Val: 0x00000001
[inst #223] sw $14,4($13)
Memory Write to Addr: 0x10010004 Val: 0x00000003
[inst #224] addi $10,$10,1
Register Write to Reg: 0x0A Val: 0x00000001
[inst #225] addi $11,$11,-1
Register Write to Reg: 0x0B Val: 0x00000005
[inst #226] j 4194400
[inst #227] beq $11,$0,11
[inst #228] sll $12,$10,2
Register Write to Reg: 0x0C Val: 0x00000004
[inst #229] add $13,$9,$12
Register Write to Reg: 0x0D Val: 0x10010004
[inst #230] lw $14,0($13)
Register Write to Reg: 0x0E Val: 0x00000003
[inst #231] lw $15,4($13)
Register Write to Reg: 0x0F Val: 0x00000007
[inst #232] slt $1,$15,$14
Register Write to Reg: 0x01 Val: 0x00000000
[inst #233] beq $1,$0,2
[inst #234] addi $10,$10,1
Register Write to Reg: 0x0A Val: 0x00000002
[inst #235] addi $11,$11,-1
Register Write to Reg: 0x0B Val: 0x00000004
[inst #236] j 4194400
[inst #237] beq $11,$0,11
[inst #238] sll $12,$10,2
Register Write to Reg: 0x0C Val: 0x00000008
[inst #239] add $13,$9,$12
Register Write to Reg: 0x0D Val: 0x10010008
[inst #240] lw $14,0($13)
Register Write to Reg: 0x0E Val: 0x00000007
[inst #241] lw $15,4($13)
Register Write to Reg: 0x0F Val: 0x00000005
[inst #242] slt $1,$15,$14
Register Write to Reg: 0x01 Val: 0x00000001
[inst #243] beq $1,$0,2
[inst #244] sw $15,0($13)
Memory Write to Addr: 0x10010008 Val: 0x00000005
[inst #245] sw $14,4($13)
Memory Write to Addr: 0x1001000C Val: 0x00000007
[inst #246] addi $10,$10,1
Register Write to Reg: 0x0A Val: 0x00000003
[inst #247] addi $11,$11,-1
Register Write to Reg: 0x0B Val: 0x00000003
[inst #248] j 4194400
[inst #249] beq $11,$0,11
[inst #250] sll $12,$10,2
Register Write to Reg: 0x0C Val: 0x0000000C
[inst #251] add $13,$9,$12
Register Write to Reg: 0x0D Val: 0x1001000C
[inst #252] lw $14,0($13)
Register Write to Reg: 0x0E Val: 0x00000007
[inst #253] lw $15,4($13)
Register Write to Reg: 0x0F Val: 0x00000004
[inst #254] slt $1,$15,$14
Register Write to Reg: 0x01 Val: 0x00000001
[inst #255] beq $1,$0,2
[inst #256] sw $15,0($13)
Memory Write to Addr: 0x1001000C Val: 0x00000004
[inst #257] sw $14,4($13)
Memory Write to Addr: 0x10010010 Val: 0x00000007
[inst #258] addi $10,$10,1
Register Write to Reg: 0x0A Val: 0x00000004
[inst #259] addi $11,$11,-1
Register Write to Reg: 0x0B Val: 0x00000002
[inst #260] j 4194400
[inst #261] beq $11,$0,11
[inst #262] sll $12,$10,2
Register Write to Reg: 0x0C Val: 0x00000010
[inst #263] add $13,$9,$12
Register Write to Reg: 0x0D Val: 0x10010010
[inst #264] lw $14,0($13)
Register Write to Reg: 0x0E Val: 0x00000007
[inst #265] lw $15,4($13)
Register Write to Reg: 0x0F Val: 0x00000002
[inst #266] slt $1,$15,$14
Register Write to Reg: 0x01 Val: 0x00000001
[inst #267] beq $1,$0,2
[inst #268] sw $15,0($13)
Memory Write to Addr: 0x10010010 Val: 0x00000002
[inst #269] sw $14,4($13)
Memory Write to Addr: 0x10010014 Val: 0x00000007
[inst #270] addi $10,$10,1
Register Write to Reg: 0x0A Val: 0x00000005
[inst #271] addi $11,$11,-1
Register Write to Reg: 0x0B Val: 0x00000001
[inst #272] j 4194400
[inst #273] beq $11,$0,11
[inst #274] sll $12,$10,2
Register Write to Reg: 0x0C Val: 0x00000014
[inst #275] add $13,$9,$12
Register Write to Reg: 0x0D Val: 0x10010014
[inst #276] lw $14,0($13)
Register Write to Reg: 0x0E Val: 0x00000007
[inst #277] lw $15,4($13)
Register Write to Reg: 0x0F Val: 0x00000006
[inst #278] slt $1,$15,$14
Register Write to Reg: 0x01 Val: 0x00000001
[inst #279] beq $1,$0,2
[inst #280] sw $15,0($13)
Memory Write to Addr: 0x10010014 Val: 0x00000006
[inst #281] sw $14,4($13)
Memory Write to Addr: 0x10010018 Val: 0x00000007
[inst #282] addi $10,$10,1
Register Write to Reg: 0x0A Val: 0x00000006
[inst #283] addi $11,$11,-1
Register Write to Reg: 0x0B Val: 0x00000000
[inst #284] j 4194400
[inst #285] beq $11,$0,11
[inst #286] addi $8,$8,-1
Register Write to Reg: 0x08 Val: 0x00000006
[inst #287] slt $1,$0,$8
Register Write to Reg: 0x01 Val: 0x00000001
[inst #288] bne $1,$0,-18
[inst #289] add $10,$0,$0
Register Write to Reg: 0x0A Val: 0x00000000
[inst #290] sub $11,$8,$10
Register Write to Reg: 0x0B Val: 0x00000006
[inst #291] addi $11,$11,-1
Register Write to Reg: 0x0B Val: 0x00000005
[inst #292] beq $11,$0,11
[inst #293] sll $12,$10,2
Register Write to Reg: 0x0C Val: 0x00000000
[inst #294] add $13,$9,$12
Register Write to Reg: 0x0D Val: 0x10010000
[inst #295] lw $14,0($13)
Register Write to Reg: 0x0E Val: 0x00000001
[inst #296] lw $15,4($13)
Register Write to Reg: 0x0F Val: 0x00000003
[inst #297] slt $1,$15,$14
Register Write to Reg: 0x01 Val: 0x00000000
[inst #298] beq $1,$0,2
[inst #299] addi $10,$10,1
Register Write to Reg: 0x0A Val: 0x00000001
[inst #300] addi $11,$11,-1
Register Write to Reg: 0x0B Val: 0x00000004
[inst #301] j 4194400
[inst #302] beq $11,$0,11
[inst #303] sll $12,$10,2
Register Write to Reg: 0x0C Val: 0x00000004
[inst #304] add $13,$9,$12
Register Write to Reg: 0x0D Val: 0x10010004
[inst #305] lw $14,0($13)
Register Write to Reg: 0x0E Val: 0x00000003
[inst #306] lw $15,4($13)
Register Write to Reg: 0x0F Val: 0x00000005
[inst #307] slt $1,$15,$14
Register Write to Reg: 0x01 Val: 0x00000000
[inst #308] beq $1,$0,2
[inst #309] addi $10,$10,1
Register Write to Reg: 0x0A Val: 0x00000002
[inst #310] addi $11,$11,-1
Register Write to Reg: 0x0B Val: 0x00000003
[inst #311] j 4194400
[inst #312] beq $11,$0,11
[inst #313] sll $12,$10,2
Register Write to Reg: 0x0C Val: 0x00000008
[inst #314] add $13,$9,$12
Register Write to Reg: 0x0D Val: 0x10010008
[inst #315] lw $14,0($13)
Register Write to Reg: 0x0E Val: 0x00000005
[inst #316] lw $15,4($13)
Register Write to Reg: 0x0F Val: 0x00000004
[inst #317] slt $1,$15,$14
Register Write to Reg: 0x01 Val: 0x00000001
[inst #318] beq $1,$0,2
[inst #319] sw $15,0($13)
Memory Write to Addr: 0x10010008 Val: 0x00000004
[inst #320] sw $14,4($13)
Memory Write to Addr: 0x1001000C Val: 0x00000005
[inst #321] addi $10,$10,1
Register Write to Reg: 0x0A Val: 0x00000003
[inst #322] addi $11,$11,-1
Register Write to Reg: 0x0B Val: 0x00000002
[inst #323] j 4194400
[inst #324] beq $11,$0,11
[inst #325] sll $12,$10,2
Register Write to Reg: 0x0C Val: 0x0000000C
[inst #326] add $13,$9,$12
Register Write to Reg: 0x0D Val: 0x1001000C
[inst #327] lw $14,0($13)
Register Write to Reg: 0x0E Val: 0x00000005
[inst #328] lw $15,4($13)
Register Write to Reg: 0x0F Val: 0x00000002
[inst #329] slt $1,$15,$14
Register Write to Reg: 0x01 Val: 0x00000001
[inst #330] beq $1,$0,2
[inst #331] sw $15,0($13)
Memory Write to Addr: 0x1001000C Val: 0x00000002
[inst #332] sw $14,4($13)
Memory Write to Addr: 0x10010010 Val: 0x00000005
[inst #333] addi $10,$10,1
Register Write to Reg: 0x0A Val: 0x00000004
[inst #334] addi $11,$11,-1
Register Write to Reg: 0x0B Val: 0x00000001
[inst #335] j 4194400
[inst #336] beq $11,$0,11
[inst #337] sll $12,$10,2
Register Write to Reg: 0x0C Val: 0x00000010
[inst #338] add $13,$9,$12
Register Write to Reg: 0x0D Val: 0x10010010
[inst #339] lw $14,0($13)
Register Write to Reg: 0x0E Val: 0x00000005
[inst #340] lw $15,4($13)
Register Write to Reg: 0x0F Val: 0x00000006
[inst #341] slt $1,$15,$14
Register Write to Reg: 0x01 Val: 0x00000000
[inst #342] beq $1,$0,2
[inst #343] addi $10,$10,1
Register Write to Reg: 0x0A Val: 0x00000005
[inst #344] addi $11,$11,-1
Register Write to Reg: 0x0B Val: 0x00000000
[inst #345] j 4194400
[inst #346] beq $11,$0,11
[inst #347] addi $8,$8,-1
Register Write to Reg: 0x08 Val: 0x00000005
[inst #348] slt $1,$0,$8
Register Write to Reg: 0x01 Val: 0x00000001
[inst #349] bne $1,$0,-18
[inst #350] add $10,$0,$0
Register Write to Reg: 0x0A Val: 0x00000000
[inst #351] sub $11,$8,$10
Register Write to Reg: 0x0B Val: 0x00000005
[inst #352] addi $11,$11,-1
Register Write to Reg: 0x0B Val: 0x00000004
[inst #353] beq $11,$0,11
[inst #354] sll $12,$10,2
Register Write to Reg: 0x0C Val: 0x00000000
[inst #355] add $13,$9,$12
Register Write to Reg: 0x0D Val: 0x10010000
[inst #356] lw $14,0($13)
Register Write to Reg: 0x0E Val: 0x00000001
[inst #357] lw $15,4($13)
Register Write to Reg: 0x0F Val: 0x00000003
[inst #358] slt $1,$15,$14
Register Write to Reg: 0x01 Val: 0x00000000
[inst #359] beq $1,$0,2
[inst #360] addi $10,$10,1
Register Write to Reg: 0x0A Val: 0x00000001
[inst #361] addi $11,$11,-1
Register Write to Reg: 0x0B Val: 0x00000003
[inst #362] j 4194400
[inst #363] beq $11,$0,11
[inst #364] sll $12,$10,2
Register Write to Reg: 0x0C Val: 0x00000004
[inst #365] add $13,$9,$12
Register Write to Reg: 0x0D Val: 0x10010004
[inst #366] lw $14,0($13)
Register Write to Reg: 0x0E Val: 0x00000003
[inst #367] lw $15,4($13)
Register Write to Reg: 0x0F Val: 0x00000004
[inst #368] slt $1,$15,$14
Register Write to Reg: 0x01 Val: 0x00000000
[inst #369] beq $1,$0,2
[inst #370] addi $10,$10,1
Register Write to Reg: 0x0A Val: 0x00000002
[inst #371] addi $11,$11,-1
Register Write to Reg: 0x0B Val: 0x00000002
[inst #372] j 4194400
[inst #373] beq $11,$0,11
[inst #374] sll $12,$10,2
Register Write to Reg: 0x0C Val: 0x00000008
[inst #375] add $13,$9,$12
Register Write to Reg: 0x0D Val: 0x10010008
[inst #376] lw $14,0($13)
Register Write to Reg: 0x0E Val: 0x00000004
[inst #377] lw $15,4($13)
Register Write to Reg: 0x0F Val: 0x00000002
[inst #378] slt $1,$15,$14
Register Write to Reg: 0x01 Val: 0x00000001
[inst #379] beq $1,$0,2
[inst #380] sw $15,0($13)
Memory Write to Addr: 0x10010008 Val: 0x00000002
[inst #381] sw $14,4($13)
Memory Write to Addr: 0x1001000C Val: 0x00000004
[inst #382] addi $10,$10,1
Register Write to Reg: 0x0A Val: 0x00000003
[inst #383] addi $11,$11,-1
Register Write to Reg: 0x0B Val: 0x00000001
[inst #384] j 4194400
[inst #385] beq $11,$0,11
[inst #386] sll $12,$10,2
Register Write to Reg: 0x0C Val: 0x0000000C
[inst #387] add $13,$9,$12
Register Write to Reg: 0x0D Val: 0x1001000C
[inst #388] lw $14,0($13)
Register Write to Reg: 0x0E Val: 0x00000004
[inst #389] lw $15,4($13)
Register Write to Reg: 0x0F Val: 0x00000005
[inst #390] slt $1,$15,$14
Register Write to Reg: 0x01 Val: 0x00000000
[inst #391] beq $1,$0,2
[inst #392] addi $10,$10,1
Register Write to Reg: 0x0A Val: 0x00000004
[inst #393] addi $11,$11,-1
Register Write to Reg: 0x0B Val: 0x00000000
[inst #394] j 4194400
[inst #395] beq $11,$0,11
[inst #396] addi $8,$8,-1
Register Write to Reg: 0x08 Val: 0x00000004
[inst #397] slt $1,$0,$8
Register Write to Reg: 0x01 Val: 0x00000001
[inst #398] bne $1,$0,-18
[inst #399] add $10,$0,$0
Register Write to Reg: 0x0A Val: 0x00000000
[inst #400] sub $11,$8,$10
Register Write to Reg: 0x0B Val: 0x00000004
[inst #401] addi $11,$11,-1
Register Write to Reg: 0x0B Val: 0x00000003
[inst #402] beq $11,$0,11
[inst #403] sll $12,$10,2
Register Write to Reg: 0x0C Val: 0x00000000
[inst #404] add $13,$9,$12
Register Write to Reg: 0x0D Val: 0x10010000
[inst #405] lw $14,0($13)
Register Write to Reg: 0x0E Val: 0x00000001
[inst #406] lw $15,4($13)
Register Write to Reg: 0x0F Val: 0x00000003
[inst #407] slt $1,$15,$14
Register Write to Reg: 0x01 Val: 0x00000000
[inst #408] beq $1,$0,2
[inst #409] addi $10,$10,1
Register Write to Reg: 0x0A Val: 0x00000001
[inst #410] addi $11,$11,-1
Register Write to Reg: 0x0B Val: 0x00000002
[inst #411] j 4194400
[inst #412] beq $11,$0,11
[inst #413] sll $12,$10,2
Register Write to Reg: 0x0C Val: 0x00000004
[inst #414] add $13,$9,$12
Register Write to Reg: 0x0D Val: 0x10010004
[inst #415] lw $14,0($13)
Register Write to Reg: 0x0E Val: 0x00000003
[inst #416] lw $15,4($13)
Register Write to Reg: 0x0F Val: 0x00000002
[inst #417] slt $1,$15,$14
Register Write to Reg: 0x01 Val: 0x00000001
[inst #418] beq $1,$0,2
[inst #419] sw $15,0($13)
Memory Write to Addr: 0x10010004 Val: 0x00000002
[inst #420] sw $14,4($13)
Memory Write to Addr: 0x10010008 Val: 0x00000003
[inst #421] addi $10,$10,1
Register Write to Reg: 0x0A Val: 0x00000002
[inst #422] addi $11,$11,-1
Register Write to Reg: 0x0B Val: 0x00000001
[inst #423] j 4194400
[inst #424] beq $11,$0,11
[inst #425] sll $12,$10,2
Register Write to Reg: 0x0C Val: 0x00000008
[inst #426] add $13,$9,$12
Register Write to Reg: 0x0D Val: 0x10010008
[inst #427] lw $14,0($13)
Register Write to Reg: 0x0E Val: 0x00000003
[inst #428] lw $15,4($13)
Register Write to Reg: 0x0F Val: 0x00000004
[inst #429] slt $1,$15,$14
Register Write to Reg: 0x01 Val: 0x00000000
[inst #430] beq $1,$0,2
[inst #431] addi $10,$10,1
Register Write to Reg: 0x0A Val: 0x00000003
[inst #432] addi $11,$11,-1
Register Write to Reg: 0x0B Val: 0x00000000
[inst #433] j 4194400
[inst #434] beq $11,$0,11
[inst #435] addi $8,$8,-1
Register Write to Reg: 0x08 Val: 0x00000003
[inst #436] slt $1,$0,$8
Register Write to Reg: 0x01 Val: 0x00000001
[inst #437] bne $1,$0,-18
[inst #438] add $10,$0,$0
Register Write to Reg: 0x0A Val: 0x00000000
[inst #439] sub $11,$8,$10
Register Write to Reg: 0x0B Val: 0x00000003
[inst #440] addi $11,$11,-1
Register Write to Reg: 0x0B Val: 0x00000002
[inst #441] beq $11,$0,11
[inst #442] sll $12,$10,2
Register Write to Reg: 0x0C Val: 0x00000000
[inst #443] add $13,$9,$12
Register Write to Reg: 0x0D Val: 0x10010000
[inst #444] lw $14,0($13)
Register Write to Reg: 0x0E Val: 0x00000001
[inst #445] lw $15,4($13)
Register Write to Reg: 0x0F Val: 0x00000002
[inst #446] slt $1,$15,$14
Register Write to Reg: 0x01 Val: 0x00000000
[inst #447] beq $1,$0,2
[inst #448] addi $10,$10,1
Register Write to Reg: 0x0A Val: 0x00000001
[inst #449] addi $11,$11,-1
Register Write to Reg: 0x0B Val: 0x00000001
[inst #450] j 4194400
[inst #451] beq $11,$0,11
[inst #452] sll $12,$10,2
Register Write to Reg: 0x0C Val: 0x00000004
[inst #453] add $13,$9,$12
Register Write to Reg: 0x0D Val: 0x10010004
[inst #454] lw $14,0($13)
Register Write to Reg: 0x0E Val: 0x00000002
[inst #455] lw $15,4($13)
Register Write to Reg: 0x0F Val: 0x00000003
[inst #456] slt $1,$15,$14
Register Write to Reg: 0x01 Val: 0x00000000
[inst #457] beq $1,$0,2
[inst #458] addi $10,$10,1
Register Write to Reg: 0x0A Val: 0x00000002
[inst #459] addi $11,$11,-1
Register Write to Reg: 0x0B Val: 0x00000000
[inst #460] j 4194400
[inst #461] beq $11,$0,11
[inst #462] addi $8,$8,-1
Register Write to Reg: 0x08 Val: 0x00000002
[inst #463] slt $1,$0,$8
Register Write to Reg: 0x01 Val: 0x00000001
[inst #464] bne $1,$0,-18
[inst #465] add $10,$0,$0
Register Write to Reg: 0x0A Val: 0x00000000
[inst #466] sub $11,$8,$10
Register Write to Reg: 0x0B Val: 0x00000002
[inst #467] addi $11,$11,-1
Register Write to Reg: 0x0B Val: 0x00000001
[inst #468] beq $11,$0,11
[inst #469] sll $12,$10,2
Register Write to Reg: 0x0C Val: 0x00000000
[inst #470] add $13,$9,$12
Register Write to Reg: 0x0D Val: 0x10010000
[inst #471] lw $14,0($13)
Register Write to Reg: 0x0E Val: 0x00000001
[inst #472] lw $15,4($13)
Register Write to Reg: 0x0F Val: 0x00000002
[inst #473] slt $1,$15,$14
Register Write to Reg: 0x01 Val: 0x00000000
[inst #474] beq $1,$0,2
[inst #475] addi $10,$10,1
Register Write to Reg: 0x0A Val: 0x00000001
[inst #476] addi $11,$11,-1
Register Write to Reg: 0x0B Val: 0x00000000
[inst #477] j 4194400
[inst #478] beq $11,$0,11
[inst #479] addi $8,$8,-1
Register Write to Reg: 0x08 Val: 0x00000001
[inst #480] slt $1,$0,$8
Register Write to Reg: 0x01 Val: 0x00000001
[inst #481] bne $1,$0,-18
[inst #482] add $10,$0,$0
Register Write to Reg: 0x0A Val: 0x00000000
[inst #483] sub $11,$8,$10
Register Write to Reg: 0x0B Val: 0x00000001
[inst #484] addi $11,$11,-1
Register Write to Reg: 0x0B Val: 0x00000000
[inst #485] beq $11,$0,11
[inst #486] addi $8,$8,-1
Register Write to Reg: 0x08 Val: 0x00000000
[inst #487] slt $1,$0,$8
Register Write to Reg: 0x01 Val: 0x00000000
[inst #488] bne $1,$0,-18
[inst #489] j 4194464
[inst #490] halt 

