In clock cycle: 0
Register Write to Reg: 0x08 Val: 0x00000009
In clock cycle: 1
Register Write to Reg: 0x01 Val: 0x10010000
In clock cycle: 2
Register Write to Reg: 0x09 Val: 0x10010000
In clock cycle: 3
Register Write to Reg: 0x0A Val: 0x00000009
In clock cycle: 4
Memory Write to Addr: 0x10010000 Val: 0x00000009
In clock cycle: 5
Register Write to Reg: 0x0A Val: 0x00000003
In clock cycle: 6
Memory Write to Addr: 0x10010004 Val: 0x00000003
In clock cycle: 7
Register Write to Reg: 0x0A Val: 0x00000007
In clock cycle: 8
Memory Write to Addr: 0x10010008 Val: 0x00000007
In clock cycle: 9
Register Write to Reg: 0x0A Val: 0x00000001
In clock cycle: 10
Memory Write to Addr: 0x1001000C Val: 0x00000001
In clock cycle: 11
Register Write to Reg: 0x0A Val: 0x00000008
In clock cycle: 12
Memory Write to Addr: 0x10010010 Val: 0x00000008
In clock cycle: 13
Register Write to Reg: 0x0A Val: 0x00000005
In clock cycle: 14
Memory Write to Addr: 0x10010014 Val: 0x00000005
In clock cycle: 15
Register Write to Reg: 0x0A Val: 0x00000004
In clock cycle: 16
Memory Write to Addr: 0x10010018 Val: 0x00000004
In clock cycle: 17
Register Write to Reg: 0x0A Val: 0x00000002
In clock cycle: 18
Memory Write to Addr: 0x1001001C Val: 0x00000002
In clock cycle: 19
Register Write to Reg: 0x0A Val: 0x00000006
In clock cycle: 20
Memory Write to Addr: 0x10010020 Val: 0x00000006
In clock cycle: 21
Register Write to Reg: 0x0A Val: 0x00000000
In clock cycle: 22
Register Write to Reg: 0x0B Val: 0x00000009
In clock cycle: 23
Register Write to Reg: 0x0B Val: 0x00000008
In clock cycle: 25
Register Write to Reg: 0x0C Val: 0x00000000
In clock cycle: 26
Register Write to Reg: 0x0D Val: 0x10010000
In clock cycle: 27
Register Write to Reg: 0x0E Val: 0x00000009
In clock cycle: 28
Register Write to Reg: 0x0F Val: 0x00000003
In clock cycle: 29
Register Write to Reg: 0x01 Val: 0x00000001
In clock cycle: 31
Memory Write to Addr: 0x10010000 Val: 0x00000003
In clock cycle: 32
Memory Write to Addr: 0x10010004 Val: 0x00000009
In clock cycle: 33
Register Write to Reg: 0x0A Val: 0x00000001
In clock cycle: 34
Register Write to Reg: 0x0B Val: 0x00000007
In clock cycle: 37
Register Write to Reg: 0x0C Val: 0x00000004
In clock cycle: 38
Register Write to Reg: 0x0D Val: 0x10010004
In clock cycle: 39
Register Write to Reg: 0x0E Val: 0x00000009
In clock cycle: 40
Register Write to Reg: 0x0F Val: 0x00000007
In clock cycle: 41
Register Write to Reg: 0x01 Val: 0x00000001
In clock cycle: 43
Memory Write to Addr: 0x10010004 Val: 0x00000007
In clock cycle: 44
Memory Write to Addr: 0x10010008 Val: 0x00000009
In clock cycle: 45
Register Write to Reg: 0x0A Val: 0x00000002
In clock cycle: 46
Register Write to Reg: 0x0B Val: 0x00000006
In clock cycle: 49
Register Write to Reg: 0x0C Val: 0x00000008
In clock cycle: 50
Register Write to Reg: 0x0D Val: 0x10010008
In clock cycle: 51
Register Write to Reg: 0x0E Val: 0x00000009
In clock cycle: 52
Register Write to Reg: 0x0F Val: 0x00000001
In clock cycle: 53
Register Write to Reg: 0x01 Val: 0x00000001
In clock cycle: 55
Memory Write to Addr: 0x10010008 Val: 0x00000001
In clock cycle: 56
Memory Write to Addr: 0x1001000C Val: 0x00000009
In clock cycle: 57
Register Write to Reg: 0x0A Val: 0x00000003
In clock cycle: 58
Register Write to Reg: 0x0B Val: 0x00000005
In clock cycle: 61
Register Write to Reg: 0x0C Val: 0x0000000C
In clock cycle: 62
Register Write to Reg: 0x0D Val: 0x1001000C
In clock cycle: 63
Register Write to Reg: 0x0E Val: 0x00000009
In clock cycle: 64
Register Write to Reg: 0x0F Val: 0x00000008
In clock cycle: 65
Register Write to Reg: 0x01 Val: 0x00000001
In clock cycle: 67
Memory Write to Addr: 0x1001000C Val: 0x00000008
In clock cycle: 68
Memory Write to Addr: 0x10010010 Val: 0x00000009
In clock cycle: 69
Register Write to Reg: 0x0A Val: 0x00000004
In clock cycle: 70
Register Write to Reg: 0x0B Val: 0x00000004
In clock cycle: 73
Register Write to Reg: 0x0C Val: 0x00000010
In clock cycle: 74
Register Write to Reg: 0x0D Val: 0x10010010
In clock cycle: 75
Register Write to Reg: 0x0E Val: 0x00000009
In clock cycle: 76
Register Write to Reg: 0x0F Val: 0x00000005
In clock cycle: 77
Register Write to Reg: 0x01 Val: 0x00000001
In clock cycle: 79
Memory Write to Addr: 0x10010010 Val: 0x00000005
In clock cycle: 80
Memory Write to Addr: 0x10010014 Val: 0x00000009
In clock cycle: 81
Register Write to Reg: 0x0A Val: 0x00000005
In clock cycle: 82
Register Write to Reg: 0x0B Val: 0x00000003
In clock cycle: 85
Register Write to Reg: 0x0C Val: 0x00000014
In clock cycle: 86
Register Write to Reg: 0x0D Val: 0x10010014
In clock cycle: 87
Register Write to Reg: 0x0E Val: 0x00000009
In clock cycle: 88
Register Write to Reg: 0x0F Val: 0x00000004
In clock cycle: 89
Register Write to Reg: 0x01 Val: 0x00000001
In clock cycle: 91
Memory Write to Addr: 0x10010014 Val: 0x00000004
In clock cycle: 92
Memory Write to Addr: 0x10010018 Val: 0x00000009
In clock cycle: 93
Register Write to Reg: 0x0A Val: 0x00000006
In clock cycle: 94
Register Write to Reg: 0x0B Val: 0x00000002
In clock cycle: 97
Register Write to Reg: 0x0C Val: 0x00000018
In clock cycle: 98
Register Write to Reg: 0x0D Val: 0x10010018
In clock cycle: 99
Register Write to Reg: 0x0E Val: 0x00000009
In clock cycle: 100
Register Write to Reg: 0x0F Val: 0x00000002
In clock cycle: 101
Register Write to Reg: 0x01 Val: 0x00000001
In clock cycle: 103
Memory Write to Addr: 0x10010018 Val: 0x00000002
In clock cycle: 104
Memory Write to Addr: 0x1001001C Val: 0x00000009
In clock cycle: 105
Register Write to Reg: 0x0A Val: 0x00000007
In clock cycle: 106
Register Write to Reg: 0x0B Val: 0x00000001
In clock cycle: 109
Register Write to Reg: 0x0C Val: 0x0000001C
In clock cycle: 110
Register Write to Reg: 0x0D Val: 0x1001001C
In clock cycle: 111
Register Write to Reg: 0x0E Val: 0x00000009
In clock cycle: 112
Register Write to Reg: 0x0F Val: 0x00000006
In clock cycle: 113
Register Write to Reg: 0x01 Val: 0x00000001
In clock cycle: 115
Memory Write to Addr: 0x1001001C Val: 0x00000006
In clock cycle: 116
Memory Write to Addr: 0x10010020 Val: 0x00000009
In clock cycle: 117
Register Write to Reg: 0x0A Val: 0x00000008
In clock cycle: 118
Register Write to Reg: 0x0B Val: 0x00000000
In clock cycle: 121
Register Write to Reg: 0x08 Val: 0x00000008
In clock cycle: 122
Register Write to Reg: 0x01 Val: 0x00000001
In clock cycle: 124
Register Write to Reg: 0x0A Val: 0x00000000
In clock cycle: 125
Register Write to Reg: 0x0B Val: 0x00000008
In clock cycle: 126
Register Write to Reg: 0x0B Val: 0x00000007
In clock cycle: 128
Register Write to Reg: 0x0C Val: 0x00000000
In clock cycle: 129
Register Write to Reg: 0x0D Val: 0x10010000
In clock cycle: 130
Register Write to Reg: 0x0E Val: 0x00000003
In clock cycle: 131
Register Write to Reg: 0x0F Val: 0x00000007
In clock cycle: 132
Register Write to Reg: 0x01 Val: 0x00000000
In clock cycle: 134
Register Write to Reg: 0x0A Val: 0x00000001
In clock cycle: 135
Register Write to Reg: 0x0B Val: 0x00000006
In clock cycle: 138
Register Write to Reg: 0x0C Val: 0x00000004
In clock cycle: 139
Register Write to Reg: 0x0D Val: 0x10010004
In clock cycle: 140
Register Write to Reg: 0x0E Val: 0x00000007
In clock cycle: 141
Register Write to Reg: 0x0F Val: 0x00000001
In clock cycle: 142
Register Write to Reg: 0x01 Val: 0x00000001
In clock cycle: 144
Memory Write to Addr: 0x10010004 Val: 0x00000001
In clock cycle: 145
Memory Write to Addr: 0x10010008 Val: 0x00000007
In clock cycle: 146
Register Write to Reg: 0x0A Val: 0x00000002
In clock cycle: 147
Register Write to Reg: 0x0B Val: 0x00000005
In clock cycle: 150
Register Write to Reg: 0x0C Val: 0x00000008
In clock cycle: 151
Register Write to Reg: 0x0D Val: 0x10010008
In clock cycle: 152
Register Write to Reg: 0x0E Val: 0x00000007
In clock cycle: 153
Register Write to Reg: 0x0F Val: 0x00000008
In clock cycle: 154
Register Write to Reg: 0x01 Val: 0x00000000
In clock cycle: 156
Register Write to Reg: 0x0A Val: 0x00000003
In clock cycle: 157
Register Write to Reg: 0x0B Val: 0x00000004
In clock cycle: 160
Register Write to Reg: 0x0C Val: 0x0000000C
In clock cycle: 161
Register Write to Reg: 0x0D Val: 0x1001000C
In clock cycle: 162
Register Write to Reg: 0x0E Val: 0x00000008
In clock cycle: 163
Register Write to Reg: 0x0F Val: 0x00000005
In clock cycle: 164
Register Write to Reg: 0x01 Val: 0x00000001
In clock cycle: 166
Memory Write to Addr: 0x1001000C Val: 0x00000005
In clock cycle: 167
Memory Write to Addr: 0x10010010 Val: 0x00000008
In clock cycle: 168
Register Write to Reg: 0x0A Val: 0x00000004
In clock cycle: 169
Register Write to Reg: 0x0B Val: 0x00000003
In clock cycle: 172
Register Write to Reg: 0x0C Val: 0x00000010
In clock cycle: 173
Register Write to Reg: 0x0D Val: 0x10010010
In clock cycle: 174
Register Write to Reg: 0x0E Val: 0x00000008
In clock cycle: 175
Register Write to Reg: 0x0F Val: 0x00000004
In clock cycle: 176
Register Write to Reg: 0x01 Val: 0x00000001
In clock cycle: 178
Memory Write to Addr: 0x10010010 Val: 0x00000004
In clock cycle: 179
Memory Write to Addr: 0x10010014 Val: 0x00000008
In clock cycle: 180
Register Write to Reg: 0x0A Val: 0x00000005
In clock cycle: 181
Register Write to Reg: 0x0B Val: 0x00000002
In clock cycle: 184
Register Write to Reg: 0x0C Val: 0x00000014
In clock cycle: 185
Register Write to Reg: 0x0D Val: 0x10010014
In clock cycle: 186
Register Write to Reg: 0x0E Val: 0x00000008
In clock cycle: 187
Register Write to Reg: 0x0F Val: 0x00000002
In clock cycle: 188
Register Write to Reg: 0x01 Val: 0x00000001
In clock cycle: 190
Memory Write to Addr: 0x10010014 Val: 0x00000002
In clock cycle: 191
Memory Write to Addr: 0x10010018 Val: 0x00000008
In clock cycle: 192
Register Write to Reg: 0x0A Val: 0x00000006
In clock cycle: 193
Register Write to Reg: 0x0B Val: 0x00000001
In clock cycle: 196
Register Write to Reg: 0x0C Val: 0x00000018
In clock cycle: 197
Register Write to Reg: 0x0D Val: 0x10010018
In clock cycle: 198
Register Write to Reg: 0x0E Val: 0x00000008
In clock cycle: 199
Register Write to Reg: 0x0F Val: 0x00000006
In clock cycle: 200
Register Write to Reg: 0x01 Val: 0x00000001
In clock cycle: 202
Memory Write to Addr: 0x10010018 Val: 0x00000006
In clock cycle: 203
Memory Write to Addr: 0x1001001C Val: 0x00000008
In clock cycle: 204
Register Write to Reg: 0x0A Val: 0x00000007
In clock cycle: 205
Register Write to Reg: 0x0B Val: 0x00000000
In clock cycle: 208
Register Write to Reg: 0x08 Val: 0x00000007
In clock cycle: 209
Register Write to Reg: 0x01 Val: 0x00000001
In clock cycle: 211
Register Write to Reg: 0x0A Val: 0x00000000
In clock cycle: 212
Register Write to Reg: 0x0B Val: 0x00000007
In clock cycle: 213
Register Write to Reg: 0x0B Val: 0x00000006
In clock cycle: 215
Register Write to Reg: 0x0C Val: 0x00000000
In clock cycle: 216
Register Write to Reg: 0x0D Val: 0x10010000
In clock cycle: 217
Register Write to Reg: 0x0E Val: 0x00000003
In clock cycle: 218
Register Write to Reg: 0x0F Val: 0x00000001
In clock cycle: 219
Register Write to Reg: 0x01 Val: 0x00000001
In clock cycle: 221
Memory Write to Addr: 0x10010000 Val: 0x00000001
In clock cycle: 222
Memory Write to Addr: 0x10010004 Val: 0x00000003
In clock cycle: 223
Register Write to Reg: 0x0A Val: 0x00000001
In clock cycle: 224
Register Write to Reg: 0x0B Val: 0x00000005
In clock cycle: 227
Register Write to Reg: 0x0C Val: 0x00000004
In clock cycle: 228
Register Write to Reg: 0x0D Val: 0x10010004
In clock cycle: 229
Register Write to Reg: 0x0E Val: 0x00000003
In clock cycle: 230
Register Write to Reg: 0x0F Val: 0x00000007
In clock cycle: 231
Register Write to Reg: 0x01 Val: 0x00000000
In clock cycle: 233
Register Write to Reg: 0x0A Val: 0x00000002
In clock cycle: 234
Register Write to Reg: 0x0B Val: 0x00000004
In clock cycle: 237
Register Write to Reg: 0x0C Val: 0x00000008
In clock cycle: 238
Register Write to Reg: 0x0D Val: 0x10010008
In clock cycle: 239
Register Write to Reg: 0x0E Val: 0x00000007
In clock cycle: 240
Register Write to Reg: 0x0F Val: 0x00000005
In clock cycle: 241
Register Write to Reg: 0x01 Val: 0x00000001
In clock cycle: 243
Memory Write to Addr: 0x10010008 Val: 0x00000005
In clock cycle: 244
Memory Write to Addr: 0x1001000C Val: 0x00000007
In clock cycle: 245
Register Write to Reg: 0x0A Val: 0x00000003
In clock cycle: 246
Register Write to Reg: 0x0B Val: 0x00000003
In clock cycle: 249
Register Write to Reg: 0x0C Val: 0x0000000C
In clock cycle: 250
Register Write to Reg: 0x0D Val: 0x1001000C
In clock cycle: 251
Register Write to Reg: 0x0E Val: 0x00000007
In clock cycle: 252
Register Write to Reg: 0x0F Val: 0x00000004
In clock cycle: 253
Register Write to Reg: 0x01 Val: 0x00000001
In clock cycle: 255
Memory Write to Addr: 0x1001000C Val: 0x00000004
In clock cycle: 256
Memory Write to Addr: 0x10010010 Val: 0x00000007
In clock cycle: 257
Register Write to Reg: 0x0A Val: 0x00000004
In clock cycle: 258
Register Write to Reg: 0x0B Val: 0x00000002
In clock cycle: 261
Register Write to Reg: 0x0C Val: 0x00000010
In clock cycle: 262
Register Write to Reg: 0x0D Val: 0x10010010
In clock cycle: 263
Register Write to Reg: 0x0E Val: 0x00000007
In clock cycle: 264
Register Write to Reg: 0x0F Val: 0x00000002
In clock cycle: 265
Register Write to Reg: 0x01 Val: 0x00000001
In clock cycle: 267
Memory Write to Addr: 0x10010010 Val: 0x00000002
In clock cycle: 268
Memory Write to Addr: 0x10010014 Val: 0x00000007
In clock cycle: 269
Register Write to Reg: 0x0A Val: 0x00000005
In clock cycle: 270
Register Write to Reg: 0x0B Val: 0x00000001
In clock cycle: 273
Register Write to Reg: 0x0C Val: 0x00000014
In clock cycle: 274
Register Write to Reg: 0x0D Val: 0x10010014
In clock cycle: 275
Register Write to Reg: 0x0E Val: 0x00000007
In clock cycle: 276
Register Write to Reg: 0x0F Val: 0x00000006
In clock cycle: 277
Register Write to Reg: 0x01 Val: 0x00000001
In clock cycle: 279
Memory Write to Addr: 0x10010014 Val: 0x00000006
In clock cycle: 280
Memory Write to Addr: 0x10010018 Val: 0x00000007
In clock cycle: 281
Register Write to Reg: 0x0A Val: 0x00000006
In clock cycle: 282
Register Write to Reg: 0x0B Val: 0x00000000
In clock cycle: 285
Register Write to Reg: 0x08 Val: 0x00000006
In clock cycle: 286
Register Write to Reg: 0x01 Val: 0x00000001
In clock cycle: 288
Register Write to Reg: 0x0A Val: 0x00000000
In clock cycle: 289
Register Write to Reg: 0x0B Val: 0x00000006
In clock cycle: 290
Register Write to Reg: 0x0B Val: 0x00000005
In clock cycle: 292
Register Write to Reg: 0x0C Val: 0x00000000
In clock cycle: 293
Register Write to Reg: 0x0D Val: 0x10010000
In clock cycle: 294
Register Write to Reg: 0x0E Val: 0x00000001
In clock cycle: 295
Register Write to Reg: 0x0F Val: 0x00000003
In clock cycle: 296
Register Write to Reg: 0x01 Val: 0x00000000
In clock cycle: 298
Register Write to Reg: 0x0A Val: 0x00000001
In clock cycle: 299
Register Write to Reg: 0x0B Val: 0x00000004
In clock cycle: 302
Register Write to Reg: 0x0C Val: 0x00000004
In clock cycle: 303
Register Write to Reg: 0x0D Val: 0x10010004
In clock cycle: 304
Register Write to Reg: 0x0E Val: 0x00000003
In clock cycle: 305
Register Write to Reg: 0x0F Val: 0x00000005
In clock cycle: 306
Register Write to Reg: 0x01 Val: 0x00000000
In clock cycle: 308
Register Write to Reg: 0x0A Val: 0x00000002
In clock cycle: 309
Register Write to Reg: 0x0B Val: 0x00000003
In clock cycle: 312
Register Write to Reg: 0x0C Val: 0x00000008
In clock cycle: 313
Register Write to Reg: 0x0D Val: 0x10010008
In clock cycle: 314
Register Write to Reg: 0x0E Val: 0x00000005
In clock cycle: 315
Register Write to Reg: 0x0F Val: 0x00000004
In clock cycle: 316
Register Write to Reg: 0x01 Val: 0x00000001
In clock cycle: 318
Memory Write to Addr: 0x10010008 Val: 0x00000004
In clock cycle: 319
Memory Write to Addr: 0x1001000C Val: 0x00000005
In clock cycle: 320
Register Write to Reg: 0x0A Val: 0x00000003
In clock cycle: 321
Register Write to Reg: 0x0B Val: 0x00000002
In clock cycle: 324
Register Write to Reg: 0x0C Val: 0x0000000C
In clock cycle: 325
Register Write to Reg: 0x0D Val: 0x1001000C
In clock cycle: 326
Register Write to Reg: 0x0E Val: 0x00000005
In clock cycle: 327
Register Write to Reg: 0x0F Val: 0x00000002
In clock cycle: 328
Register Write to Reg: 0x01 Val: 0x00000001
In clock cycle: 330
Memory Write to Addr: 0x1001000C Val: 0x00000002
In clock cycle: 331
Memory Write to Addr: 0x10010010 Val: 0x00000005
In clock cycle: 332
Register Write to Reg: 0x0A Val: 0x00000004
In clock cycle: 333
Register Write to Reg: 0x0B Val: 0x00000001
In clock cycle: 336
Register Write to Reg: 0x0C Val: 0x00000010
In clock cycle: 337
Register Write to Reg: 0x0D Val: 0x10010010
In clock cycle: 338
Register Write to Reg: 0x0E Val: 0x00000005
In clock cycle: 339
Register Write to Reg: 0x0F Val: 0x00000006
In clock cycle: 340
Register Write to Reg: 0x01 Val: 0x00000000
In clock cycle: 342
Register Write to Reg: 0x0A Val: 0x00000005
In clock cycle: 343
Register Write to Reg: 0x0B Val: 0x00000000
In clock cycle: 346
Register Write to Reg: 0x08 Val: 0x00000005
In clock cycle: 347
Register Write to Reg: 0x01 Val: 0x00000001
In clock cycle: 349
Register Write to Reg: 0x0A Val: 0x00000000
In clock cycle: 350
Register Write to Reg: 0x0B Val: 0x00000005
In clock cycle: 351
Register Write to Reg: 0x0B Val: 0x00000004
In clock cycle: 353
Register Write to Reg: 0x0C Val: 0x00000000
In clock cycle: 354
Register Write to Reg: 0x0D Val: 0x10010000
In clock cycle: 355
Register Write to Reg: 0x0E Val: 0x00000001
In clock cycle: 356
Register Write to Reg: 0x0F Val: 0x00000003
In clock cycle: 357
Register Write to Reg: 0x01 Val: 0x00000000
In clock cycle: 359
Register Write to Reg: 0x0A Val: 0x00000001
In clock cycle: 360
Register Write to Reg: 0x0B Val: 0x00000003
In clock cycle: 363
Register Write to Reg: 0x0C Val: 0x00000004
In clock cycle: 364
Register Write to Reg: 0x0D Val: 0x10010004
In clock cycle: 365
Register Write to Reg: 0x0E Val: 0x00000003
In clock cycle: 366
Register Write to Reg: 0x0F Val: 0x00000004
In clock cycle: 367
Register Write to Reg: 0x01 Val: 0x00000000
In clock cycle: 369
Register Write to Reg: 0x0A Val: 0x00000002
In clock cycle: 370
Register Write to Reg: 0x0B Val: 0x00000002
In clock cycle: 373
Register Write to Reg: 0x0C Val: 0x00000008
In clock cycle: 374
Register Write to Reg: 0x0D Val: 0x10010008
In clock cycle: 375
Register Write to Reg: 0x0E Val: 0x00000004
In clock cycle: 376
Register Write to Reg: 0x0F Val: 0x00000002
In clock cycle: 377
Register Write to Reg: 0x01 Val: 0x00000001
In clock cycle: 379
Memory Write to Addr: 0x10010008 Val: 0x00000002
In clock cycle: 380
Memory Write to Addr: 0x1001000C Val: 0x00000004
In clock cycle: 381
Register Write to Reg: 0x0A Val: 0x00000003
In clock cycle: 382
Register Write to Reg: 0x0B Val: 0x00000001
In clock cycle: 385
Register Write to Reg: 0x0C Val: 0x0000000C
In clock cycle: 386
Register Write to Reg: 0x0D Val: 0x1001000C
In clock cycle: 387
Register Write to Reg: 0x0E Val: 0x00000004
In clock cycle: 388
Register Write to Reg: 0x0F Val: 0x00000005
In clock cycle: 389
Register Write to Reg: 0x01 Val: 0x00000000
In clock cycle: 391
Register Write to Reg: 0x0A Val: 0x00000004
In clock cycle: 392
Register Write to Reg: 0x0B Val: 0x00000000
In clock cycle: 395
Register Write to Reg: 0x08 Val: 0x00000004
In clock cycle: 396
Register Write to Reg: 0x01 Val: 0x00000001
In clock cycle: 398
Register Write to Reg: 0x0A Val: 0x00000000
In clock cycle: 399
Register Write to Reg: 0x0B Val: 0x00000004
In clock cycle: 400
Register Write to Reg: 0x0B Val: 0x00000003
In clock cycle: 402
Register Write to Reg: 0x0C Val: 0x00000000
In clock cycle: 403
Register Write to Reg: 0x0D Val: 0x10010000
In clock cycle: 404
Register Write to Reg: 0x0E Val: 0x00000001
In clock cycle: 405
Register Write to Reg: 0x0F Val: 0x00000003
In clock cycle: 406
Register Write to Reg: 0x01 Val: 0x00000000
In clock cycle: 408
Register Write to Reg: 0x0A Val: 0x00000001
In clock cycle: 409
Register Write to Reg: 0x0B Val: 0x00000002
In clock cycle: 412
Register Write to Reg: 0x0C Val: 0x00000004
In clock cycle: 413
Register Write to Reg: 0x0D Val: 0x10010004
In clock cycle: 414
Register Write to Reg: 0x0E Val: 0x00000003
In clock cycle: 415
Register Write to Reg: 0x0F Val: 0x00000002
In clock cycle: 416
Register Write to Reg: 0x01 Val: 0x00000001
In clock cycle: 418
Memory Write to Addr: 0x10010004 Val: 0x00000002
In clock cycle: 419
Memory Write to Addr: 0x10010008 Val: 0x00000003
In clock cycle: 420
Register Write to Reg: 0x0A Val: 0x00000002
In clock cycle: 421
Register Write to Reg: 0x0B Val: 0x00000001
In clock cycle: 424
Register Write to Reg: 0x0C Val: 0x00000008
In clock cycle: 425
Register Write to Reg: 0x0D Val: 0x10010008
In clock cycle: 426
Register Write to Reg: 0x0E Val: 0x00000003
In clock cycle: 427
Register Write to Reg: 0x0F Val: 0x00000004
In clock cycle: 428
Register Write to Reg: 0x01 Val: 0x00000000
In clock cycle: 430
Register Write to Reg: 0x0A Val: 0x00000003
In clock cycle: 431
Register Write to Reg: 0x0B Val: 0x00000000
In clock cycle: 434
Register Write to Reg: 0x08 Val: 0x00000003
In clock cycle: 435
Register Write to Reg: 0x01 Val: 0x00000001
In clock cycle: 437
Register Write to Reg: 0x0A Val: 0x00000000
In clock cycle: 438
Register Write to Reg: 0x0B Val: 0x00000003
In clock cycle: 439
Register Write to Reg: 0x0B Val: 0x00000002
In clock cycle: 441
Register Write to Reg: 0x0C Val: 0x00000000
In clock cycle: 442
Register Write to Reg: 0x0D Val: 0x10010000
In clock cycle: 443
Register Write to Reg: 0x0E Val: 0x00000001
In clock cycle: 444
Register Write to Reg: 0x0F Val: 0x00000002
In clock cycle: 445
Register Write to Reg: 0x01 Val: 0x00000000
In clock cycle: 447
Register Write to Reg: 0x0A Val: 0x00000001
In clock cycle: 448
Register Write to Reg: 0x0B Val: 0x00000001
In clock cycle: 451
Register Write to Reg: 0x0C Val: 0x00000004
In clock cycle: 452
Register Write to Reg: 0x0D Val: 0x10010004
In clock cycle: 453
Register Write to Reg: 0x0E Val: 0x00000002
In clock cycle: 454
Register Write to Reg: 0x0F Val: 0x00000003
In clock cycle: 455
Register Write to Reg: 0x01 Val: 0x00000000
In clock cycle: 457
Register Write to Reg: 0x0A Val: 0x00000002
In clock cycle: 458
Register Write to Reg: 0x0B Val: 0x00000000
In clock cycle: 461
Register Write to Reg: 0x08 Val: 0x00000002
In clock cycle: 462
Register Write to Reg: 0x01 Val: 0x00000001
In clock cycle: 464
Register Write to Reg: 0x0A Val: 0x00000000
In clock cycle: 465
Register Write to Reg: 0x0B Val: 0x00000002
In clock cycle: 466
Register Write to Reg: 0x0B Val: 0x00000001
In clock cycle: 468
Register Write to Reg: 0x0C Val: 0x00000000
In clock cycle: 469
Register Write to Reg: 0x0D Val: 0x10010000
In clock cycle: 470
Register Write to Reg: 0x0E Val: 0x00000001
In clock cycle: 471
Register Write to Reg: 0x0F Val: 0x00000002
In clock cycle: 472
Register Write to Reg: 0x01 Val: 0x00000000
In clock cycle: 474
Register Write to Reg: 0x0A Val: 0x00000001
In clock cycle: 475
Register Write to Reg: 0x0B Val: 0x00000000
In clock cycle: 478
Register Write to Reg: 0x08 Val: 0x00000001
In clock cycle: 479
Register Write to Reg: 0x01 Val: 0x00000001
In clock cycle: 481
Register Write to Reg: 0x0A Val: 0x00000000
In clock cycle: 482
Register Write to Reg: 0x0B Val: 0x00000001
In clock cycle: 483
Register Write to Reg: 0x0B Val: 0x00000000
In clock cycle: 485
Register Write to Reg: 0x08 Val: 0x00000000
In clock cycle: 486
Register Write to Reg: 0x01 Val: 0x00000000
Execution is stopping! Clock Cycle: 489
