[inst #1] addi $8,$0,9
Register Write to Reg: 0x08 Val: 0x00000009
[inst #2] lui $1,4097
Register Write to Reg: 0x01 Val: 0x10010000
[inst #3] nop 
[inst #4] nop 
[inst #5] ori $9,$1,0
Register Write to Reg: 0x09 Val: 0x10010000
[inst #6] addiu $10,$0,9
Register Write to Reg: 0x0A Val: 0x00000009
[inst #7] addiu $10,$0,9
Register Write to Reg: 0x0A Val: 0x00000009
[inst #8] addiu $11,$0,3
Register Write to Reg: 0x0B Val: 0x00000003
[inst #9] addiu $12,$0,7
Register Write to Reg: 0x0C Val: 0x00000007
[inst #10] sw $10,0($9)
Memory Write to Addr: 0x10010000 Val: 0x00000009
[inst #11] sw $11,4($9)
Memory Write to Addr: 0x10010004 Val: 0x00000003
[inst #12] sw $12,8($9)
Memory Write to Addr: 0x10010008 Val: 0x00000007
[inst #13] addiu $13,$0,1
Register Write to Reg: 0x0D Val: 0x00000001
[inst #14] addiu $14,$0,8
Register Write to Reg: 0x0E Val: 0x00000008
[inst #15] addiu $15,$0,5
Register Write to Reg: 0x0F Val: 0x00000005
[inst #16] sw $13,12($9)
Memory Write to Addr: 0x1001000C Val: 0x00000001
[inst #17] sw $14,16($9)
Memory Write to Addr: 0x10010010 Val: 0x00000008
[inst #18] sw $15,20($9)
Memory Write to Addr: 0x10010014 Val: 0x00000005
[inst #19] addiu $24,$0,4
Register Write to Reg: 0x18 Val: 0x00000004
[inst #20] addiu $25,$0,2
Register Write to Reg: 0x19 Val: 0x00000002
[inst #21] addiu $11,$0,6
Register Write to Reg: 0x0B Val: 0x00000006
[inst #22] sw $24,24($9)
Memory Write to Addr: 0x10010018 Val: 0x00000004
[inst #23] sw $25,28($9)
Memory Write to Addr: 0x1001001C Val: 0x00000002
[inst #24] sw $11,32($9)
Memory Write to Addr: 0x10010020 Val: 0x00000006
[inst #25] add $10,$0,$0
Register Write to Reg: 0x0A Val: 0x00000000
[inst #26] nop 
[inst #27] nop 
[inst #28] sub $11,$8,$10
Register Write to Reg: 0x0B Val: 0x00000009
[inst #29] nop 
[inst #30] nop 
[inst #31] addi $11,$11,-1
Register Write to Reg: 0x0B Val: 0x00000008
[inst #32] beq $11,$0,25
[inst #33] nop 
[inst #34] nop 
[inst #35] sll $12,$10,2
Register Write to Reg: 0x0C Val: 0x00000000
[inst #36] nop 
[inst #37] nop 
[inst #38] add $13,$9,$12
Register Write to Reg: 0x0D Val: 0x10010000
[inst #39] nop 
[inst #40] nop 
[inst #41] lw $14,0($13)
Register Write to Reg: 0x0E Val: 0x00000009
[inst #42] lw $15,4($13)
Register Write to Reg: 0x0F Val: 0x00000003
[inst #43] nop 
[inst #44] nop 
[inst #45] slt $1,$15,$14
Register Write to Reg: 0x01 Val: 0x00000001
[inst #46] nop 
[inst #47] nop 
[inst #48] beq $1,$0,4
[inst #49] nop 
[inst #50] nop 
[inst #51] sw $15,0($13)
Memory Write to Addr: 0x10010000 Val: 0x00000003
[inst #52] sw $14,4($13)
Memory Write to Addr: 0x10010004 Val: 0x00000009
[inst #53] addi $11,$11,-1
Register Write to Reg: 0x0B Val: 0x00000007
[inst #54] addi $10,$10,1
Register Write to Reg: 0x0A Val: 0x00000001
[inst #55] j 4194428
[inst #56] beq $11,$0,25
[inst #57] nop 
[inst #58] nop 
[inst #59] sll $12,$10,2
Register Write to Reg: 0x0C Val: 0x00000004
[inst #60] nop 
[inst #61] nop 
[inst #62] add $13,$9,$12
Register Write to Reg: 0x0D Val: 0x10010004
[inst #63] nop 
[inst #64] nop 
[inst #65] lw $14,0($13)
Register Write to Reg: 0x0E Val: 0x00000009
[inst #66] lw $15,4($13)
Register Write to Reg: 0x0F Val: 0x00000007
[inst #67] nop 
[inst #68] nop 
[inst #69] slt $1,$15,$14
Register Write to Reg: 0x01 Val: 0x00000001
[inst #70] nop 
[inst #71] nop 
[inst #72] beq $1,$0,4
[inst #73] nop 
[inst #74] nop 
[inst #75] sw $15,0($13)
Memory Write to Addr: 0x10010004 Val: 0x00000007
[inst #76] sw $14,4($13)
Memory Write to Addr: 0x10010008 Val: 0x00000009
[inst #77] addi $11,$11,-1
Register Write to Reg: 0x0B Val: 0x00000006
[inst #78] addi $10,$10,1
Register Write to Reg: 0x0A Val: 0x00000002
[inst #79] j 4194428
[inst #80] beq $11,$0,25
[inst #81] nop 
[inst #82] nop 
[inst #83] sll $12,$10,2
Register Write to Reg: 0x0C Val: 0x00000008
[inst #84] nop 
[inst #85] nop 
[inst #86] add $13,$9,$12
Register Write to Reg: 0x0D Val: 0x10010008
[inst #87] nop 
[inst #88] nop 
[inst #89] lw $14,0($13)
Register Write to Reg: 0x0E Val: 0x00000009
[inst #90] lw $15,4($13)
Register Write to Reg: 0x0F Val: 0x00000001
[inst #91] nop 
[inst #92] nop 
[inst #93] slt $1,$15,$14
Register Write to Reg: 0x01 Val: 0x00000001
[inst #94] nop 
[inst #95] nop 
[inst #96] beq $1,$0,4
[inst #97] nop 
[inst #98] nop 
[inst #99] sw $15,0($13)
Memory Write to Addr: 0x10010008 Val: 0x00000001
[inst #100] sw $14,4($13)
Memory Write to Addr: 0x1001000C Val: 0x00000009
[inst #101] addi $11,$11,-1
Register Write to Reg: 0x0B Val: 0x00000005
[inst #102] addi $10,$10,1
Register Write to Reg: 0x0A Val: 0x00000003
[inst #103] j 4194428
[inst #104] beq $11,$0,25
[inst #105] nop 
[inst #106] nop 
[inst #107] sll $12,$10,2
Register Write to Reg: 0x0C Val: 0x0000000C
[inst #108] nop 
[inst #109] nop 
[inst #110] add $13,$9,$12
Register Write to Reg: 0x0D Val: 0x1001000C
[inst #111] nop 
[inst #112] nop 
[inst #113] lw $14,0($13)
Register Write to Reg: 0x0E Val: 0x00000009
[inst #114] lw $15,4($13)
Register Write to Reg: 0x0F Val: 0x00000008
[inst #115] nop 
[inst #116] nop 
[inst #117] slt $1,$15,$14
Register Write to Reg: 0x01 Val: 0x00000001
[inst #118] nop 
[inst #119] nop 
[inst #120] beq $1,$0,4
[inst #121] nop 
[inst #122] nop 
[inst #123] sw $15,0($13)
Memory Write to Addr: 0x1001000C Val: 0x00000008
[inst #124] sw $14,4($13)
Memory Write to Addr: 0x10010010 Val: 0x00000009
[inst #125] addi $11,$11,-1
Register Write to Reg: 0x0B Val: 0x00000004
[inst #126] addi $10,$10,1
Register Write to Reg: 0x0A Val: 0x00000004
[inst #127] j 4194428
[inst #128] beq $11,$0,25
[inst #129] nop 
[inst #130] nop 
[inst #131] sll $12,$10,2
Register Write to Reg: 0x0C Val: 0x00000010
[inst #132] nop 
[inst #133] nop 
[inst #134] add $13,$9,$12
Register Write to Reg: 0x0D Val: 0x10010010
[inst #135] nop 
[inst #136] nop 
[inst #137] lw $14,0($13)
Register Write to Reg: 0x0E Val: 0x00000009
[inst #138] lw $15,4($13)
Register Write to Reg: 0x0F Val: 0x00000005
[inst #139] nop 
[inst #140] nop 
[inst #141] slt $1,$15,$14
Register Write to Reg: 0x01 Val: 0x00000001
[inst #142] nop 
[inst #143] nop 
[inst #144] beq $1,$0,4
[inst #145] nop 
[inst #146] nop 
[inst #147] sw $15,0($13)
Memory Write to Addr: 0x10010010 Val: 0x00000005
[inst #148] sw $14,4($13)
Memory Write to Addr: 0x10010014 Val: 0x00000009
[inst #149] addi $11,$11,-1
Register Write to Reg: 0x0B Val: 0x00000003
[inst #150] addi $10,$10,1
Register Write to Reg: 0x0A Val: 0x00000005
[inst #151] j 4194428
[inst #152] beq $11,$0,25
[inst #153] nop 
[inst #154] nop 
[inst #155] sll $12,$10,2
Register Write to Reg: 0x0C Val: 0x00000014
[inst #156] nop 
[inst #157] nop 
[inst #158] add $13,$9,$12
Register Write to Reg: 0x0D Val: 0x10010014
[inst #159] nop 
[inst #160] nop 
[inst #161] lw $14,0($13)
Register Write to Reg: 0x0E Val: 0x00000009
[inst #162] lw $15,4($13)
Register Write to Reg: 0x0F Val: 0x00000004
[inst #163] nop 
[inst #164] nop 
[inst #165] slt $1,$15,$14
Register Write to Reg: 0x01 Val: 0x00000001
[inst #166] nop 
[inst #167] nop 
[inst #168] beq $1,$0,4
[inst #169] nop 
[inst #170] nop 
[inst #171] sw $15,0($13)
Memory Write to Addr: 0x10010014 Val: 0x00000004
[inst #172] sw $14,4($13)
Memory Write to Addr: 0x10010018 Val: 0x00000009
[inst #173] addi $11,$11,-1
Register Write to Reg: 0x0B Val: 0x00000002
[inst #174] addi $10,$10,1
Register Write to Reg: 0x0A Val: 0x00000006
[inst #175] j 4194428
[inst #176] beq $11,$0,25
[inst #177] nop 
[inst #178] nop 
[inst #179] sll $12,$10,2
Register Write to Reg: 0x0C Val: 0x00000018
[inst #180] nop 
[inst #181] nop 
[inst #182] add $13,$9,$12
Register Write to Reg: 0x0D Val: 0x10010018
[inst #183] nop 
[inst #184] nop 
[inst #185] lw $14,0($13)
Register Write to Reg: 0x0E Val: 0x00000009
[inst #186] lw $15,4($13)
Register Write to Reg: 0x0F Val: 0x00000002
[inst #187] nop 
[inst #188] nop 
[inst #189] slt $1,$15,$14
Register Write to Reg: 0x01 Val: 0x00000001
[inst #190] nop 
[inst #191] nop 
[inst #192] beq $1,$0,4
[inst #193] nop 
[inst #194] nop 
[inst #195] sw $15,0($13)
Memory Write to Addr: 0x10010018 Val: 0x00000002
[inst #196] sw $14,4($13)
Memory Write to Addr: 0x1001001C Val: 0x00000009
[inst #197] addi $11,$11,-1
Register Write to Reg: 0x0B Val: 0x00000001
[inst #198] addi $10,$10,1
Register Write to Reg: 0x0A Val: 0x00000007
[inst #199] j 4194428
[inst #200] beq $11,$0,25
[inst #201] nop 
[inst #202] nop 
[inst #203] sll $12,$10,2
Register Write to Reg: 0x0C Val: 0x0000001C
[inst #204] nop 
[inst #205] nop 
[inst #206] add $13,$9,$12
Register Write to Reg: 0x0D Val: 0x1001001C
[inst #207] nop 
[inst #208] nop 
[inst #209] lw $14,0($13)
Register Write to Reg: 0x0E Val: 0x00000009
[inst #210] lw $15,4($13)
Register Write to Reg: 0x0F Val: 0x00000006
[inst #211] nop 
[inst #212] nop 
[inst #213] slt $1,$15,$14
Register Write to Reg: 0x01 Val: 0x00000001
[inst #214] nop 
[inst #215] nop 
[inst #216] beq $1,$0,4
[inst #217] nop 
[inst #218] nop 
[inst #219] sw $15,0($13)
Memory Write to Addr: 0x1001001C Val: 0x00000006
[inst #220] sw $14,4($13)
Memory Write to Addr: 0x10010020 Val: 0x00000009
[inst #221] addi $11,$11,-1
Register Write to Reg: 0x0B Val: 0x00000000
[inst #222] addi $10,$10,1
Register Write to Reg: 0x0A Val: 0x00000008
[inst #223] j 4194428
[inst #224] beq $11,$0,25
[inst #225] addi $8,$8,-1
Register Write to Reg: 0x08 Val: 0x00000008
[inst #226] bne $1,$0,-35
[inst #227] add $10,$0,$0
Register Write to Reg: 0x0A Val: 0x00000000
[inst #228] nop 
[inst #229] nop 
[inst #230] sub $11,$8,$10
Register Write to Reg: 0x0B Val: 0x00000008
[inst #231] nop 
[inst #232] nop 
[inst #233] addi $11,$11,-1
Register Write to Reg: 0x0B Val: 0x00000007
[inst #234] beq $11,$0,25
[inst #235] nop 
[inst #236] nop 
[inst #237] sll $12,$10,2
Register Write to Reg: 0x0C Val: 0x00000000
[inst #238] nop 
[inst #239] nop 
[inst #240] add $13,$9,$12
Register Write to Reg: 0x0D Val: 0x10010000
[inst #241] nop 
[inst #242] nop 
[inst #243] lw $14,0($13)
Register Write to Reg: 0x0E Val: 0x00000003
[inst #244] lw $15,4($13)
Register Write to Reg: 0x0F Val: 0x00000007
[inst #245] nop 
[inst #246] nop 
[inst #247] slt $1,$15,$14
Register Write to Reg: 0x01 Val: 0x00000000
[inst #248] nop 
[inst #249] nop 
[inst #250] beq $1,$0,4
[inst #251] addi $11,$11,-1
Register Write to Reg: 0x0B Val: 0x00000006
[inst #252] addi $10,$10,1
Register Write to Reg: 0x0A Val: 0x00000001
[inst #253] j 4194428
[inst #254] beq $11,$0,25
[inst #255] nop 
[inst #256] nop 
[inst #257] sll $12,$10,2
Register Write to Reg: 0x0C Val: 0x00000004
[inst #258] nop 
[inst #259] nop 
[inst #260] add $13,$9,$12
Register Write to Reg: 0x0D Val: 0x10010004
[inst #261] nop 
[inst #262] nop 
[inst #263] lw $14,0($13)
Register Write to Reg: 0x0E Val: 0x00000007
[inst #264] lw $15,4($13)
Register Write to Reg: 0x0F Val: 0x00000001
[inst #265] nop 
[inst #266] nop 
[inst #267] slt $1,$15,$14
Register Write to Reg: 0x01 Val: 0x00000001
[inst #268] nop 
[inst #269] nop 
[inst #270] beq $1,$0,4
[inst #271] nop 
[inst #272] nop 
[inst #273] sw $15,0($13)
Memory Write to Addr: 0x10010004 Val: 0x00000001
[inst #274] sw $14,4($13)
Memory Write to Addr: 0x10010008 Val: 0x00000007
[inst #275] addi $11,$11,-1
Register Write to Reg: 0x0B Val: 0x00000005
[inst #276] addi $10,$10,1
Register Write to Reg: 0x0A Val: 0x00000002
[inst #277] j 4194428
[inst #278] beq $11,$0,25
[inst #279] nop 
[inst #280] nop 
[inst #281] sll $12,$10,2
Register Write to Reg: 0x0C Val: 0x00000008
[inst #282] nop 
[inst #283] nop 
[inst #284] add $13,$9,$12
Register Write to Reg: 0x0D Val: 0x10010008
[inst #285] nop 
[inst #286] nop 
[inst #287] lw $14,0($13)
Register Write to Reg: 0x0E Val: 0x00000007
[inst #288] lw $15,4($13)
Register Write to Reg: 0x0F Val: 0x00000008
[inst #289] nop 
[inst #290] nop 
[inst #291] slt $1,$15,$14
Register Write to Reg: 0x01 Val: 0x00000000
[inst #292] nop 
[inst #293] nop 
[inst #294] beq $1,$0,4
[inst #295] addi $11,$11,-1
Register Write to Reg: 0x0B Val: 0x00000004
[inst #296] addi $10,$10,1
Register Write to Reg: 0x0A Val: 0x00000003
[inst #297] j 4194428
[inst #298] beq $11,$0,25
[inst #299] nop 
[inst #300] nop 
[inst #301] sll $12,$10,2
Register Write to Reg: 0x0C Val: 0x0000000C
[inst #302] nop 
[inst #303] nop 
[inst #304] add $13,$9,$12
Register Write to Reg: 0x0D Val: 0x1001000C
[inst #305] nop 
[inst #306] nop 
[inst #307] lw $14,0($13)
Register Write to Reg: 0x0E Val: 0x00000008
[inst #308] lw $15,4($13)
Register Write to Reg: 0x0F Val: 0x00000005
[inst #309] nop 
[inst #310] nop 
[inst #311] slt $1,$15,$14
Register Write to Reg: 0x01 Val: 0x00000001
[inst #312] nop 
[inst #313] nop 
[inst #314] beq $1,$0,4
[inst #315] nop 
[inst #316] nop 
[inst #317] sw $15,0($13)
Memory Write to Addr: 0x1001000C Val: 0x00000005
[inst #318] sw $14,4($13)
Memory Write to Addr: 0x10010010 Val: 0x00000008
[inst #319] addi $11,$11,-1
Register Write to Reg: 0x0B Val: 0x00000003
[inst #320] addi $10,$10,1
Register Write to Reg: 0x0A Val: 0x00000004
[inst #321] j 4194428
[inst #322] beq $11,$0,25
[inst #323] nop 
[inst #324] nop 
[inst #325] sll $12,$10,2
Register Write to Reg: 0x0C Val: 0x00000010
[inst #326] nop 
[inst #327] nop 
[inst #328] add $13,$9,$12
Register Write to Reg: 0x0D Val: 0x10010010
[inst #329] nop 
[inst #330] nop 
[inst #331] lw $14,0($13)
Register Write to Reg: 0x0E Val: 0x00000008
[inst #332] lw $15,4($13)
Register Write to Reg: 0x0F Val: 0x00000004
[inst #333] nop 
[inst #334] nop 
[inst #335] slt $1,$15,$14
Register Write to Reg: 0x01 Val: 0x00000001
[inst #336] nop 
[inst #337] nop 
[inst #338] beq $1,$0,4
[inst #339] nop 
[inst #340] nop 
[inst #341] sw $15,0($13)
Memory Write to Addr: 0x10010010 Val: 0x00000004
[inst #342] sw $14,4($13)
Memory Write to Addr: 0x10010014 Val: 0x00000008
[inst #343] addi $11,$11,-1
Register Write to Reg: 0x0B Val: 0x00000002
[inst #344] addi $10,$10,1
Register Write to Reg: 0x0A Val: 0x00000005
[inst #345] j 4194428
[inst #346] beq $11,$0,25
[inst #347] nop 
[inst #348] nop 
[inst #349] sll $12,$10,2
Register Write to Reg: 0x0C Val: 0x00000014
[inst #350] nop 
[inst #351] nop 
[inst #352] add $13,$9,$12
Register Write to Reg: 0x0D Val: 0x10010014
[inst #353] nop 
[inst #354] nop 
[inst #355] lw $14,0($13)
Register Write to Reg: 0x0E Val: 0x00000008
[inst #356] lw $15,4($13)
Register Write to Reg: 0x0F Val: 0x00000002
[inst #357] nop 
[inst #358] nop 
[inst #359] slt $1,$15,$14
Register Write to Reg: 0x01 Val: 0x00000001
[inst #360] nop 
[inst #361] nop 
[inst #362] beq $1,$0,4
[inst #363] nop 
[inst #364] nop 
[inst #365] sw $15,0($13)
Memory Write to Addr: 0x10010014 Val: 0x00000002
[inst #366] sw $14,4($13)
Memory Write to Addr: 0x10010018 Val: 0x00000008
[inst #367] addi $11,$11,-1
Register Write to Reg: 0x0B Val: 0x00000001
[inst #368] addi $10,$10,1
Register Write to Reg: 0x0A Val: 0x00000006
[inst #369] j 4194428
[inst #370] beq $11,$0,25
[inst #371] nop 
[inst #372] nop 
[inst #373] sll $12,$10,2
Register Write to Reg: 0x0C Val: 0x00000018
[inst #374] nop 
[inst #375] nop 
[inst #376] add $13,$9,$12
Register Write to Reg: 0x0D Val: 0x10010018
[inst #377] nop 
[inst #378] nop 
[inst #379] lw $14,0($13)
Register Write to Reg: 0x0E Val: 0x00000008
[inst #380] lw $15,4($13)
Register Write to Reg: 0x0F Val: 0x00000006
[inst #381] nop 
[inst #382] nop 
[inst #383] slt $1,$15,$14
Register Write to Reg: 0x01 Val: 0x00000001
[inst #384] nop 
[inst #385] nop 
[inst #386] beq $1,$0,4
[inst #387] nop 
[inst #388] nop 
[inst #389] sw $15,0($13)
Memory Write to Addr: 0x10010018 Val: 0x00000006
[inst #390] sw $14,4($13)
Memory Write to Addr: 0x1001001C Val: 0x00000008
[inst #391] addi $11,$11,-1
Register Write to Reg: 0x0B Val: 0x00000000
[inst #392] addi $10,$10,1
Register Write to Reg: 0x0A Val: 0x00000007
[inst #393] j 4194428
[inst #394] beq $11,$0,25
[inst #395] addi $8,$8,-1
Register Write to Reg: 0x08 Val: 0x00000007
[inst #396] bne $1,$0,-35
[inst #397] add $10,$0,$0
Register Write to Reg: 0x0A Val: 0x00000000
[inst #398] nop 
[inst #399] nop 
[inst #400] sub $11,$8,$10
Register Write to Reg: 0x0B Val: 0x00000007
[inst #401] nop 
[inst #402] nop 
[inst #403] addi $11,$11,-1
Register Write to Reg: 0x0B Val: 0x00000006
[inst #404] beq $11,$0,25
[inst #405] nop 
[inst #406] nop 
[inst #407] sll $12,$10,2
Register Write to Reg: 0x0C Val: 0x00000000
[inst #408] nop 
[inst #409] nop 
[inst #410] add $13,$9,$12
Register Write to Reg: 0x0D Val: 0x10010000
[inst #411] nop 
[inst #412] nop 
[inst #413] lw $14,0($13)
Register Write to Reg: 0x0E Val: 0x00000003
[inst #414] lw $15,4($13)
Register Write to Reg: 0x0F Val: 0x00000001
[inst #415] nop 
[inst #416] nop 
[inst #417] slt $1,$15,$14
Register Write to Reg: 0x01 Val: 0x00000001
[inst #418] nop 
[inst #419] nop 
[inst #420] beq $1,$0,4
[inst #421] nop 
[inst #422] nop 
[inst #423] sw $15,0($13)
Memory Write to Addr: 0x10010000 Val: 0x00000001
[inst #424] sw $14,4($13)
Memory Write to Addr: 0x10010004 Val: 0x00000003
[inst #425] addi $11,$11,-1
Register Write to Reg: 0x0B Val: 0x00000005
[inst #426] addi $10,$10,1
Register Write to Reg: 0x0A Val: 0x00000001
[inst #427] j 4194428
[inst #428] beq $11,$0,25
[inst #429] nop 
[inst #430] nop 
[inst #431] sll $12,$10,2
Register Write to Reg: 0x0C Val: 0x00000004
[inst #432] nop 
[inst #433] nop 
[inst #434] add $13,$9,$12
Register Write to Reg: 0x0D Val: 0x10010004
[inst #435] nop 
[inst #436] nop 
[inst #437] lw $14,0($13)
Register Write to Reg: 0x0E Val: 0x00000003
[inst #438] lw $15,4($13)
Register Write to Reg: 0x0F Val: 0x00000007
[inst #439] nop 
[inst #440] nop 
[inst #441] slt $1,$15,$14
Register Write to Reg: 0x01 Val: 0x00000000
[inst #442] nop 
[inst #443] nop 
[inst #444] beq $1,$0,4
[inst #445] addi $11,$11,-1
Register Write to Reg: 0x0B Val: 0x00000004
[inst #446] addi $10,$10,1
Register Write to Reg: 0x0A Val: 0x00000002
[inst #447] j 4194428
[inst #448] beq $11,$0,25
[inst #449] nop 
[inst #450] nop 
[inst #451] sll $12,$10,2
Register Write to Reg: 0x0C Val: 0x00000008
[inst #452] nop 
[inst #453] nop 
[inst #454] add $13,$9,$12
Register Write to Reg: 0x0D Val: 0x10010008
[inst #455] nop 
[inst #456] nop 
[inst #457] lw $14,0($13)
Register Write to Reg: 0x0E Val: 0x00000007
[inst #458] lw $15,4($13)
Register Write to Reg: 0x0F Val: 0x00000005
[inst #459] nop 
[inst #460] nop 
[inst #461] slt $1,$15,$14
Register Write to Reg: 0x01 Val: 0x00000001
[inst #462] nop 
[inst #463] nop 
[inst #464] beq $1,$0,4
[inst #465] nop 
[inst #466] nop 
[inst #467] sw $15,0($13)
Memory Write to Addr: 0x10010008 Val: 0x00000005
[inst #468] sw $14,4($13)
Memory Write to Addr: 0x1001000C Val: 0x00000007
[inst #469] addi $11,$11,-1
Register Write to Reg: 0x0B Val: 0x00000003
[inst #470] addi $10,$10,1
Register Write to Reg: 0x0A Val: 0x00000003
[inst #471] j 4194428
[inst #472] beq $11,$0,25
[inst #473] nop 
[inst #474] nop 
[inst #475] sll $12,$10,2
Register Write to Reg: 0x0C Val: 0x0000000C
[inst #476] nop 
[inst #477] nop 
[inst #478] add $13,$9,$12
Register Write to Reg: 0x0D Val: 0x1001000C
[inst #479] nop 
[inst #480] nop 
[inst #481] lw $14,0($13)
Register Write to Reg: 0x0E Val: 0x00000007
[inst #482] lw $15,4($13)
Register Write to Reg: 0x0F Val: 0x00000004
[inst #483] nop 
[inst #484] nop 
[inst #485] slt $1,$15,$14
Register Write to Reg: 0x01 Val: 0x00000001
[inst #486] nop 
[inst #487] nop 
[inst #488] beq $1,$0,4
[inst #489] nop 
[inst #490] nop 
[inst #491] sw $15,0($13)
Memory Write to Addr: 0x1001000C Val: 0x00000004
[inst #492] sw $14,4($13)
Memory Write to Addr: 0x10010010 Val: 0x00000007
[inst #493] addi $11,$11,-1
Register Write to Reg: 0x0B Val: 0x00000002
[inst #494] addi $10,$10,1
Register Write to Reg: 0x0A Val: 0x00000004
[inst #495] j 4194428
[inst #496] beq $11,$0,25
[inst #497] nop 
[inst #498] nop 
[inst #499] sll $12,$10,2
Register Write to Reg: 0x0C Val: 0x00000010
[inst #500] nop 
[inst #501] nop 
[inst #502] add $13,$9,$12
Register Write to Reg: 0x0D Val: 0x10010010
[inst #503] nop 
[inst #504] nop 
[inst #505] lw $14,0($13)
Register Write to Reg: 0x0E Val: 0x00000007
[inst #506] lw $15,4($13)
Register Write to Reg: 0x0F Val: 0x00000002
[inst #507] nop 
[inst #508] nop 
[inst #509] slt $1,$15,$14
Register Write to Reg: 0x01 Val: 0x00000001
[inst #510] nop 
[inst #511] nop 
[inst #512] beq $1,$0,4
[inst #513] nop 
[inst #514] nop 
[inst #515] sw $15,0($13)
Memory Write to Addr: 0x10010010 Val: 0x00000002
[inst #516] sw $14,4($13)
Memory Write to Addr: 0x10010014 Val: 0x00000007
[inst #517] addi $11,$11,-1
Register Write to Reg: 0x0B Val: 0x00000001
[inst #518] addi $10,$10,1
Register Write to Reg: 0x0A Val: 0x00000005
[inst #519] j 4194428
[inst #520] beq $11,$0,25
[inst #521] nop 
[inst #522] nop 
[inst #523] sll $12,$10,2
Register Write to Reg: 0x0C Val: 0x00000014
[inst #524] nop 
[inst #525] nop 
[inst #526] add $13,$9,$12
Register Write to Reg: 0x0D Val: 0x10010014
[inst #527] nop 
[inst #528] nop 
[inst #529] lw $14,0($13)
Register Write to Reg: 0x0E Val: 0x00000007
[inst #530] lw $15,4($13)
Register Write to Reg: 0x0F Val: 0x00000006
[inst #531] nop 
[inst #532] nop 
[inst #533] slt $1,$15,$14
Register Write to Reg: 0x01 Val: 0x00000001
[inst #534] nop 
[inst #535] nop 
[inst #536] beq $1,$0,4
[inst #537] nop 
[inst #538] nop 
[inst #539] sw $15,0($13)
Memory Write to Addr: 0x10010014 Val: 0x00000006
[inst #540] sw $14,4($13)
Memory Write to Addr: 0x10010018 Val: 0x00000007
[inst #541] addi $11,$11,-1
Register Write to Reg: 0x0B Val: 0x00000000
[inst #542] addi $10,$10,1
Register Write to Reg: 0x0A Val: 0x00000006
[inst #543] j 4194428
[inst #544] beq $11,$0,25
[inst #545] addi $8,$8,-1
Register Write to Reg: 0x08 Val: 0x00000006
[inst #546] bne $1,$0,-35
[inst #547] add $10,$0,$0
Register Write to Reg: 0x0A Val: 0x00000000
[inst #548] nop 
[inst #549] nop 
[inst #550] sub $11,$8,$10
Register Write to Reg: 0x0B Val: 0x00000006
[inst #551] nop 
[inst #552] nop 
[inst #553] addi $11,$11,-1
Register Write to Reg: 0x0B Val: 0x00000005
[inst #554] beq $11,$0,25
[inst #555] nop 
[inst #556] nop 
[inst #557] sll $12,$10,2
Register Write to Reg: 0x0C Val: 0x00000000
[inst #558] nop 
[inst #559] nop 
[inst #560] add $13,$9,$12
Register Write to Reg: 0x0D Val: 0x10010000
[inst #561] nop 
[inst #562] nop 
[inst #563] lw $14,0($13)
Register Write to Reg: 0x0E Val: 0x00000001
[inst #564] lw $15,4($13)
Register Write to Reg: 0x0F Val: 0x00000003
[inst #565] nop 
[inst #566] nop 
[inst #567] slt $1,$15,$14
Register Write to Reg: 0x01 Val: 0x00000000
[inst #568] nop 
[inst #569] nop 
[inst #570] beq $1,$0,4
[inst #571] addi $11,$11,-1
Register Write to Reg: 0x0B Val: 0x00000004
[inst #572] addi $10,$10,1
Register Write to Reg: 0x0A Val: 0x00000001
[inst #573] j 4194428
[inst #574] beq $11,$0,25
[inst #575] nop 
[inst #576] nop 
[inst #577] sll $12,$10,2
Register Write to Reg: 0x0C Val: 0x00000004
[inst #578] nop 
[inst #579] nop 
[inst #580] add $13,$9,$12
Register Write to Reg: 0x0D Val: 0x10010004
[inst #581] nop 
[inst #582] nop 
[inst #583] lw $14,0($13)
Register Write to Reg: 0x0E Val: 0x00000003
[inst #584] lw $15,4($13)
Register Write to Reg: 0x0F Val: 0x00000005
[inst #585] nop 
[inst #586] nop 
[inst #587] slt $1,$15,$14
Register Write to Reg: 0x01 Val: 0x00000000
[inst #588] nop 
[inst #589] nop 
[inst #590] beq $1,$0,4
[inst #591] addi $11,$11,-1
Register Write to Reg: 0x0B Val: 0x00000003
[inst #592] addi $10,$10,1
Register Write to Reg: 0x0A Val: 0x00000002
[inst #593] j 4194428
[inst #594] beq $11,$0,25
[inst #595] nop 
[inst #596] nop 
[inst #597] sll $12,$10,2
Register Write to Reg: 0x0C Val: 0x00000008
[inst #598] nop 
[inst #599] nop 
[inst #600] add $13,$9,$12
Register Write to Reg: 0x0D Val: 0x10010008
[inst #601] nop 
[inst #602] nop 
[inst #603] lw $14,0($13)
Register Write to Reg: 0x0E Val: 0x00000005
[inst #604] lw $15,4($13)
Register Write to Reg: 0x0F Val: 0x00000004
[inst #605] nop 
[inst #606] nop 
[inst #607] slt $1,$15,$14
Register Write to Reg: 0x01 Val: 0x00000001
[inst #608] nop 
[inst #609] nop 
[inst #610] beq $1,$0,4
[inst #611] nop 
[inst #612] nop 
[inst #613] sw $15,0($13)
Memory Write to Addr: 0x10010008 Val: 0x00000004
[inst #614] sw $14,4($13)
Memory Write to Addr: 0x1001000C Val: 0x00000005
[inst #615] addi $11,$11,-1
Register Write to Reg: 0x0B Val: 0x00000002
[inst #616] addi $10,$10,1
Register Write to Reg: 0x0A Val: 0x00000003
[inst #617] j 4194428
[inst #618] beq $11,$0,25
[inst #619] nop 
[inst #620] nop 
[inst #621] sll $12,$10,2
Register Write to Reg: 0x0C Val: 0x0000000C
[inst #622] nop 
[inst #623] nop 
[inst #624] add $13,$9,$12
Register Write to Reg: 0x0D Val: 0x1001000C
[inst #625] nop 
[inst #626] nop 
[inst #627] lw $14,0($13)
Register Write to Reg: 0x0E Val: 0x00000005
[inst #628] lw $15,4($13)
Register Write to Reg: 0x0F Val: 0x00000002
[inst #629] nop 
[inst #630] nop 
[inst #631] slt $1,$15,$14
Register Write to Reg: 0x01 Val: 0x00000001
[inst #632] nop 
[inst #633] nop 
[inst #634] beq $1,$0,4
[inst #635] nop 
[inst #636] nop 
[inst #637] sw $15,0($13)
Memory Write to Addr: 0x1001000C Val: 0x00000002
[inst #638] sw $14,4($13)
Memory Write to Addr: 0x10010010 Val: 0x00000005
[inst #639] addi $11,$11,-1
Register Write to Reg: 0x0B Val: 0x00000001
[inst #640] addi $10,$10,1
Register Write to Reg: 0x0A Val: 0x00000004
[inst #641] j 4194428
[inst #642] beq $11,$0,25
[inst #643] nop 
[inst #644] nop 
[inst #645] sll $12,$10,2
Register Write to Reg: 0x0C Val: 0x00000010
[inst #646] nop 
[inst #647] nop 
[inst #648] add $13,$9,$12
Register Write to Reg: 0x0D Val: 0x10010010
[inst #649] nop 
[inst #650] nop 
[inst #651] lw $14,0($13)
Register Write to Reg: 0x0E Val: 0x00000005
[inst #652] lw $15,4($13)
Register Write to Reg: 0x0F Val: 0x00000006
[inst #653] nop 
[inst #654] nop 
[inst #655] slt $1,$15,$14
Register Write to Reg: 0x01 Val: 0x00000000
[inst #656] nop 
[inst #657] nop 
[inst #658] beq $1,$0,4
[inst #659] addi $11,$11,-1
Register Write to Reg: 0x0B Val: 0x00000000
[inst #660] addi $10,$10,1
Register Write to Reg: 0x0A Val: 0x00000005
[inst #661] j 4194428
[inst #662] beq $11,$0,25
[inst #663] addi $8,$8,-1
Register Write to Reg: 0x08 Val: 0x00000005
[inst #664] bne $1,$0,-35
[inst #665] nop 
[inst #666] nop 
[inst #667] j 4194552
[inst #668] halt 

